{
  "scope": "Observed same-host drop/flow/layer timing. Regression decoding, not a simulated network fix.",
  "cases": [
    {
      "windowsServer": "2022",
      "port": "7D2CED1C-ED91-49F6-9FA0-0A2184B37676",
      "tuple": [
        "10.244.190.81",
        8081,
        "10.244.114.4",
        61440
      ],
      "dropHeader": "[00]1A1C.1A60::2026-09-09 03:15:50.891345000 [Microsoft-Windows-PktMon] Drop: PktGroupId 172171, PktNumber 1, Appearance 17, Direction Rx , Type IP , Component 74, Filter 1, DropReason Not locally destined , DropLocation 0xE0004136, OriginalSize 142, LoggedSize 142 ",
      "dropTimestamp": "2026-09-09 03:15:50.891345000",
      "nativeFlowXML": "<Event xmlns='http://schemas.microsoft.com/win/2004/08/events/event'><System><Provider Name='Microsoft-Windows-Hyper-V-VfpExt' Guid='{9f2660ea-cfe7-428f-9850-aeca612619b0}'/><EventID>600</EventID><Version>0</Version><Level>4</Level><Task>0</Task><Opcode>0</Opcode><Keywords>0x8000000000080000</Keywords><TimeCreated SystemTime='2026-09-09T03:15:50.8912263Z'/><EventRecordID>43530</EventRecordID><Correlation/><Execution ProcessID='6684' ThreadID='6752'/><Channel></Channel><Computer>EC2AMAZ-AESC6KN</Computer><Security/></System><EventData><Data Name='PortId'>3</Data><Data Name='Direction'>1</Data><Data Name='IsMain'>1</Data><Data Name='IsPending'>0</Data><Data Name='TNI'>0</Data><Data Name='VLAN'>0</Data><Data Name='NumEncaps'>1</Data><Data Name='EncapType0'>VXLAN</Data><Data Name='EncapSrcMacAddr0'>02-FF-D6-32-CE-F1</Data><Data Name='EncapDestMacAddr0'>02-FF-F6-B6-D8-ED</Data><Data Name='EncapSrcIpv4Addr0'>184551946</Data><Data Name='EncapDstIpv4Addr0'>402660780</Data><Data Name='TenantId0'>4096</Data><Data Name='EncryptVxlanId0'>0</Data><Data Name='EncapType1'>None</Data><Data Name='EncapSrcMacAddr1'></Data><Data Name='EncapDestMacAddr1'></Data><Data Name='EncapSrcIpv4Addr1'>0</Data><Data Name='EncapDstIpv4Addr1'>0</Data><Data Name='TenantId1'>0</Data><Data Name='EncryptVxlanId1'>0</Data><Data Name='IpProtocol'>17</Data><Data Name='SrcMacAddr'>66-29-27-B4-64-9C</Data><Data Name='DestMacAddr'>00-15-5D-3A-31-08</Data><Data Name='SrcIpv4Addr'>1371468810</Data><Data Name='DstIpv4Addr'>74642442</Data><Data Name='SrcPort'>37151</Data><Data Name='DstPort'>240</Data><Data Name='IsTcpSyn'>false</Data><Data Name='EncapTransposition0'>MacHeaderAction=Ignore, IpHeaderAction=Ignore, EncapHeaderAction=Ignore</Data><Data Name='EncapTransposition1'>NULL</Data><Data Name='Transposition'>TniAction=Ignore, VlanIdAction=Ignore, MssDeltaAction=Ignore, MacHeaderAction=Ignore, IpHeaderAction=Ignore, TransportHeaderAction=Ignore</Data><Data Name='PortName'>7D2CED1C-ED91-49F6-9FA0-0A2184B37676</Data><Data Name='PortFriendlyName'>Container NIC 070372ba</Data><Data Name='UnifiedFlow'>18446622631693348136</Data><Data Name='IsSecondary'>0</Data><Data Name='IsMirror'>0</Data><Data Name='IsHairpin'>0</Data><Data Name='HairpinChecked'>0</Data><Data Name='OriginalInbound'>0</Data></EventData></Event>",
      "flowArtifactSHA256": "7d06d4ab9075ceba35358c367be0211058da337c054395d1f4f94704993dc8e2"
    },
    {
      "windowsServer": "2022",
      "port": "7D2CED1C-ED91-49F6-9FA0-0A2184B37676",
      "tuple": [
        "10.244.42.6",
        8081,
        "10.244.114.4",
        61442
      ],
      "dropHeader": "[00]1A1C.1A60::2026-09-09 03:15:50.891333700 [Microsoft-Windows-PktMon] Drop: PktGroupId 172170, PktNumber 1, Appearance 17, Direction Rx , Type IP , Component 74, Filter 1, DropReason Not locally destined , DropLocation 0xE0004136, OriginalSize 142, LoggedSize 142 ",
      "dropTimestamp": "2026-09-09 03:15:50.891333700",
      "nativeFlowXML": "<Event xmlns='http://schemas.microsoft.com/win/2004/08/events/event'><System><Provider Name='Microsoft-Windows-Hyper-V-VfpExt' Guid='{9f2660ea-cfe7-428f-9850-aeca612619b0}'/><EventID>600</EventID><Version>0</Version><Level>4</Level><Task>0</Task><Opcode>0</Opcode><Keywords>0x8000000000080000</Keywords><TimeCreated SystemTime='2026-09-09T03:15:50.8912073Z'/><EventRecordID>43528</EventRecordID><Correlation/><Execution ProcessID='6684' ThreadID='6752'/><Channel></Channel><Computer>EC2AMAZ-AESC6KN</Computer><Security/></System><EventData><Data Name='PortId'>3</Data><Data Name='Direction'>1</Data><Data Name='IsMain'>1</Data><Data Name='IsPending'>0</Data><Data Name='TNI'>0</Data><Data Name='VLAN'>0</Data><Data Name='NumEncaps'>1</Data><Data Name='EncapType0'>VXLAN</Data><Data Name='EncapSrcMacAddr0'>02-FF-C0-FA-46-77</Data><Data Name='EncapDestMacAddr0'>02-FF-F6-B6-D8-ED</Data><Data Name='EncapSrcIpv4Addr0'>1140858284</Data><Data Name='EncapDstIpv4Addr0'>402660780</Data><Data Name='TenantId0'>4096</Data><Data Name='EncryptVxlanId0'>0</Data><Data Name='EncapType1'>None</Data><Data Name='EncapSrcMacAddr1'></Data><Data Name='EncapDestMacAddr1'></Data><Data Name='EncapSrcIpv4Addr1'>0</Data><Data Name='EncapDstIpv4Addr1'>0</Data><Data Name='TenantId1'>0</Data><Data Name='EncryptVxlanId1'>0</Data><Data Name='IpProtocol'>17</Data><Data Name='SrcMacAddr'>0E-2A-0A-F4-2A-06</Data><Data Name='DestMacAddr'>00-15-5D-3A-31-08</Data><Data Name='SrcIpv4Addr'>103478282</Data><Data Name='DstIpv4Addr'>74642442</Data><Data Name='SrcPort'>37151</Data><Data Name='DstPort'>752</Data><Data Name='IsTcpSyn'>false</Data><Data Name='EncapTransposition0'>MacHeaderAction=Ignore, IpHeaderAction=Ignore, EncapHeaderAction=Ignore</Data><Data Name='EncapTransposition1'>NULL</Data><Data Name='Transposition'>TniAction=Ignore, VlanIdAction=Ignore, MssDeltaAction=Ignore, MacHeaderAction=Ignore, IpHeaderAction=Ignore, TransportHeaderAction=Ignore</Data><Data Name='PortName'>7D2CED1C-ED91-49F6-9FA0-0A2184B37676</Data><Data Name='PortFriendlyName'>Container NIC 070372ba</Data><Data Name='UnifiedFlow'>18446622631751549704</Data><Data Name='IsSecondary'>0</Data><Data Name='IsMirror'>0</Data><Data Name='IsHairpin'>0</Data><Data Name='HairpinChecked'>0</Data><Data Name='OriginalInbound'>0</Data></EventData></Event>",
      "flowArtifactSHA256": "5ac67351d14d9630d4bc517e70d47705decc496269761764ea6ad4776d20211f"
    },
    {
      "windowsServer": "2025",
      "port": "1903CA54-D200-479E-B7F3-A3EC18AE1313",
      "tuple": [
        "10.244.114.4",
        59283,
        "10.244.42.6",
        8081
      ],
      "dropHeader": "[00]0000.0000::2026-09-09 03:15:25.437136600 [Microsoft-Windows-PktMon] Drop: PktGroupId 2871195, PktNumber 1, Appearance 0, Direction Rx , Type IP , Component 73, Filter 1, DropReason Not locally destined , DropLocation 0xE0004136, OriginalSize 147, LoggedSize 147 ",
      "dropTimestamp": "2026-09-09 03:15:25.437136600",
      "nativeFlowXML": "<Event xmlns='http://schemas.microsoft.com/win/2004/08/events/event'><System><Provider Name='Microsoft-Windows-Hyper-V-VfpExt' Guid='{9f2660ea-cfe7-428f-9850-aeca612619b0}'/><EventID>600</EventID><Version>0</Version><Level>4</Level><Task>0</Task><Opcode>0</Opcode><Keywords>0x8000000000080000</Keywords><TimeCreated SystemTime='2026-09-09T03:15:25.4370437Z'/><EventRecordID>18039</EventRecordID><Correlation/><Execution ProcessID='0' ThreadID='0'/><Channel></Channel><Computer>EC2AMAZ-83E5T32</Computer><Security/></System><EventData><Data Name='PortId'>3</Data><Data Name='Direction'>1</Data><Data Name='IsMain'>1</Data><Data Name='IsPending'>0</Data><Data Name='TNI'>0</Data><Data Name='VLAN'>0</Data><Data Name='NumEncaps'>1</Data><Data Name='EncapType0'>VXLAN</Data><Data Name='EncapSrcMacAddr0'>02-FF-F6-B6-D8-ED</Data><Data Name='EncapDestMacAddr0'>02-FF-C0-FA-46-77</Data><Data Name='EncapSrcIpv4Addr0'>402660780</Data><Data Name='EncapDstIpv4Addr0'>1140858284</Data><Data Name='TenantId0'>4096</Data><Data Name='EncryptVxlanId0'>0</Data><Data Name='EncapType1'>None</Data><Data Name='EncapSrcMacAddr1'></Data><Data Name='EncapDestMacAddr1'></Data><Data Name='EncapSrcIpv4Addr1'>0</Data><Data Name='EncapDstIpv4Addr1'>0</Data><Data Name='TenantId1'>0</Data><Data Name='EncryptVxlanId1'>0</Data><Data Name='IpProtocol'>17</Data><Data Name='SrcMacAddr'>0E-2A-0A-F4-72-04</Data><Data Name='DestMacAddr'>00-15-5D-2E-C0-7B</Data><Data Name='SrcIpv4Addr'>74642442</Data><Data Name='DstIpv4Addr'>103478282</Data><Data Name='SrcPort'>37863</Data><Data Name='DstPort'>37151</Data><Data Name='IsTcpSyn'>false</Data><Data Name='EncapTransposition0'>MacHeaderAction=Ignore, IpHeaderAction=Ignore, EncapHeaderAction=Ignore</Data><Data Name='EncapTransposition1'>NULL</Data><Data Name='Transposition'>TniAction=Ignore, VlanIdAction=Ignore, MssDeltaAction=Ignore, MacHeaderAction=Ignore, IpHeaderAction=Ignore, TransportHeaderAction=Ignore</Data><Data Name='PortName'>1903CA54-D200-479E-B7F3-A3EC18AE1313</Data><Data Name='PortFriendlyName'>DrPort 51C5BE6A-89E0-4B23-919B-E3E6E65867D0</Data><Data Name='UnifiedFlow'>18446669868212245992</Data><Data Name='IsSecondary'>0</Data><Data Name='IsMirror'>0</Data><Data Name='IsHairpin'>0</Data><Data Name='HairpinChecked'>0</Data><Data Name='OriginalInbound'>0</Data></EventData></Event>",
      "flowArtifactSHA256": "a5354e1f5a4998b23ad3d8554aeeb2cb7d5d60755e0932ca5707009a1a12c8db"
    },
    {
      "windowsServer": "2025",
      "port": "1903CA54-D200-479E-B7F3-A3EC18AE1313",
      "tuple": [
        "10.244.114.4",
        61515,
        "10.244.42.6",
        8081
      ],
      "dropHeader": "[00]09B0.1078::2026-09-09 03:15:56.970998000 [Microsoft-Windows-PktMon] Drop: PktGroupId 3015085, PktNumber 1, Appearance 0, Direction Rx , Type IP , Component 73, Filter 1, DropReason Not locally destined , DropLocation 0xE0004136, OriginalSize 147, LoggedSize 147 ",
      "dropTimestamp": "2026-09-09 03:15:56.970998000",
      "nativeFlowXML": "<Event xmlns='http://schemas.microsoft.com/win/2004/08/events/event'><System><Provider Name='Microsoft-Windows-Hyper-V-VfpExt' Guid='{9f2660ea-cfe7-428f-9850-aeca612619b0}'/><EventID>600</EventID><Version>0</Version><Level>4</Level><Task>0</Task><Opcode>0</Opcode><Keywords>0x8000000000080000</Keywords><TimeCreated SystemTime='2026-09-09T03:15:56.9709109Z'/><EventRecordID>55515</EventRecordID><Correlation/><Execution ProcessID='2480' ThreadID='4216'/><Channel></Channel><Computer>EC2AMAZ-83E5T32</Computer><Security/></System><EventData><Data Name='PortId'>3</Data><Data Name='Direction'>1</Data><Data Name='IsMain'>1</Data><Data Name='IsPending'>0</Data><Data Name='TNI'>0</Data><Data Name='VLAN'>0</Data><Data Name='NumEncaps'>1</Data><Data Name='EncapType0'>VXLAN</Data><Data Name='EncapSrcMacAddr0'>02-FF-F6-B6-D8-ED</Data><Data Name='EncapDestMacAddr0'>02-FF-C0-FA-46-77</Data><Data Name='EncapSrcIpv4Addr0'>402660780</Data><Data Name='EncapDstIpv4Addr0'>1140858284</Data><Data Name='TenantId0'>4096</Data><Data Name='EncryptVxlanId0'>0</Data><Data Name='EncapType1'>None</Data><Data Name='EncapSrcMacAddr1'></Data><Data Name='EncapDestMacAddr1'></Data><Data Name='EncapSrcIpv4Addr1'>0</Data><Data Name='EncapDstIpv4Addr1'>0</Data><Data Name='TenantId1'>0</Data><Data Name='EncryptVxlanId1'>0</Data><Data Name='IpProtocol'>17</Data><Data Name='SrcMacAddr'>0E-2A-0A-F4-72-04</Data><Data Name='DestMacAddr'>00-15-5D-2E-C0-7B</Data><Data Name='SrcIpv4Addr'>74642442</Data><Data Name='DstIpv4Addr'>103478282</Data><Data Name='SrcPort'>19440</Data><Data Name='DstPort'>37151</Data><Data Name='IsTcpSyn'>false</Data><Data Name='EncapTransposition0'>MacHeaderAction=Ignore, IpHeaderAction=Ignore, EncapHeaderAction=Ignore</Data><Data Name='EncapTransposition1'>NULL</Data><Data Name='Transposition'>TniAction=Ignore, VlanIdAction=Ignore, MssDeltaAction=Ignore, MacHeaderAction=Ignore, IpHeaderAction=Ignore, TransportHeaderAction=Ignore</Data><Data Name='PortName'>1903CA54-D200-479E-B7F3-A3EC18AE1313</Data><Data Name='PortFriendlyName'>DrPort 51C5BE6A-89E0-4B23-919B-E3E6E65867D0</Data><Data Name='UnifiedFlow'>18446669868169640296</Data><Data Name='IsSecondary'>0</Data><Data Name='IsMirror'>0</Data><Data Name='IsHairpin'>0</Data><Data Name='HairpinChecked'>0</Data><Data Name='OriginalInbound'>0</Data></EventData></Event>",
      "flowArtifactSHA256": "ffd4fa0258cb5df9197007260f98bc960ff6e4e88b811c951197257cd94618ff"
    },
    {
      "windowsServer": "2025",
      "port": "1903CA54-D200-479E-B7F3-A3EC18AE1313",
      "tuple": [
        "10.244.190.81",
        8081,
        "10.244.42.6",
        54375
      ],
      "dropHeader": "[00]0000.0000::2026-09-09 03:15:25.437221800 [Microsoft-Windows-PktMon] Drop: PktGroupId 2871212, PktNumber 1, Appearance 0, Direction Rx , Type IP , Component 73, Filter 1, DropReason Not locally destined , DropLocation 0xE0004136, OriginalSize 142, LoggedSize 142 ",
      "dropTimestamp": "2026-09-09 03:15:25.437221800",
      "nativeFlowXML": "<Event xmlns='http://schemas.microsoft.com/win/2004/08/events/event'><System><Provider Name='Microsoft-Windows-Hyper-V-VfpExt' Guid='{9f2660ea-cfe7-428f-9850-aeca612619b0}'/><EventID>600</EventID><Version>0</Version><Level>4</Level><Task>0</Task><Opcode>0</Opcode><Keywords>0x8000000000080000</Keywords><TimeCreated SystemTime='2026-09-09T03:15:25.4372027Z'/><EventRecordID>18041</EventRecordID><Correlation/><Execution ProcessID='0' ThreadID='0'/><Channel></Channel><Computer>EC2AMAZ-83E5T32</Computer><Security/></System><EventData><Data Name='PortId'>3</Data><Data Name='Direction'>1</Data><Data Name='IsMain'>1</Data><Data Name='IsPending'>0</Data><Data Name='TNI'>0</Data><Data Name='VLAN'>0</Data><Data Name='NumEncaps'>1</Data><Data Name='EncapType0'>VXLAN</Data><Data Name='EncapSrcMacAddr0'>02-FF-D6-32-CE-F1</Data><Data Name='EncapDestMacAddr0'>02-FF-C0-FA-46-77</Data><Data Name='EncapSrcIpv4Addr0'>184551946</Data><Data Name='EncapDstIpv4Addr0'>1140858284</Data><Data Name='TenantId0'>4096</Data><Data Name='EncryptVxlanId0'>0</Data><Data Name='EncapType1'>None</Data><Data Name='EncapSrcMacAddr1'></Data><Data Name='EncapDestMacAddr1'></Data><Data Name='EncapSrcIpv4Addr1'>0</Data><Data Name='EncapDstIpv4Addr1'>0</Data><Data Name='TenantId1'>0</Data><Data Name='EncryptVxlanId1'>0</Data><Data Name='IpProtocol'>17</Data><Data Name='SrcMacAddr'>66-29-27-B4-64-9C</Data><Data Name='DestMacAddr'>00-15-5D-2E-C0-7B</Data><Data Name='SrcIpv4Addr'>1371468810</Data><Data Name='DstIpv4Addr'>103478282</Data><Data Name='SrcPort'>37151</Data><Data Name='DstPort'>26580</Data><Data Name='IsTcpSyn'>false</Data><Data Name='EncapTransposition0'>MacHeaderAction=Ignore, IpHeaderAction=Ignore, EncapHeaderAction=Ignore</Data><Data Name='EncapTransposition1'>NULL</Data><Data Name='Transposition'>TniAction=Ignore, VlanIdAction=Ignore, MssDeltaAction=Ignore, MacHeaderAction=Ignore, IpHeaderAction=Ignore, TransportHeaderAction=Ignore</Data><Data Name='PortName'>1903CA54-D200-479E-B7F3-A3EC18AE1313</Data><Data Name='PortFriendlyName'>DrPort 51C5BE6A-89E0-4B23-919B-E3E6E65867D0</Data><Data Name='UnifiedFlow'>18446669868169534888</Data><Data Name='IsSecondary'>0</Data><Data Name='IsMirror'>0</Data><Data Name='IsHairpin'>0</Data><Data Name='HairpinChecked'>0</Data><Data Name='OriginalInbound'>0</Data></EventData></Event>",
      "flowArtifactSHA256": "3fbebf554fdb89ff6fb11373156168d019d66be314d2f77650c89f9331b6caea"
    },
    {
      "windowsServer": "2025",
      "port": "1903CA54-D200-479E-B7F3-A3EC18AE1313",
      "tuple": [
        "10.244.190.81",
        8081,
        "10.244.42.6",
        57089
      ],
      "dropHeader": "[00]09B0.1078::2026-09-09 03:15:56.971123600 [Microsoft-Windows-PktMon] Drop: PktGroupId 3015118, PktNumber 1, Appearance 0, Direction Rx , Type IP , Component 73, Filter 1, DropReason Not locally destined , DropLocation 0xE0004136, OriginalSize 142, LoggedSize 142 ",
      "dropTimestamp": "2026-09-09 03:15:56.971123600",
      "nativeFlowXML": "<Event xmlns='http://schemas.microsoft.com/win/2004/08/events/event'><System><Provider Name='Microsoft-Windows-Hyper-V-VfpExt' Guid='{9f2660ea-cfe7-428f-9850-aeca612619b0}'/><EventID>600</EventID><Version>0</Version><Level>4</Level><Task>0</Task><Opcode>0</Opcode><Keywords>0x8000000000080000</Keywords><TimeCreated SystemTime='2026-09-09T03:15:56.9710825Z'/><EventRecordID>55518</EventRecordID><Correlation/><Execution ProcessID='2480' ThreadID='4216'/><Channel></Channel><Computer>EC2AMAZ-83E5T32</Computer><Security/></System><EventData><Data Name='PortId'>3</Data><Data Name='Direction'>1</Data><Data Name='IsMain'>1</Data><Data Name='IsPending'>0</Data><Data Name='TNI'>0</Data><Data Name='VLAN'>0</Data><Data Name='NumEncaps'>1</Data><Data Name='EncapType0'>VXLAN</Data><Data Name='EncapSrcMacAddr0'>02-FF-D6-32-CE-F1</Data><Data Name='EncapDestMacAddr0'>02-FF-C0-FA-46-77</Data><Data Name='EncapSrcIpv4Addr0'>184551946</Data><Data Name='EncapDstIpv4Addr0'>1140858284</Data><Data Name='TenantId0'>4096</Data><Data Name='EncryptVxlanId0'>0</Data><Data Name='EncapType1'>None</Data><Data Name='EncapSrcMacAddr1'></Data><Data Name='EncapDestMacAddr1'></Data><Data Name='EncapSrcIpv4Addr1'>0</Data><Data Name='EncapDstIpv4Addr1'>0</Data><Data Name='TenantId1'>0</Data><Data Name='EncryptVxlanId1'>0</Data><Data Name='IpProtocol'>17</Data><Data Name='SrcMacAddr'>66-29-27-B4-64-9C</Data><Data Name='DestMacAddr'>00-15-5D-2E-C0-7B</Data><Data Name='SrcIpv4Addr'>1371468810</Data><Data Name='DstIpv4Addr'>103478282</Data><Data Name='SrcPort'>37151</Data><Data Name='DstPort'>479</Data><Data Name='IsTcpSyn'>false</Data><Data Name='EncapTransposition0'>MacHeaderAction=Ignore, IpHeaderAction=Ignore, EncapHeaderAction=Ignore</Data><Data Name='EncapTransposition1'>NULL</Data><Data Name='Transposition'>TniAction=Ignore, VlanIdAction=Ignore, MssDeltaAction=Ignore, MacHeaderAction=Ignore, IpHeaderAction=Ignore, TransportHeaderAction=Ignore</Data><Data Name='PortName'>1903CA54-D200-479E-B7F3-A3EC18AE1313</Data><Data Name='PortFriendlyName'>DrPort 51C5BE6A-89E0-4B23-919B-E3E6E65867D0</Data><Data Name='UnifiedFlow'>18446669868182963640</Data><Data Name='IsSecondary'>0</Data><Data Name='IsMirror'>0</Data><Data Name='IsHairpin'>0</Data><Data Name='HairpinChecked'>0</Data><Data Name='OriginalInbound'>0</Data></EventData></Event>",
      "flowArtifactSHA256": "6af9bfadd4fa7127f2481159569bc8ef1ddb6deaa4297410f749cdf4ffd98736"
    }
  ]
}
