{"xml": "<Event xmlns='http://schemas.microsoft.com/win/2004/08/events/event'><System><Provider Name='Microsoft-Windows-Hyper-V-VfpExt' Guid='{9f2660ea-cfe7-428f-9850-aeca612619b0}'/><EventID>115</EventID><Version>0</Version><Level>4</Level><Task>0</Task><Opcode>0</Opcode><Keywords>0x8000000000000004</Keywords><TimeCreated SystemTime='2026-09-09T01:13:37.2534819Z'/><EventRecordID>1</EventRecordID><Correlation/><Execution ProcessID='4380' ThreadID='5628'/><Channel></Channel><Computer>EC2AMAZ-83E5T32</Computer><Security/></System><EventData><Data Name='PortId'>2</Data><Data Name='Direction'>0</Data><Data Name='LayerId'>SLB_HAIRPIN_LAYER</Data><Data Name='SrcIpv4Addr'>1140858284</Data><Data Name='DstIpv4Addr'>234883594</Data><Data Name='SrcPort'>60356</Data><Data Name='DstPort'>11033</Data><Data Name='IpProtocol'>6</Data><Data Name='IsTcpSyn'>false</Data><Data Name='PortName'>51C5BE6A-89E0-4B23-919B-E3E6E65867D1</Data><Data Name='PortFriendlyName'>Host Vnic 51C5BE6A-89E0-4B23-919B-E3E6E65867D0</Data><Data Name='GftFlags'>0</Data></EventData></Event>"}
{"xml": "<Event xmlns='http://schemas.microsoft.com/win/2004/08/events/event'><System><Provider Name='Microsoft-Windows-Hyper-V-VfpExt' Guid='{9f2660ea-cfe7-428f-9850-aeca612619b0}'/><EventID>604</EventID><Version>0</Version><Level>4</Level><Task>0</Task><Opcode>0</Opcode><Keywords>0x8000000000080000</Keywords><TimeCreated SystemTime='2026-09-09T01:13:37.2534898Z'/><EventRecordID>2</EventRecordID><Correlation/><Execution ProcessID='4380' ThreadID='5628'/><Channel></Channel><Computer>EC2AMAZ-83E5T32</Computer><Security/></System><EventData><Data Name='PortId'>2</Data><Data Name='Direction'>0</Data><Data Name='IsMain'>1</Data><Data Name='IsPending'>0</Data><Data Name='TNI'>0</Data><Data Name='VLAN'>0</Data><Data Name='NumEncaps'>0</Data><Data Name='EncapType0'>None</Data><Data Name='EncapSrcMacAddr0'></Data><Data Name='EncapDestMacAddr0'></Data><Data Name='EncapSrcIpv4Addr0'>0</Data><Data Name='EncapDstIpv4Addr0'>0</Data><Data Name='TenantId0'>0</Data><Data Name='EncryptVxlanId0'>0</Data><Data Name='EncapType1'>None</Data><Data Name='EncapSrcMacAddr1'></Data><Data Name='EncapDestMacAddr1'></Data><Data Name='EncapSrcIpv4Addr1'>0</Data><Data Name='EncapDstIpv4Addr1'>0</Data><Data Name='TenantId1'>0</Data><Data Name='EncryptVxlanId1'>0</Data><Data Name='IpProtocol'>6</Data><Data Name='SrcMacAddr'>02-FF-C0-FA-46-77</Data><Data Name='DestMacAddr'>02-FF-F0-24-6E-5D</Data><Data Name='SrcIpv4Addr'>1140858284</Data><Data Name='DstIpv4Addr'>234883594</Data><Data Name='SrcPort'>60356</Data><Data Name='DstPort'>11033</Data><Data Name='IsTcpSyn'>false</Data><Data Name='EncapTransposition0'></Data><Data Name='EncapTransposition1'></Data><Data Name='Transposition'></Data><Data Name='PortName'>51C5BE6A-89E0-4B23-919B-E3E6E65867D1</Data><Data Name='PortFriendlyName'>Host Vnic 51C5BE6A-89E0-4B23-919B-E3E6E65867D0</Data><Data Name='UnifiedFlow'>18446669867874712696</Data><Data Name='IsSecondary'>0</Data><Data Name='IsMirror'>0</Data><Data Name='IsHairpin'>0</Data><Data Name='HairpinChecked'>0</Data><Data Name='OriginalInbound'>0</Data></EventData></Event>"}
{"xml": "<Event xmlns='http://schemas.microsoft.com/win/2004/08/events/event'><System><Provider Name='Microsoft-Windows-Hyper-V-VfpExt' Guid='{9f2660ea-cfe7-428f-9850-aeca612619b0}'/><EventID>110</EventID><Version>0</Version><Level>4</Level><Task>0</Task><Opcode>0</Opcode><Keywords>0x8000000000000004</Keywords><TimeCreated SystemTime='2026-09-09T01:13:37.2534996Z'/><EventRecordID>4</EventRecordID><Correlation/><Execution ProcessID='4380' ThreadID='5628'/><Channel></Channel><Computer>EC2AMAZ-83E5T32</Computer><Security/></System><EventData><Data Name='PortId'>2</Data><Data Name='Direction'>0</Data><Data Name='Status'>0</Data><Data Name='SrcIpv4Addr'>1140858284</Data><Data Name='DstIpv4Addr'>234883594</Data><Data Name='SrcPort'>60356</Data><Data Name='DstPort'>11033</Data><Data Name='IpProtocol'>6</Data><Data Name='IsTcpSyn'>false</Data><Data Name='PortName'>51C5BE6A-89E0-4B23-919B-E3E6E65867D1</Data><Data Name='PortFriendlyName'>Host Vnic 51C5BE6A-89E0-4B23-919B-E3E6E65867D0</Data><Data Name='GftFlags'>0</Data><Data Name='StatusLocation'>0</Data></EventData></Event>"}
{"xml": "<Event xmlns='http://schemas.microsoft.com/win/2004/08/events/event'><System><Provider Name='Microsoft-Windows-Hyper-V-VfpExt' Guid='{9f2660ea-cfe7-428f-9850-aeca612619b0}'/><EventID>101</EventID><Version>0</Version><Level>4</Level><Task>0</Task><Opcode>0</Opcode><Keywords>0x8000000000000004</Keywords><TimeCreated SystemTime='2026-09-09T01:13:37.2562461Z'/><EventRecordID>11</EventRecordID><Correlation/><Execution ProcessID='5036' ThreadID='4916'/><Channel></Channel><Computer>EC2AMAZ-83E5T32</Computer><Security/></System><EventData><Data Name='PortId'>2</Data><Data Name='Direction'>0</Data><Data Name='LayerId'>VNET_PA_ROUTE_LAYER</Data><Data Name='GroupId'>VNET_GROUP_PA_ROUTE_IPV4_OUT</Data><Data Name='RuleId'>PA_ROUTE</Data><Data Name='RuleType'>21</Data><Data Name='SrcIpv4Addr'>1140858284</Data><Data Name='DstIpv4Addr'>167774730</Data><Data Name='SrcPort'>46040</Data><Data Name='DstPort'>11033</Data><Data Name='IpProtocol'>6</Data><Data Name='IsTcpSyn'>false</Data><Data Name='Status'>0</Data><Data Name='PortName'>51C5BE6A-89E0-4B23-919B-E3E6E65867D1</Data><Data Name='PortFriendlyName'>Host Vnic 51C5BE6A-89E0-4B23-919B-E3E6E65867D0</Data><Data Name='GftFlags'>0</Data><Data Name='StatusLocation'>0</Data></EventData></Event>"}
{"xml": "<Event xmlns='http://schemas.microsoft.com/win/2004/08/events/event'><System><Provider Name='Microsoft-Windows-Hyper-V-VfpExt' Guid='{9f2660ea-cfe7-428f-9850-aeca612619b0}'/><EventID>354</EventID><Version>0</Version><Level>4</Level><Task>0</Task><Opcode>0</Opcode><Keywords>0x8000000000000800</Keywords><TimeCreated SystemTime='2026-09-09T01:13:37.2576917Z'/><EventRecordID>15</EventRecordID><Correlation/><Execution ProcessID='0' ThreadID='0'/><Channel></Channel><Computer>EC2AMAZ-83E5T32</Computer><Security/></System><EventData><Data Name='SrcPortId'>1</Data><Data Name='OutSrcMacAddr'>02-FF-D6-32-CE-F1</Data><Data Name='OutDstMacAddr'>02-FF-C0-FA-46-77</Data><Data Name='Type'>2048</Data><Data Name='InnerDstMacAddr'></Data><Data Name='VLAN'>0</Data><Data Name='IsolationId'>0</Data><Data Name='SrcPortName'>DDEDE667-7354-11F0-941E-806E6F6E6963</Data><Data Name='SrcPortFriendlyName'>ExternalPort</Data><Data Name='GftFlags'>0</Data></EventData></Event>"}
{"xml": "<Event xmlns='http://schemas.microsoft.com/win/2004/08/events/event'><System><Provider Name='Microsoft-Windows-Hyper-V-VfpExt' Guid='{9f2660ea-cfe7-428f-9850-aeca612619b0}'/><EventID>608</EventID><Version>0</Version><Level>4</Level><Task>0</Task><Opcode>0</Opcode><Keywords>0x8000000000080000</Keywords><TimeCreated SystemTime='2026-09-09T01:13:38.1256800Z'/><EventRecordID>77</EventRecordID><Correlation/><Execution ProcessID='4' ThreadID='5900'/><Channel></Channel><Computer>EC2AMAZ-83E5T32</Computer><Security/></System><EventData><Data Name='PortId'>2</Data><Data Name='Direction'>1</Data><Data Name='IsMain'>0</Data><Data Name='IsPending'>0</Data><Data Name='TNI'>0</Data><Data Name='VLAN'>0</Data><Data Name='NumEncaps'>0</Data><Data Name='EncapType0'>None</Data><Data Name='EncapSrcMacAddr0'></Data><Data Name='EncapDestMacAddr0'></Data><Data Name='EncapSrcIpv4Addr0'>0</Data><Data Name='EncapDstIpv4Addr0'>0</Data><Data Name='TenantId0'>0</Data><Data Name='EncryptVxlanId0'>0</Data><Data Name='EncapType1'>None</Data><Data Name='EncapSrcMacAddr1'></Data><Data Name='EncapDestMacAddr1'></Data><Data Name='EncapSrcIpv4Addr1'>0</Data><Data Name='EncapDstIpv4Addr1'>0</Data><Data Name='TenantId1'>0</Data><Data Name='EncryptVxlanId1'>0</Data><Data Name='IpProtocol'>6</Data><Data Name='SrcMacAddr'>02-FF-D6-32-CE-F1</Data><Data Name='DestMacAddr'>02-FF-C0-FA-46-77</Data><Data Name='SrcIpv4Addr'>167774730</Data><Data Name='DstIpv4Addr'>1140858284</Data><Data Name='SrcPort'>11033</Data><Data Name='DstPort'>55536</Data><Data Name='PortName'>51C5BE6A-89E0-4B23-919B-E3E6E65867D1</Data><Data Name='PortFriendlyName'>Host Vnic 51C5BE6A-89E0-4B23-919B-E3E6E65867D0</Data><Data Name='UnifiedFlow'>18446669868126009112</Data><Data Name='IsSecondary'>0</Data><Data Name='IsMirror'>0</Data><Data Name='IsHairpin'>0</Data><Data Name='HairpinChecked'>0</Data><Data Name='OriginalInbound'>0</Data></EventData></Event>"}
{"xml": "<Event xmlns='http://schemas.microsoft.com/win/2004/08/events/event'><System><Provider Name='Microsoft-Windows-Hyper-V-VfpExt' Guid='{9f2660ea-cfe7-428f-9850-aeca612619b0}'/><EventID>600</EventID><Version>0</Version><Level>4</Level><Task>0</Task><Opcode>0</Opcode><Keywords>0x8000000000080000</Keywords><TimeCreated SystemTime='2026-09-09T01:13:42.3550813Z'/><EventRecordID>256</EventRecordID><Correlation/><Execution ProcessID='4380' ThreadID='5628'/><Channel></Channel><Computer>EC2AMAZ-83E5T32</Computer><Security/></System><EventData><Data Name='PortId'>2</Data><Data Name='Direction'>0</Data><Data Name='IsMain'>1</Data><Data Name='IsPending'>0</Data><Data Name='TNI'>0</Data><Data Name='VLAN'>0</Data><Data Name='NumEncaps'>0</Data><Data Name='EncapType0'>None</Data><Data Name='EncapSrcMacAddr0'></Data><Data Name='EncapDestMacAddr0'></Data><Data Name='EncapSrcIpv4Addr0'>0</Data><Data Name='EncapDstIpv4Addr0'>0</Data><Data Name='TenantId0'>0</Data><Data Name='EncryptVxlanId0'>0</Data><Data Name='EncapType1'>None</Data><Data Name='EncapSrcMacAddr1'></Data><Data Name='EncapDestMacAddr1'></Data><Data Name='EncapSrcIpv4Addr1'>0</Data><Data Name='EncapDstIpv4Addr1'>0</Data><Data Name='TenantId1'>0</Data><Data Name='EncryptVxlanId1'>0</Data><Data Name='IpProtocol'>6</Data><Data Name='SrcMacAddr'>02-FF-C0-FA-46-77</Data><Data Name='DestMacAddr'>02-FF-F0-24-6E-5D</Data><Data Name='SrcIpv4Addr'>1140858284</Data><Data Name='DstIpv4Addr'>167774730</Data><Data Name='SrcPort'>62192</Data><Data Name='DstPort'>11033</Data><Data Name='IsTcpSyn'>true</Data><Data Name='EncapTransposition0'>NULL</Data><Data Name='EncapTransposition1'>NULL</Data><Data Name='Transposition'>TniAction=Ignore, VlanIdAction=Ignore, MssDeltaAction=Ignore, MacHeaderAction=Modify (SrcMac=Ignore, DestMac=02-FF-F0-24-6E-5D), IpHeaderAction=Modify (SrcIp=Ignore, DestIp=Ignore, DecTtl=False, Dscp=Ignore), TransportHeaderAction=Ignore</Data><Data Name='PortName'>51C5BE6A-89E0-4B23-919B-E3E6E65867D1</Data><Data Name='PortFriendlyName'>Host Vnic 51C5BE6A-89E0-4B23-919B-E3E6E65867D0</Data><Data Name='UnifiedFlow'>18446669868125280360</Data><Data Name='IsSecondary'>0</Data><Data Name='IsMirror'>0</Data><Data Name='IsHairpin'>0</Data><Data Name='HairpinChecked'>0</Data><Data Name='OriginalInbound'>0</Data></EventData></Event>"}
