{"xml": "<Event xmlns='http://schemas.microsoft.com/win/2004/08/events/event'><System><Provider Name='Microsoft-Windows-Hyper-V-VfpExt' Guid='{9f2660ea-cfe7-428f-9850-aeca612619b0}'/><EventID>354</EventID><Version>0</Version><Level>4</Level><Task>0</Task><Opcode>0</Opcode><Keywords>0x8000000000000800</Keywords><TimeCreated SystemTime='2026-09-09T01:13:37.6725095Z'/><EventRecordID>1</EventRecordID><Correlation/><Execution ProcessID='0' ThreadID='0'/><Channel></Channel><Computer>EC2AMAZ-AESC6KN</Computer><Security/></System><EventData><Data Name='SrcPortId'>1</Data><Data Name='OutSrcMacAddr'>02-FF-F0-24-6E-5D</Data><Data Name='OutDstMacAddr'>02-FF-F6-B6-D8-ED</Data><Data Name='Type'>2048</Data><Data Name='InnerDstMacAddr'></Data><Data Name='VLAN'>0</Data><Data Name='IsolationId'>0</Data><Data Name='SrcPortName'>E4EF8B64-5524-4E68-9A84-30AC71E0CB3E</Data><Data Name='SrcPortFriendlyName'>ExternalPort</Data><Data Name='GftFlags'>0</Data></EventData></Event>"}
{"xml": "<Event xmlns='http://schemas.microsoft.com/win/2004/08/events/event'><System><Provider Name='Microsoft-Windows-Hyper-V-VfpExt' Guid='{9f2660ea-cfe7-428f-9850-aeca612619b0}'/><EventID>604</EventID><Version>0</Version><Level>4</Level><Task>0</Task><Opcode>0</Opcode><Keywords>0x8000000000080000</Keywords><TimeCreated SystemTime='2026-09-09T01:13:37.6725612Z'/><EventRecordID>5</EventRecordID><Correlation/><Execution ProcessID='0' ThreadID='0'/><Channel></Channel><Computer>EC2AMAZ-AESC6KN</Computer><Security/></System><EventData><Data Name='PortId'>2</Data><Data Name='Direction'>1</Data><Data Name='IsMain'>1</Data><Data Name='IsPending'>0</Data><Data Name='TNI'>0</Data><Data Name='VLAN'>0</Data><Data Name='NumEncaps'>0</Data><Data Name='EncapType0'>None</Data><Data Name='EncapSrcMacAddr0'></Data><Data Name='EncapDestMacAddr0'></Data><Data Name='EncapSrcIpv4Addr0'>0</Data><Data Name='EncapDstIpv4Addr0'>0</Data><Data Name='TenantId0'>0</Data><Data Name='EncryptVxlanId0'>0</Data><Data Name='EncapType1'>None</Data><Data Name='EncapSrcMacAddr1'></Data><Data Name='EncapDestMacAddr1'></Data><Data Name='EncapSrcIpv4Addr1'>0</Data><Data Name='EncapDstIpv4Addr1'>0</Data><Data Name='TenantId1'>0</Data><Data Name='EncryptVxlanId1'>0</Data><Data Name='IpProtocol'>17</Data><Data Name='SrcMacAddr'>02-FF-F0-24-6E-5D</Data><Data Name='DestMacAddr'>02-FF-F6-B6-D8-ED</Data><Data Name='SrcIpv4Addr'>222946477</Data><Data Name='DstIpv4Addr'>402660780</Data><Data Name='SrcPort'>27850</Data><Data Name='DstPort'>27850</Data><Data Name='IsTcpSyn'>false</Data><Data Name='EncapTransposition0'></Data><Data Name='EncapTransposition1'></Data><Data Name='Transposition'></Data><Data Name='PortName'>1CC457C8-89FA-43A8-B29B-47A083AA784F</Data><Data Name='PortFriendlyName'>Container NIC a3667fb2</Data><Data Name='UnifiedFlow'>18446622631530457464</Data><Data Name='IsSecondary'>0</Data><Data Name='IsMirror'>0</Data><Data Name='IsHairpin'>0</Data><Data Name='HairpinChecked'>0</Data><Data Name='OriginalInbound'>0</Data></EventData></Event>"}
{"xml": "<Event xmlns='http://schemas.microsoft.com/win/2004/08/events/event'><System><Provider Name='Microsoft-Windows-Hyper-V-VfpExt' Guid='{9f2660ea-cfe7-428f-9850-aeca612619b0}'/><EventID>115</EventID><Version>0</Version><Level>4</Level><Task>0</Task><Opcode>0</Opcode><Keywords>0x8000000000000004</Keywords><TimeCreated SystemTime='2026-09-09T01:13:37.6725685Z'/><EventRecordID>6</EventRecordID><Correlation/><Execution ProcessID='0' ThreadID='0'/><Channel></Channel><Computer>EC2AMAZ-AESC6KN</Computer><Security/></System><EventData><Data Name='PortId'>2</Data><Data Name='Direction'>1</Data><Data Name='LayerId'>SLB_HAIRPIN_LAYER</Data><Data Name='SrcIpv4Addr'>222946477</Data><Data Name='DstIpv4Addr'>402660780</Data><Data Name='SrcPort'>27850</Data><Data Name='DstPort'>27850</Data><Data Name='IpProtocol'>17</Data><Data Name='IsTcpSyn'>false</Data><Data Name='PortName'>1CC457C8-89FA-43A8-B29B-47A083AA784F</Data><Data Name='PortFriendlyName'>Container NIC a3667fb2</Data><Data Name='GftFlags'>0</Data></EventData></Event>"}
{"xml": "<Event xmlns='http://schemas.microsoft.com/win/2004/08/events/event'><System><Provider Name='Microsoft-Windows-Hyper-V-VfpExt' Guid='{9f2660ea-cfe7-428f-9850-aeca612619b0}'/><EventID>110</EventID><Version>0</Version><Level>4</Level><Task>0</Task><Opcode>0</Opcode><Keywords>0x8000000000000004</Keywords><TimeCreated SystemTime='2026-09-09T01:13:37.6725698Z'/><EventRecordID>7</EventRecordID><Correlation/><Execution ProcessID='0' ThreadID='0'/><Channel></Channel><Computer>EC2AMAZ-AESC6KN</Computer><Security/></System><EventData><Data Name='PortId'>2</Data><Data Name='Direction'>1</Data><Data Name='Status'>0</Data><Data Name='SrcIpv4Addr'>222946477</Data><Data Name='DstIpv4Addr'>402660780</Data><Data Name='SrcPort'>27850</Data><Data Name='DstPort'>27850</Data><Data Name='IpProtocol'>17</Data><Data Name='IsTcpSyn'>false</Data><Data Name='PortName'>1CC457C8-89FA-43A8-B29B-47A083AA784F</Data><Data Name='PortFriendlyName'>Container NIC a3667fb2</Data><Data Name='GftFlags'>0</Data><Data Name='StatusLocation'>0</Data></EventData></Event>"}
{"xml": "<Event xmlns='http://schemas.microsoft.com/win/2004/08/events/event'><System><Provider Name='Microsoft-Windows-Hyper-V-VfpExt' Guid='{9f2660ea-cfe7-428f-9850-aeca612619b0}'/><EventID>101</EventID><Version>0</Version><Level>4</Level><Task>0</Task><Opcode>0</Opcode><Keywords>0x8000000000000004</Keywords><TimeCreated SystemTime='2026-09-09T01:13:37.6734081Z'/><EventRecordID>17</EventRecordID><Correlation/><Execution ProcessID='4' ThreadID='2568'/><Channel></Channel><Computer>EC2AMAZ-AESC6KN</Computer><Security/></System><EventData><Data Name='PortId'>2</Data><Data Name='Direction'>0</Data><Data Name='LayerId'>VNET_PA_ROUTE_LAYER</Data><Data Name='GroupId'>VNET_GROUP_PA_ROUTE_IPV4_OUT</Data><Data Name='RuleId'>PA_ROUTE</Data><Data Name='RuleType'>21</Data><Data Name='SrcIpv4Addr'>402660780</Data><Data Name='DstIpv4Addr'>222946477</Data><Data Name='SrcPort'>27850</Data><Data Name='DstPort'>27850</Data><Data Name='IpProtocol'>17</Data><Data Name='IsTcpSyn'>false</Data><Data Name='Status'>0</Data><Data Name='PortName'>1CC457C8-89FA-43A8-B29B-47A083AA784F</Data><Data Name='PortFriendlyName'>Container NIC a3667fb2</Data><Data Name='GftFlags'>0</Data><Data Name='StatusLocation'>0</Data></EventData></Event>"}
{"xml": "<Event xmlns='http://schemas.microsoft.com/win/2004/08/events/event'><System><Provider Name='Microsoft-Windows-Hyper-V-VfpExt' Guid='{9f2660ea-cfe7-428f-9850-aeca612619b0}'/><EventID>608</EventID><Version>0</Version><Level>4</Level><Task>0</Task><Opcode>0</Opcode><Keywords>0x8000000000080000</Keywords><TimeCreated SystemTime='2026-09-09T01:13:43.8218791Z'/><EventRecordID>297</EventRecordID><Correlation/><Execution ProcessID='4' ThreadID='7036'/><Channel></Channel><Computer>EC2AMAZ-AESC6KN</Computer><Security/></System><EventData><Data Name='PortId'>2</Data><Data Name='Direction'>1</Data><Data Name='IsMain'>0</Data><Data Name='IsPending'>0</Data><Data Name='TNI'>0</Data><Data Name='VLAN'>0</Data><Data Name='NumEncaps'>0</Data><Data Name='EncapType0'>None</Data><Data Name='EncapSrcMacAddr0'></Data><Data Name='EncapDestMacAddr0'></Data><Data Name='EncapSrcIpv4Addr0'>0</Data><Data Name='EncapDstIpv4Addr0'>0</Data><Data Name='TenantId0'>0</Data><Data Name='EncryptVxlanId0'>0</Data><Data Name='EncapType1'>None</Data><Data Name='EncapSrcMacAddr1'></Data><Data Name='EncapDestMacAddr1'></Data><Data Name='EncapSrcIpv4Addr1'>0</Data><Data Name='EncapDstIpv4Addr1'>0</Data><Data Name='TenantId1'>0</Data><Data Name='EncryptVxlanId1'>0</Data><Data Name='IpProtocol'>6</Data><Data Name='SrcMacAddr'>02-FF-D6-32-CE-F1</Data><Data Name='DestMacAddr'>02-FF-F6-B6-D8-ED</Data><Data Name='SrcIpv4Addr'>167774730</Data><Data Name='DstIpv4Addr'>402660780</Data><Data Name='SrcPort'>11033</Data><Data Name='DstPort'>44488</Data><Data Name='PortName'>1CC457C8-89FA-43A8-B29B-47A083AA784F</Data><Data Name='PortFriendlyName'>Container NIC a3667fb2</Data><Data Name='UnifiedFlow'>18446622631685267784</Data><Data Name='IsSecondary'>0</Data><Data Name='IsMirror'>0</Data><Data Name='IsHairpin'>0</Data><Data Name='HairpinChecked'>0</Data><Data Name='OriginalInbound'>0</Data></EventData></Event>"}
{"xml": "<Event xmlns='http://schemas.microsoft.com/win/2004/08/events/event'><System><Provider Name='Microsoft-Windows-Hyper-V-VfpExt' Guid='{9f2660ea-cfe7-428f-9850-aeca612619b0}'/><EventID>600</EventID><Version>0</Version><Level>4</Level><Task>0</Task><Opcode>0</Opcode><Keywords>0x8000000000080000</Keywords><TimeCreated SystemTime='2026-09-09T01:13:46.0409469Z'/><EventRecordID>394</EventRecordID><Correlation/><Execution ProcessID='1548' ThreadID='4704'/><Channel></Channel><Computer>EC2AMAZ-AESC6KN</Computer><Security/></System><EventData><Data Name='PortId'>2</Data><Data Name='Direction'>0</Data><Data Name='IsMain'>1</Data><Data Name='IsPending'>0</Data><Data Name='TNI'>0</Data><Data Name='VLAN'>0</Data><Data Name='NumEncaps'>0</Data><Data Name='EncapType0'>None</Data><Data Name='EncapSrcMacAddr0'></Data><Data Name='EncapDestMacAddr0'></Data><Data Name='EncapSrcIpv4Addr0'>0</Data><Data Name='EncapDstIpv4Addr0'>0</Data><Data Name='TenantId0'>0</Data><Data Name='EncryptVxlanId0'>0</Data><Data Name='EncapType1'>None</Data><Data Name='EncapSrcMacAddr1'></Data><Data Name='EncapDestMacAddr1'></Data><Data Name='EncapSrcIpv4Addr1'>0</Data><Data Name='EncapDstIpv4Addr1'>0</Data><Data Name='TenantId1'>0</Data><Data Name='EncryptVxlanId1'>0</Data><Data Name='IpProtocol'>6</Data><Data Name='SrcMacAddr'>02-FF-F6-B6-D8-ED</Data><Data Name='DestMacAddr'>02-FF-F0-24-6E-5D</Data><Data Name='SrcIpv4Addr'>402660780</Data><Data Name='DstIpv4Addr'>218106378</Data><Data Name='SrcPort'>50632</Data><Data Name='DstPort'>11033</Data><Data Name='IsTcpSyn'>true</Data><Data Name='EncapTransposition0'>NULL</Data><Data Name='EncapTransposition1'>NULL</Data><Data Name='Transposition'>TniAction=Ignore, VlanIdAction=Ignore, MssDeltaAction=Ignore, MacHeaderAction=Modify (SrcMac=Ignore, DestMac=02-FF-F0-24-6E-5D), IpHeaderAction=Modify (SrcIp=Ignore, DestIp=Ignore, DecTtl=False, Dscp=Ignore), TransportHeaderAction=Ignore</Data><Data Name='PortName'>1CC457C8-89FA-43A8-B29B-47A083AA784F</Data><Data Name='PortFriendlyName'>Container NIC a3667fb2</Data><Data Name='UnifiedFlow'>18446622631520344312</Data><Data Name='IsSecondary'>0</Data><Data Name='IsMirror'>0</Data><Data Name='IsHairpin'>0</Data><Data Name='HairpinChecked'>0</Data><Data Name='OriginalInbound'>0</Data></EventData></Event>"}
