{"xml":"\u003cEvent xmlns=\u0027http://schemas.microsoft.com/win/2004/08/events/event\u0027\u003e\u003cSystem\u003e\u003cProvider Name=\u0027Microsoft-Windows-Hyper-V-VfpExt\u0027 Guid=\u0027{9f2660ea-cfe7-428f-9850-aeca612619b0}\u0027/\u003e\u003cEventID\u003e600\u003c/EventID\u003e\u003cVersion\u003e0\u003c/Version\u003e\u003cLevel\u003e4\u003c/Level\u003e\u003cTask\u003e0\u003c/Task\u003e\u003cOpcode\u003e0\u003c/Opcode\u003e\u003cKeywords\u003e0x8000000000080000\u003c/Keywords\u003e\u003cTimeCreated SystemTime=\u00272026-09-09T01:22:24.3869743Z\u0027/\u003e\u003cEventRecordID\u003e35788\u003c/EventRecordID\u003e\u003cCorrelation/\u003e\u003cExecution ProcessID=\u00272480\u0027 ThreadID=\u00278140\u0027/\u003e\u003cChannel\u003e\u003c/Channel\u003e\u003cComputer\u003eEC2AMAZ-83E5T32\u003c/Computer\u003e\u003cSecurity/\u003e\u003c/System\u003e\u003cEventData\u003e\u003cData Name=\u0027PortId\u0027\u003e3\u003c/Data\u003e\u003cData Name=\u0027Direction\u0027\u003e0\u003c/Data\u003e\u003cData Name=\u0027IsMain\u0027\u003e0\u003c/Data\u003e\u003cData Name=\u0027IsPending\u0027\u003e0\u003c/Data\u003e\u003cData Name=\u0027TNI\u0027\u003e0\u003c/Data\u003e\u003cData Name=\u0027VLAN\u0027\u003e0\u003c/Data\u003e\u003cData Name=\u0027NumEncaps\u0027\u003e1\u003c/Data\u003e\u003cData Name=\u0027EncapType0\u0027\u003eVXLAN\u003c/Data\u003e\u003cData Name=\u0027EncapSrcMacAddr0\u0027\u003e02-FF-C0-FA-46-77\u003c/Data\u003e\u003cData Name=\u0027EncapDestMacAddr0\u0027\u003e02-FF-F6-B6-D8-ED\u003c/Data\u003e\u003cData Name=\u0027EncapSrcIpv4Addr0\u0027\u003e1140858284\u003c/Data\u003e\u003cData Name=\u0027EncapDstIpv4Addr0\u0027\u003e402660780\u003c/Data\u003e\u003cData Name=\u0027TenantId0\u0027\u003e4096\u003c/Data\u003e\u003cData Name=\u0027EncryptVxlanId0\u0027\u003e0\u003c/Data\u003e\u003cData Name=\u0027EncapType1\u0027\u003eNone\u003c/Data\u003e\u003cData Name=\u0027EncapSrcMacAddr1\u0027\u003e\u003c/Data\u003e\u003cData Name=\u0027EncapDestMacAddr1\u0027\u003e\u003c/Data\u003e\u003cData Name=\u0027EncapSrcIpv4Addr1\u0027\u003e0\u003c/Data\u003e\u003cData Name=\u0027EncapDstIpv4Addr1\u0027\u003e0\u003c/Data\u003e\u003cData Name=\u0027TenantId1\u0027\u003e0\u003c/Data\u003e\u003cData Name=\u0027EncryptVxlanId1\u0027\u003e0\u003c/Data\u003e\u003cData Name=\u0027IpProtocol\u0027\u003e17\u003c/Data\u003e\u003cData Name=\u0027SrcMacAddr\u0027\u003e00-15-5D-2E-C0-7B\u003c/Data\u003e\u003cData Name=\u0027DestMacAddr\u0027\u003e0E-2A-0A-F4-72-04\u003c/Data\u003e\u003cData Name=\u0027SrcIpv4Addr\u0027\u003e103478282\u003c/Data\u003e\u003cData Name=\u0027DstIpv4Addr\u0027\u003e74642442\u003c/Data\u003e\u003cData Name=\u0027SrcPort\u0027\u003e37151\u003c/Data\u003e\u003cData Name=\u0027DstPort\u0027\u003e45515\u003c/Data\u003e\u003cData Name=\u0027IsTcpSyn\u0027\u003efalse\u003c/Data\u003e\u003cData Name=\u0027EncapTransposition0\u0027\u003eMacHeaderAction=Modify (SrcMac=Ignore, DestMac=02-FF-F6-B6-D8-ED), IpHeaderAction=Modify (SrcIp=Ignore, DestIp=Ignore, DecTtl=False, Dscp=Ignore), EncapHeaderAction=Ignore\u003c/Data\u003e\u003cData Name=\u0027EncapTransposition1\u0027\u003eNULL\u003c/Data\u003e\u003cData Name=\u0027Transposition\u0027\u003eTniAction=Ignore, VlanIdAction=Ignore, MssDeltaAction=Ignore, MacHeaderAction=Ignore, IpHeaderAction=Ignore, TransportHeaderAction=Ignore\u003c/Data\u003e\u003cData Name=\u0027PortName\u0027\u003e1903CA54-D200-479E-B7F3-A3EC18AE1313\u003c/Data\u003e\u003cData Name=\u0027PortFriendlyName\u0027\u003eDrPort 51C5BE6A-89E0-4B23-919B-E3E6E65867D0\u003c/Data\u003e\u003cData Name=\u0027UnifiedFlow\u0027\u003e18446669868220760760\u003c/Data\u003e\u003cData Name=\u0027IsSecondary\u0027\u003e0\u003c/Data\u003e\u003cData Name=\u0027IsMirror\u0027\u003e0\u003c/Data\u003e\u003cData Name=\u0027IsHairpin\u0027\u003e0\u003c/Data\u003e\u003cData Name=\u0027HairpinChecked\u0027\u003e0\u003c/Data\u003e\u003cData Name=\u0027OriginalInbound\u0027\u003e0\u003c/Data\u003e\u003c/EventData\u003e\u003c/Event\u003e"}
{"xml":"\u003cEvent xmlns=\u0027http://schemas.microsoft.com/win/2004/08/events/event\u0027\u003e\u003cSystem\u003e\u003cProvider Name=\u0027Microsoft-Windows-Hyper-V-VfpExt\u0027 Guid=\u0027{9f2660ea-cfe7-428f-9850-aeca612619b0}\u0027/\u003e\u003cEventID\u003e600\u003c/EventID\u003e\u003cVersion\u003e0\u003c/Version\u003e\u003cLevel\u003e4\u003c/Level\u003e\u003cTask\u003e0\u003c/Task\u003e\u003cOpcode\u003e0\u003c/Opcode\u003e\u003cKeywords\u003e0x8000000000080000\u003c/Keywords\u003e\u003cTimeCreated SystemTime=\u00272026-09-09T01:22:24.3869804Z\u0027/\u003e\u003cEventRecordID\u003e35789\u003c/EventRecordID\u003e\u003cCorrelation/\u003e\u003cExecution ProcessID=\u00272480\u0027 ThreadID=\u00278140\u0027/\u003e\u003cChannel\u003e\u003c/Channel\u003e\u003cComputer\u003eEC2AMAZ-83E5T32\u003c/Computer\u003e\u003cSecurity/\u003e\u003c/System\u003e\u003cEventData\u003e\u003cData Name=\u0027PortId\u0027\u003e3\u003c/Data\u003e\u003cData Name=\u0027Direction\u0027\u003e1\u003c/Data\u003e\u003cData Name=\u0027IsMain\u0027\u003e1\u003c/Data\u003e\u003cData Name=\u0027IsPending\u0027\u003e0\u003c/Data\u003e\u003cData Name=\u0027TNI\u0027\u003e0\u003c/Data\u003e\u003cData Name=\u0027VLAN\u0027\u003e0\u003c/Data\u003e\u003cData Name=\u0027NumEncaps\u0027\u003e1\u003c/Data\u003e\u003cData Name=\u0027EncapType0\u0027\u003eVXLAN\u003c/Data\u003e\u003cData Name=\u0027EncapSrcMacAddr0\u0027\u003e02-FF-F6-B6-D8-ED\u003c/Data\u003e\u003cData Name=\u0027EncapDestMacAddr0\u0027\u003e02-FF-C0-FA-46-77\u003c/Data\u003e\u003cData Name=\u0027EncapSrcIpv4Addr0\u0027\u003e402660780\u003c/Data\u003e\u003cData Name=\u0027EncapDstIpv4Addr0\u0027\u003e1140858284\u003c/Data\u003e\u003cData Name=\u0027TenantId0\u0027\u003e4096\u003c/Data\u003e\u003cData Name=\u0027EncryptVxlanId0\u0027\u003e0\u003c/Data\u003e\u003cData Name=\u0027EncapType1\u0027\u003eNone\u003c/Data\u003e\u003cData Name=\u0027EncapSrcMacAddr1\u0027\u003e\u003c/Data\u003e\u003cData Name=\u0027EncapDestMacAddr1\u0027\u003e\u003c/Data\u003e\u003cData Name=\u0027EncapSrcIpv4Addr1\u0027\u003e0\u003c/Data\u003e\u003cData Name=\u0027EncapDstIpv4Addr1\u0027\u003e0\u003c/Data\u003e\u003cData Name=\u0027TenantId1\u0027\u003e0\u003c/Data\u003e\u003cData Name=\u0027EncryptVxlanId1\u0027\u003e0\u003c/Data\u003e\u003cData Name=\u0027IpProtocol\u0027\u003e17\u003c/Data\u003e\u003cData Name=\u0027SrcMacAddr\u0027\u003e0E-2A-0A-F4-72-04\u003c/Data\u003e\u003cData Name=\u0027DestMacAddr\u0027\u003e00-15-5D-2E-C0-7B\u003c/Data\u003e\u003cData Name=\u0027SrcIpv4Addr\u0027\u003e74642442\u003c/Data\u003e\u003cData Name=\u0027DstIpv4Addr\u0027\u003e103478282\u003c/Data\u003e\u003cData Name=\u0027SrcPort\u0027\u003e45515\u003c/Data\u003e\u003cData Name=\u0027DstPort\u0027\u003e37151\u003c/Data\u003e\u003cData Name=\u0027IsTcpSyn\u0027\u003efalse\u003c/Data\u003e\u003cData Name=\u0027EncapTransposition0\u0027\u003eMacHeaderAction=Ignore, IpHeaderAction=Ignore, EncapHeaderAction=Ignore\u003c/Data\u003e\u003cData Name=\u0027EncapTransposition1\u0027\u003eNULL\u003c/Data\u003e\u003cData Name=\u0027Transposition\u0027\u003eTniAction=Ignore, VlanIdAction=Ignore, MssDeltaAction=Ignore, MacHeaderAction=Ignore, IpHeaderAction=Ignore, TransportHeaderAction=Ignore\u003c/Data\u003e\u003cData Name=\u0027PortName\u0027\u003e1903CA54-D200-479E-B7F3-A3EC18AE1313\u003c/Data\u003e\u003cData Name=\u0027PortFriendlyName\u0027\u003eDrPort 51C5BE6A-89E0-4B23-919B-E3E6E65867D0\u003c/Data\u003e\u003cData Name=\u0027UnifiedFlow\u0027\u003e18446669867917219592\u003c/Data\u003e\u003cData Name=\u0027IsSecondary\u0027\u003e0\u003c/Data\u003e\u003cData Name=\u0027IsMirror\u0027\u003e0\u003c/Data\u003e\u003cData Name=\u0027IsHairpin\u0027\u003e0\u003c/Data\u003e\u003cData Name=\u0027HairpinChecked\u0027\u003e0\u003c/Data\u003e\u003cData Name=\u0027OriginalInbound\u0027\u003e0\u003c/Data\u003e\u003c/EventData\u003e\u003c/Event\u003e"}
{"xml":"\u003cEvent xmlns=\u0027http://schemas.microsoft.com/win/2004/08/events/event\u0027\u003e\u003cSystem\u003e\u003cProvider Name=\u0027Microsoft-Windows-Hyper-V-VfpExt\u0027 Guid=\u0027{9f2660ea-cfe7-428f-9850-aeca612619b0}\u0027/\u003e\u003cEventID\u003e608\u003c/EventID\u003e\u003cVersion\u003e0\u003c/Version\u003e\u003cLevel\u003e4\u003c/Level\u003e\u003cTask\u003e0\u003c/Task\u003e\u003cOpcode\u003e0\u003c/Opcode\u003e\u003cKeywords\u003e0x8000000000080000\u003c/Keywords\u003e\u003cTimeCreated SystemTime=\u00272026-09-09T01:22:24.3874887Z\u0027/\u003e\u003cEventRecordID\u003e35795\u003c/EventRecordID\u003e\u003cCorrelation/\u003e\u003cExecution ProcessID=\u00272480\u0027 ThreadID=\u00278140\u0027/\u003e\u003cChannel\u003e\u003c/Channel\u003e\u003cComputer\u003eEC2AMAZ-83E5T32\u003c/Computer\u003e\u003cSecurity/\u003e\u003c/System\u003e\u003cEventData\u003e\u003cData Name=\u0027PortId\u0027\u003e3\u003c/Data\u003e\u003cData Name=\u0027Direction\u0027\u003e1\u003c/Data\u003e\u003cData Name=\u0027IsMain\u0027\u003e1\u003c/Data\u003e\u003cData Name=\u0027IsPending\u0027\u003e0\u003c/Data\u003e\u003cData Name=\u0027TNI\u0027\u003e0\u003c/Data\u003e\u003cData Name=\u0027VLAN\u0027\u003e0\u003c/Data\u003e\u003cData Name=\u0027NumEncaps\u0027\u003e1\u003c/Data\u003e\u003cData Name=\u0027EncapType0\u0027\u003eVXLAN\u003c/Data\u003e\u003cData Name=\u0027EncapSrcMacAddr0\u0027\u003e02-FF-F6-B6-D8-ED\u003c/Data\u003e\u003cData Name=\u0027EncapDestMacAddr0\u0027\u003e02-FF-C0-FA-46-77\u003c/Data\u003e\u003cData Name=\u0027EncapSrcIpv4Addr0\u0027\u003e402660780\u003c/Data\u003e\u003cData Name=\u0027EncapDstIpv4Addr0\u0027\u003e1140858284\u003c/Data\u003e\u003cData Name=\u0027TenantId0\u0027\u003e4096\u003c/Data\u003e\u003cData Name=\u0027EncryptVxlanId0\u0027\u003e0\u003c/Data\u003e\u003cData Name=\u0027EncapType1\u0027\u003eNone\u003c/Data\u003e\u003cData Name=\u0027EncapSrcMacAddr1\u0027\u003e\u003c/Data\u003e\u003cData Name=\u0027EncapDestMacAddr1\u0027\u003e\u003c/Data\u003e\u003cData Name=\u0027EncapSrcIpv4Addr1\u0027\u003e0\u003c/Data\u003e\u003cData Name=\u0027EncapDstIpv4Addr1\u0027\u003e0\u003c/Data\u003e\u003cData Name=\u0027TenantId1\u0027\u003e0\u003c/Data\u003e\u003cData Name=\u0027EncryptVxlanId1\u0027\u003e0\u003c/Data\u003e\u003cData Name=\u0027IpProtocol\u0027\u003e17\u003c/Data\u003e\u003cData Name=\u0027SrcMacAddr\u0027\u003e0E-2A-0A-F4-72-04\u003c/Data\u003e\u003cData Name=\u0027DestMacAddr\u0027\u003e00-15-5D-2E-C0-7B\u003c/Data\u003e\u003cData Name=\u0027SrcIpv4Addr\u0027\u003e74642442\u003c/Data\u003e\u003cData Name=\u0027DstIpv4Addr\u0027\u003e103478282\u003c/Data\u003e\u003cData Name=\u0027SrcPort\u0027\u003e45515\u003c/Data\u003e\u003cData Name=\u0027DstPort\u0027\u003e37151\u003c/Data\u003e\u003cData Name=\u0027PortName\u0027\u003e1903CA54-D200-479E-B7F3-A3EC18AE1313\u003c/Data\u003e\u003cData Name=\u0027PortFriendlyName\u0027\u003eDrPort 51C5BE6A-89E0-4B23-919B-E3E6E65867D0\u003c/Data\u003e\u003cData Name=\u0027UnifiedFlow\u0027\u003e18446669867917219592\u003c/Data\u003e\u003cData Name=\u0027IsSecondary\u0027\u003e0\u003c/Data\u003e\u003cData Name=\u0027IsMirror\u0027\u003e0\u003c/Data\u003e\u003cData Name=\u0027IsHairpin\u0027\u003e0\u003c/Data\u003e\u003cData Name=\u0027HairpinChecked\u0027\u003e0\u003c/Data\u003e\u003cData Name=\u0027OriginalInbound\u0027\u003e0\u003c/Data\u003e\u003c/EventData\u003e\u003c/Event\u003e"}
{"xml":"\u003cEvent xmlns=\u0027http://schemas.microsoft.com/win/2004/08/events/event\u0027\u003e\u003cSystem\u003e\u003cProvider Name=\u0027Microsoft-Windows-Hyper-V-VfpExt\u0027 Guid=\u0027{9f2660ea-cfe7-428f-9850-aeca612619b0}\u0027/\u003e\u003cEventID\u003e608\u003c/EventID\u003e\u003cVersion\u003e0\u003c/Version\u003e\u003cLevel\u003e4\u003c/Level\u003e\u003cTask\u003e0\u003c/Task\u003e\u003cOpcode\u003e0\u003c/Opcode\u003e\u003cKeywords\u003e0x8000000000080000\u003c/Keywords\u003e\u003cTimeCreated SystemTime=\u00272026-09-09T01:22:24.3874911Z\u0027/\u003e\u003cEventRecordID\u003e35796\u003c/EventRecordID\u003e\u003cCorrelation/\u003e\u003cExecution ProcessID=\u00272480\u0027 ThreadID=\u00278140\u0027/\u003e\u003cChannel\u003e\u003c/Channel\u003e\u003cComputer\u003eEC2AMAZ-83E5T32\u003c/Computer\u003e\u003cSecurity/\u003e\u003c/System\u003e\u003cEventData\u003e\u003cData Name=\u0027PortId\u0027\u003e3\u003c/Data\u003e\u003cData Name=\u0027Direction\u0027\u003e0\u003c/Data\u003e\u003cData Name=\u0027IsMain\u0027\u003e0\u003c/Data\u003e\u003cData Name=\u0027IsPending\u0027\u003e0\u003c/Data\u003e\u003cData Name=\u0027TNI\u0027\u003e0\u003c/Data\u003e\u003cData Name=\u0027VLAN\u0027\u003e0\u003c/Data\u003e\u003cData Name=\u0027NumEncaps\u0027\u003e1\u003c/Data\u003e\u003cData Name=\u0027EncapType0\u0027\u003eVXLAN\u003c/Data\u003e\u003cData Name=\u0027EncapSrcMacAddr0\u0027\u003e02-FF-C0-FA-46-77\u003c/Data\u003e\u003cData Name=\u0027EncapDestMacAddr0\u0027\u003e02-FF-F6-B6-D8-ED\u003c/Data\u003e\u003cData Name=\u0027EncapSrcIpv4Addr0\u0027\u003e1140858284\u003c/Data\u003e\u003cData Name=\u0027EncapDstIpv4Addr0\u0027\u003e402660780\u003c/Data\u003e\u003cData Name=\u0027TenantId0\u0027\u003e4096\u003c/Data\u003e\u003cData Name=\u0027EncryptVxlanId0\u0027\u003e0\u003c/Data\u003e\u003cData Name=\u0027EncapType1\u0027\u003eNone\u003c/Data\u003e\u003cData Name=\u0027EncapSrcMacAddr1\u0027\u003e\u003c/Data\u003e\u003cData Name=\u0027EncapDestMacAddr1\u0027\u003e\u003c/Data\u003e\u003cData Name=\u0027EncapSrcIpv4Addr1\u0027\u003e0\u003c/Data\u003e\u003cData Name=\u0027EncapDstIpv4Addr1\u0027\u003e0\u003c/Data\u003e\u003cData Name=\u0027TenantId1\u0027\u003e0\u003c/Data\u003e\u003cData Name=\u0027EncryptVxlanId1\u0027\u003e0\u003c/Data\u003e\u003cData Name=\u0027IpProtocol\u0027\u003e17\u003c/Data\u003e\u003cData Name=\u0027SrcMacAddr\u0027\u003e00-15-5D-2E-C0-7B\u003c/Data\u003e\u003cData Name=\u0027DestMacAddr\u0027\u003e0E-2A-0A-F4-72-04\u003c/Data\u003e\u003cData Name=\u0027SrcIpv4Addr\u0027\u003e103478282\u003c/Data\u003e\u003cData Name=\u0027DstIpv4Addr\u0027\u003e74642442\u003c/Data\u003e\u003cData Name=\u0027SrcPort\u0027\u003e37151\u003c/Data\u003e\u003cData Name=\u0027DstPort\u0027\u003e45515\u003c/Data\u003e\u003cData Name=\u0027PortName\u0027\u003e1903CA54-D200-479E-B7F3-A3EC18AE1313\u003c/Data\u003e\u003cData Name=\u0027PortFriendlyName\u0027\u003eDrPort 51C5BE6A-89E0-4B23-919B-E3E6E65867D0\u003c/Data\u003e\u003cData Name=\u0027UnifiedFlow\u0027\u003e18446669868220760760\u003c/Data\u003e\u003cData Name=\u0027IsSecondary\u0027\u003e0\u003c/Data\u003e\u003cData Name=\u0027IsMirror\u0027\u003e0\u003c/Data\u003e\u003cData Name=\u0027IsHairpin\u0027\u003e0\u003c/Data\u003e\u003cData Name=\u0027HairpinChecked\u0027\u003e1\u003c/Data\u003e\u003cData Name=\u0027OriginalInbound\u0027\u003e0\u003c/Data\u003e\u003c/EventData\u003e\u003c/Event\u003e"}
