{"time":"2026-09-08T22:25:51.7419245Z","xml":"\u003cEvent xmlns=\u0027http://schemas.microsoft.com/win/2004/08/events/event\u0027\u003e\u003cSystem\u003e\u003cProvider Name=\u0027Microsoft-Windows-TCPIP\u0027 Guid=\u0027{2f07e2ee-15db-40f1-90ef-9d7ba282188a}\u0027/\u003e\u003cEventID\u003e1215\u003c/EventID\u003e\u003cVersion\u003e1\u003c/Version\u003e\u003cLevel\u003e4\u003c/Level\u003e\u003cTask\u003e1215\u003c/Task\u003e\u003cOpcode\u003e0\u003c/Opcode\u003e\u003cKeywords\u003e0x8000018300000080\u003c/Keywords\u003e\u003cTimeCreated SystemTime=\u00272026-09-08T22:25:51.7419245Z\u0027/\u003e\u003cEventRecordID\u003e292\u003c/EventRecordID\u003e\u003cCorrelation ActivityID=\u0027{2f07e2ee-15db-40f1-90ef-9d7ba282188a}\u0027/\u003e\u003cExecution ProcessID=\u00276024\u0027 ThreadID=\u00273196\u0027/\u003e\u003cChannel\u003e\u003c/Channel\u003e\u003cComputer\u003eEC2AMAZ-AESC6KN\u003c/Computer\u003e\u003cSecurity/\u003e\u003c/System\u003e\u003cEventData\u003e\u003cData Name=\u0027IPTransportProtocol\u0027\u003e6\u003c/Data\u003e\u003cData Name=\u0027AddressFamily\u0027\u003e23\u003c/Data\u003e\u003cData Name=\u0027Source IPv4 Address\u0027\u003e0\u003c/Data\u003e\u003cData Name=\u0027Dest IPv4 Address\u0027\u003e0\u003c/Data\u003e\u003cData Name=\u0027IPv6SourceIpAddrLength\u0027\u003e16\u003c/Data\u003e\u003cData Name=\u0027IPv6 Source Address\u0027\u003e00000000000000000000000000000001\u003c/Data\u003e\u003cData Name=\u0027IPv6DestIpAddrLength\u0027\u003e16\u003c/Data\u003e\u003cData Name=\u0027IPv6 Dest Address\u0027\u003e00000000000000000000000000000001\u003c/Data\u003e\u003cData Name=\u0027Reason\u0027\u003e256\u003c/Data\u003e\u003cData Name=\u0027PacketCount\u0027\u003e1\u003c/Data\u003e\u003cData Name=\u0027IPProtocol\u0027\u003e6\u003c/Data\u003e\u003cData Name=\u0027SourceAddressLength\u0027\u003e28\u003c/Data\u003e\u003cData Name=\u0027SourceAddress\u0027\u003e17000000000000000000000000000000000000000000000100000000\u003c/Data\u003e\u003cData Name=\u0027DestAddressLength\u0027\u003e28\u003c/Data\u003e\u003cData Name=\u0027DestAddress\u0027\u003e17000000000000000000000000000000000000000000000100000000\u003c/Data\u003e\u003cData Name=\u0027IfIndex\u0027\u003e1\u003c/Data\u003e\u003cData Name=\u0027PathDirection\u0027\u003e1\u003c/Data\u003e\u003c/EventData\u003e\u003c/Event\u003e","id":1215}
{"time":"2026-09-08T22:25:53.0978152Z","xml":"\u003cEvent xmlns=\u0027http://schemas.microsoft.com/win/2004/08/events/event\u0027\u003e\u003cSystem\u003e\u003cProvider Name=\u0027Microsoft-Windows-TCPIP\u0027 Guid=\u0027{2f07e2ee-15db-40f1-90ef-9d7ba282188a}\u0027/\u003e\u003cEventID\u003e1215\u003c/EventID\u003e\u003cVersion\u003e1\u003c/Version\u003e\u003cLevel\u003e4\u003c/Level\u003e\u003cTask\u003e1215\u003c/Task\u003e\u003cOpcode\u003e0\u003c/Opcode\u003e\u003cKeywords\u003e0x8000018300000080\u003c/Keywords\u003e\u003cTimeCreated SystemTime=\u00272026-09-08T22:25:53.0978152Z\u0027/\u003e\u003cEventRecordID\u003e339\u003c/EventRecordID\u003e\u003cCorrelation ActivityID=\u0027{2f07e2ee-15db-40f1-90ef-9d7ba282188a}\u0027/\u003e\u003cExecution ProcessID=\u00276180\u0027 ThreadID=\u00274436\u0027/\u003e\u003cChannel\u003e\u003c/Channel\u003e\u003cComputer\u003eEC2AMAZ-AESC6KN\u003c/Computer\u003e\u003cSecurity/\u003e\u003c/System\u003e\u003cEventData\u003e\u003cData Name=\u0027IPTransportProtocol\u0027\u003e6\u003c/Data\u003e\u003cData Name=\u0027AddressFamily\u0027\u003e23\u003c/Data\u003e\u003cData Name=\u0027Source IPv4 Address\u0027\u003e0\u003c/Data\u003e\u003cData Name=\u0027Dest IPv4 Address\u0027\u003e0\u003c/Data\u003e\u003cData Name=\u0027IPv6SourceIpAddrLength\u0027\u003e16\u003c/Data\u003e\u003cData Name=\u0027IPv6 Source Address\u0027\u003e00000000000000000000000000000001\u003c/Data\u003e\u003cData Name=\u0027IPv6DestIpAddrLength\u0027\u003e16\u003c/Data\u003e\u003cData Name=\u0027IPv6 Dest Address\u0027\u003e00000000000000000000000000000001\u003c/Data\u003e\u003cData Name=\u0027Reason\u0027\u003e256\u003c/Data\u003e\u003cData Name=\u0027PacketCount\u0027\u003e1\u003c/Data\u003e\u003cData Name=\u0027IPProtocol\u0027\u003e6\u003c/Data\u003e\u003cData Name=\u0027SourceAddressLength\u0027\u003e28\u003c/Data\u003e\u003cData Name=\u0027SourceAddress\u0027\u003e17000000000000000000000000000000000000000000000100000000\u003c/Data\u003e\u003cData Name=\u0027DestAddressLength\u0027\u003e28\u003c/Data\u003e\u003cData Name=\u0027DestAddress\u0027\u003e17000000000000000000000000000000000000000000000100000000\u003c/Data\u003e\u003cData Name=\u0027IfIndex\u0027\u003e1\u003c/Data\u003e\u003cData Name=\u0027PathDirection\u0027\u003e1\u003c/Data\u003e\u003c/EventData\u003e\u003c/Event\u003e","id":1215}
{"time":"2026-09-08T22:26:01.7677908Z","xml":"\u003cEvent xmlns=\u0027http://schemas.microsoft.com/win/2004/08/events/event\u0027\u003e\u003cSystem\u003e\u003cProvider Name=\u0027Microsoft-Windows-TCPIP\u0027 Guid=\u0027{2f07e2ee-15db-40f1-90ef-9d7ba282188a}\u0027/\u003e\u003cEventID\u003e1215\u003c/EventID\u003e\u003cVersion\u003e1\u003c/Version\u003e\u003cLevel\u003e4\u003c/Level\u003e\u003cTask\u003e1215\u003c/Task\u003e\u003cOpcode\u003e0\u003c/Opcode\u003e\u003cKeywords\u003e0x8000018300000080\u003c/Keywords\u003e\u003cTimeCreated SystemTime=\u00272026-09-08T22:26:01.7677908Z\u0027/\u003e\u003cEventRecordID\u003e9338\u003c/EventRecordID\u003e\u003cCorrelation ActivityID=\u0027{2f07e2ee-15db-40f1-90ef-9d7ba282188a}\u0027/\u003e\u003cExecution ProcessID=\u00271188\u0027 ThreadID=\u00274868\u0027/\u003e\u003cChannel\u003e\u003c/Channel\u003e\u003cComputer\u003eEC2AMAZ-AESC6KN\u003c/Computer\u003e\u003cSecurity/\u003e\u003c/System\u003e\u003cEventData\u003e\u003cData Name=\u0027IPTransportProtocol\u0027\u003e6\u003c/Data\u003e\u003cData Name=\u0027AddressFamily\u0027\u003e23\u003c/Data\u003e\u003cData Name=\u0027Source IPv4 Address\u0027\u003e0\u003c/Data\u003e\u003cData Name=\u0027Dest IPv4 Address\u0027\u003e0\u003c/Data\u003e\u003cData Name=\u0027IPv6SourceIpAddrLength\u0027\u003e16\u003c/Data\u003e\u003cData Name=\u0027IPv6 Source Address\u0027\u003e00000000000000000000000000000001\u003c/Data\u003e\u003cData Name=\u0027IPv6DestIpAddrLength\u0027\u003e16\u003c/Data\u003e\u003cData Name=\u0027IPv6 Dest Address\u0027\u003e00000000000000000000000000000001\u003c/Data\u003e\u003cData Name=\u0027Reason\u0027\u003e256\u003c/Data\u003e\u003cData Name=\u0027PacketCount\u0027\u003e1\u003c/Data\u003e\u003cData Name=\u0027IPProtocol\u0027\u003e6\u003c/Data\u003e\u003cData Name=\u0027SourceAddressLength\u0027\u003e28\u003c/Data\u003e\u003cData Name=\u0027SourceAddress\u0027\u003e17000000000000000000000000000000000000000000000100000000\u003c/Data\u003e\u003cData Name=\u0027DestAddressLength\u0027\u003e28\u003c/Data\u003e\u003cData Name=\u0027DestAddress\u0027\u003e17000000000000000000000000000000000000000000000100000000\u003c/Data\u003e\u003cData Name=\u0027IfIndex\u0027\u003e1\u003c/Data\u003e\u003cData Name=\u0027PathDirection\u0027\u003e1\u003c/Data\u003e\u003c/EventData\u003e\u003c/Event\u003e","id":1215}
{"time":"2026-09-08T22:26:03.2450107Z","xml":"\u003cEvent xmlns=\u0027http://schemas.microsoft.com/win/2004/08/events/event\u0027\u003e\u003cSystem\u003e\u003cProvider Name=\u0027Microsoft-Windows-TCPIP\u0027 Guid=\u0027{2f07e2ee-15db-40f1-90ef-9d7ba282188a}\u0027/\u003e\u003cEventID\u003e1215\u003c/EventID\u003e\u003cVersion\u003e1\u003c/Version\u003e\u003cLevel\u003e4\u003c/Level\u003e\u003cTask\u003e1215\u003c/Task\u003e\u003cOpcode\u003e0\u003c/Opcode\u003e\u003cKeywords\u003e0x8000018300000080\u003c/Keywords\u003e\u003cTimeCreated SystemTime=\u00272026-09-08T22:26:03.2450107Z\u0027/\u003e\u003cEventRecordID\u003e10128\u003c/EventRecordID\u003e\u003cCorrelation ActivityID=\u0027{2f07e2ee-15db-40f1-90ef-9d7ba282188a}\u0027/\u003e\u003cExecution ProcessID=\u00276120\u0027 ThreadID=\u0027252\u0027/\u003e\u003cChannel\u003e\u003c/Channel\u003e\u003cComputer\u003eEC2AMAZ-AESC6KN\u003c/Computer\u003e\u003cSecurity/\u003e\u003c/System\u003e\u003cEventData\u003e\u003cData Name=\u0027IPTransportProtocol\u0027\u003e6\u003c/Data\u003e\u003cData Name=\u0027AddressFamily\u0027\u003e23\u003c/Data\u003e\u003cData Name=\u0027Source IPv4 Address\u0027\u003e0\u003c/Data\u003e\u003cData Name=\u0027Dest IPv4 Address\u0027\u003e0\u003c/Data\u003e\u003cData Name=\u0027IPv6SourceIpAddrLength\u0027\u003e16\u003c/Data\u003e\u003cData Name=\u0027IPv6 Source Address\u0027\u003e00000000000000000000000000000001\u003c/Data\u003e\u003cData Name=\u0027IPv6DestIpAddrLength\u0027\u003e16\u003c/Data\u003e\u003cData Name=\u0027IPv6 Dest Address\u0027\u003e00000000000000000000000000000001\u003c/Data\u003e\u003cData Name=\u0027Reason\u0027\u003e256\u003c/Data\u003e\u003cData Name=\u0027PacketCount\u0027\u003e1\u003c/Data\u003e\u003cData Name=\u0027IPProtocol\u0027\u003e6\u003c/Data\u003e\u003cData Name=\u0027SourceAddressLength\u0027\u003e28\u003c/Data\u003e\u003cData Name=\u0027SourceAddress\u0027\u003e17000000000000000000000000000000000000000000000100000000\u003c/Data\u003e\u003cData Name=\u0027DestAddressLength\u0027\u003e28\u003c/Data\u003e\u003cData Name=\u0027DestAddress\u0027\u003e17000000000000000000000000000000000000000000000100000000\u003c/Data\u003e\u003cData Name=\u0027IfIndex\u0027\u003e1\u003c/Data\u003e\u003cData Name=\u0027PathDirection\u0027\u003e1\u003c/Data\u003e\u003c/EventData\u003e\u003c/Event\u003e","id":1215}
{"time":"2026-09-08T22:26:11.7716789Z","xml":"\u003cEvent xmlns=\u0027http://schemas.microsoft.com/win/2004/08/events/event\u0027\u003e\u003cSystem\u003e\u003cProvider Name=\u0027Microsoft-Windows-TCPIP\u0027 Guid=\u0027{2f07e2ee-15db-40f1-90ef-9d7ba282188a}\u0027/\u003e\u003cEventID\u003e1215\u003c/EventID\u003e\u003cVersion\u003e1\u003c/Version\u003e\u003cLevel\u003e4\u003c/Level\u003e\u003cTask\u003e1215\u003c/Task\u003e\u003cOpcode\u003e0\u003c/Opcode\u003e\u003cKeywords\u003e0x8000018300000080\u003c/Keywords\u003e\u003cTimeCreated SystemTime=\u00272026-09-08T22:26:11.7716789Z\u0027/\u003e\u003cEventRecordID\u003e15404\u003c/EventRecordID\u003e\u003cCorrelation ActivityID=\u0027{2f07e2ee-15db-40f1-90ef-9d7ba282188a}\u0027/\u003e\u003cExecution ProcessID=\u00276276\u0027 ThreadID=\u00275392\u0027/\u003e\u003cChannel\u003e\u003c/Channel\u003e\u003cComputer\u003eEC2AMAZ-AESC6KN\u003c/Computer\u003e\u003cSecurity/\u003e\u003c/System\u003e\u003cEventData\u003e\u003cData Name=\u0027IPTransportProtocol\u0027\u003e6\u003c/Data\u003e\u003cData Name=\u0027AddressFamily\u0027\u003e23\u003c/Data\u003e\u003cData Name=\u0027Source IPv4 Address\u0027\u003e0\u003c/Data\u003e\u003cData Name=\u0027Dest IPv4 Address\u0027\u003e0\u003c/Data\u003e\u003cData Name=\u0027IPv6SourceIpAddrLength\u0027\u003e16\u003c/Data\u003e\u003cData Name=\u0027IPv6 Source Address\u0027\u003e00000000000000000000000000000001\u003c/Data\u003e\u003cData Name=\u0027IPv6DestIpAddrLength\u0027\u003e16\u003c/Data\u003e\u003cData Name=\u0027IPv6 Dest Address\u0027\u003e00000000000000000000000000000001\u003c/Data\u003e\u003cData Name=\u0027Reason\u0027\u003e256\u003c/Data\u003e\u003cData Name=\u0027PacketCount\u0027\u003e1\u003c/Data\u003e\u003cData Name=\u0027IPProtocol\u0027\u003e6\u003c/Data\u003e\u003cData Name=\u0027SourceAddressLength\u0027\u003e28\u003c/Data\u003e\u003cData Name=\u0027SourceAddress\u0027\u003e17000000000000000000000000000000000000000000000100000000\u003c/Data\u003e\u003cData Name=\u0027DestAddressLength\u0027\u003e28\u003c/Data\u003e\u003cData Name=\u0027DestAddress\u0027\u003e17000000000000000000000000000000000000000000000100000000\u003c/Data\u003e\u003cData Name=\u0027IfIndex\u0027\u003e1\u003c/Data\u003e\u003cData Name=\u0027PathDirection\u0027\u003e1\u003c/Data\u003e\u003c/EventData\u003e\u003c/Event\u003e","id":1215}
{"time":"2026-09-08T22:26:13.1471667Z","xml":"\u003cEvent xmlns=\u0027http://schemas.microsoft.com/win/2004/08/events/event\u0027\u003e\u003cSystem\u003e\u003cProvider Name=\u0027Microsoft-Windows-TCPIP\u0027 Guid=\u0027{2f07e2ee-15db-40f1-90ef-9d7ba282188a}\u0027/\u003e\u003cEventID\u003e1215\u003c/EventID\u003e\u003cVersion\u003e1\u003c/Version\u003e\u003cLevel\u003e4\u003c/Level\u003e\u003cTask\u003e1215\u003c/Task\u003e\u003cOpcode\u003e0\u003c/Opcode\u003e\u003cKeywords\u003e0x8000018300000080\u003c/Keywords\u003e\u003cTimeCreated SystemTime=\u00272026-09-08T22:26:13.1471667Z\u0027/\u003e\u003cEventRecordID\u003e16567\u003c/EventRecordID\u003e\u003cCorrelation ActivityID=\u0027{2f07e2ee-15db-40f1-90ef-9d7ba282188a}\u0027/\u003e\u003cExecution ProcessID=\u00271564\u0027 ThreadID=\u00272260\u0027/\u003e\u003cChannel\u003e\u003c/Channel\u003e\u003cComputer\u003eEC2AMAZ-AESC6KN\u003c/Computer\u003e\u003cSecurity/\u003e\u003c/System\u003e\u003cEventData\u003e\u003cData Name=\u0027IPTransportProtocol\u0027\u003e6\u003c/Data\u003e\u003cData Name=\u0027AddressFamily\u0027\u003e23\u003c/Data\u003e\u003cData Name=\u0027Source IPv4 Address\u0027\u003e0\u003c/Data\u003e\u003cData Name=\u0027Dest IPv4 Address\u0027\u003e0\u003c/Data\u003e\u003cData Name=\u0027IPv6SourceIpAddrLength\u0027\u003e16\u003c/Data\u003e\u003cData Name=\u0027IPv6 Source Address\u0027\u003e00000000000000000000000000000001\u003c/Data\u003e\u003cData Name=\u0027IPv6DestIpAddrLength\u0027\u003e16\u003c/Data\u003e\u003cData Name=\u0027IPv6 Dest Address\u0027\u003e00000000000000000000000000000001\u003c/Data\u003e\u003cData Name=\u0027Reason\u0027\u003e256\u003c/Data\u003e\u003cData Name=\u0027PacketCount\u0027\u003e1\u003c/Data\u003e\u003cData Name=\u0027IPProtocol\u0027\u003e6\u003c/Data\u003e\u003cData Name=\u0027SourceAddressLength\u0027\u003e28\u003c/Data\u003e\u003cData Name=\u0027SourceAddress\u0027\u003e17000000000000000000000000000000000000000000000100000000\u003c/Data\u003e\u003cData Name=\u0027DestAddressLength\u0027\u003e28\u003c/Data\u003e\u003cData Name=\u0027DestAddress\u0027\u003e17000000000000000000000000000000000000000000000100000000\u003c/Data\u003e\u003cData Name=\u0027IfIndex\u0027\u003e1\u003c/Data\u003e\u003cData Name=\u0027PathDirection\u0027\u003e1\u003c/Data\u003e\u003c/EventData\u003e\u003c/Event\u003e","id":1215}
{"time":"2026-09-08T22:26:21.7529716Z","xml":"\u003cEvent xmlns=\u0027http://schemas.microsoft.com/win/2004/08/events/event\u0027\u003e\u003cSystem\u003e\u003cProvider Name=\u0027Microsoft-Windows-TCPIP\u0027 Guid=\u0027{2f07e2ee-15db-40f1-90ef-9d7ba282188a}\u0027/\u003e\u003cEventID\u003e1215\u003c/EventID\u003e\u003cVersion\u003e1\u003c/Version\u003e\u003cLevel\u003e4\u003c/Level\u003e\u003cTask\u003e1215\u003c/Task\u003e\u003cOpcode\u003e0\u003c/Opcode\u003e\u003cKeywords\u003e0x8000018300000080\u003c/Keywords\u003e\u003cTimeCreated SystemTime=\u00272026-09-08T22:26:21.7529716Z\u0027/\u003e\u003cEventRecordID\u003e24064\u003c/EventRecordID\u003e\u003cCorrelation ActivityID=\u0027{2f07e2ee-15db-40f1-90ef-9d7ba282188a}\u0027/\u003e\u003cExecution ProcessID=\u00276832\u0027 ThreadID=\u0027964\u0027/\u003e\u003cChannel\u003e\u003c/Channel\u003e\u003cComputer\u003eEC2AMAZ-AESC6KN\u003c/Computer\u003e\u003cSecurity/\u003e\u003c/System\u003e\u003cEventData\u003e\u003cData Name=\u0027IPTransportProtocol\u0027\u003e6\u003c/Data\u003e\u003cData Name=\u0027AddressFamily\u0027\u003e23\u003c/Data\u003e\u003cData Name=\u0027Source IPv4 Address\u0027\u003e0\u003c/Data\u003e\u003cData Name=\u0027Dest IPv4 Address\u0027\u003e0\u003c/Data\u003e\u003cData Name=\u0027IPv6SourceIpAddrLength\u0027\u003e16\u003c/Data\u003e\u003cData Name=\u0027IPv6 Source Address\u0027\u003e00000000000000000000000000000001\u003c/Data\u003e\u003cData Name=\u0027IPv6DestIpAddrLength\u0027\u003e16\u003c/Data\u003e\u003cData Name=\u0027IPv6 Dest Address\u0027\u003e00000000000000000000000000000001\u003c/Data\u003e\u003cData Name=\u0027Reason\u0027\u003e256\u003c/Data\u003e\u003cData Name=\u0027PacketCount\u0027\u003e1\u003c/Data\u003e\u003cData Name=\u0027IPProtocol\u0027\u003e6\u003c/Data\u003e\u003cData Name=\u0027SourceAddressLength\u0027\u003e28\u003c/Data\u003e\u003cData Name=\u0027SourceAddress\u0027\u003e17000000000000000000000000000000000000000000000100000000\u003c/Data\u003e\u003cData Name=\u0027DestAddressLength\u0027\u003e28\u003c/Data\u003e\u003cData Name=\u0027DestAddress\u0027\u003e17000000000000000000000000000000000000000000000100000000\u003c/Data\u003e\u003cData Name=\u0027IfIndex\u0027\u003e1\u003c/Data\u003e\u003cData Name=\u0027PathDirection\u0027\u003e1\u003c/Data\u003e\u003c/EventData\u003e\u003c/Event\u003e","id":1215}
{"time":"2026-09-08T22:26:23.1104236Z","xml":"\u003cEvent xmlns=\u0027http://schemas.microsoft.com/win/2004/08/events/event\u0027\u003e\u003cSystem\u003e\u003cProvider Name=\u0027Microsoft-Windows-TCPIP\u0027 Guid=\u0027{2f07e2ee-15db-40f1-90ef-9d7ba282188a}\u0027/\u003e\u003cEventID\u003e1215\u003c/EventID\u003e\u003cVersion\u003e1\u003c/Version\u003e\u003cLevel\u003e4\u003c/Level\u003e\u003cTask\u003e1215\u003c/Task\u003e\u003cOpcode\u003e0\u003c/Opcode\u003e\u003cKeywords\u003e0x8000018300000080\u003c/Keywords\u003e\u003cTimeCreated SystemTime=\u00272026-09-08T22:26:23.1104236Z\u0027/\u003e\u003cEventRecordID\u003e25068\u003c/EventRecordID\u003e\u003cCorrelation ActivityID=\u0027{2f07e2ee-15db-40f1-90ef-9d7ba282188a}\u0027/\u003e\u003cExecution ProcessID=\u00271432\u0027 ThreadID=\u00271944\u0027/\u003e\u003cChannel\u003e\u003c/Channel\u003e\u003cComputer\u003eEC2AMAZ-AESC6KN\u003c/Computer\u003e\u003cSecurity/\u003e\u003c/System\u003e\u003cEventData\u003e\u003cData Name=\u0027IPTransportProtocol\u0027\u003e6\u003c/Data\u003e\u003cData Name=\u0027AddressFamily\u0027\u003e23\u003c/Data\u003e\u003cData Name=\u0027Source IPv4 Address\u0027\u003e0\u003c/Data\u003e\u003cData Name=\u0027Dest IPv4 Address\u0027\u003e0\u003c/Data\u003e\u003cData Name=\u0027IPv6SourceIpAddrLength\u0027\u003e16\u003c/Data\u003e\u003cData Name=\u0027IPv6 Source Address\u0027\u003e00000000000000000000000000000001\u003c/Data\u003e\u003cData Name=\u0027IPv6DestIpAddrLength\u0027\u003e16\u003c/Data\u003e\u003cData Name=\u0027IPv6 Dest Address\u0027\u003e00000000000000000000000000000001\u003c/Data\u003e\u003cData Name=\u0027Reason\u0027\u003e256\u003c/Data\u003e\u003cData Name=\u0027PacketCount\u0027\u003e1\u003c/Data\u003e\u003cData Name=\u0027IPProtocol\u0027\u003e6\u003c/Data\u003e\u003cData Name=\u0027SourceAddressLength\u0027\u003e28\u003c/Data\u003e\u003cData Name=\u0027SourceAddress\u0027\u003e17000000000000000000000000000000000000000000000100000000\u003c/Data\u003e\u003cData Name=\u0027DestAddressLength\u0027\u003e28\u003c/Data\u003e\u003cData Name=\u0027DestAddress\u0027\u003e17000000000000000000000000000000000000000000000100000000\u003c/Data\u003e\u003cData Name=\u0027IfIndex\u0027\u003e1\u003c/Data\u003e\u003cData Name=\u0027PathDirection\u0027\u003e1\u003c/Data\u003e\u003c/EventData\u003e\u003c/Event\u003e","id":1215}
{"time":"2026-09-08T22:26:31.7749602Z","xml":"\u003cEvent xmlns=\u0027http://schemas.microsoft.com/win/2004/08/events/event\u0027\u003e\u003cSystem\u003e\u003cProvider Name=\u0027Microsoft-Windows-TCPIP\u0027 Guid=\u0027{2f07e2ee-15db-40f1-90ef-9d7ba282188a}\u0027/\u003e\u003cEventID\u003e1215\u003c/EventID\u003e\u003cVersion\u003e1\u003c/Version\u003e\u003cLevel\u003e4\u003c/Level\u003e\u003cTask\u003e1215\u003c/Task\u003e\u003cOpcode\u003e0\u003c/Opcode\u003e\u003cKeywords\u003e0x8000018300000080\u003c/Keywords\u003e\u003cTimeCreated SystemTime=\u00272026-09-08T22:26:31.7749602Z\u0027/\u003e\u003cEventRecordID\u003e31102\u003c/EventRecordID\u003e\u003cCorrelation ActivityID=\u0027{2f07e2ee-15db-40f1-90ef-9d7ba282188a}\u0027/\u003e\u003cExecution ProcessID=\u00277124\u0027 ThreadID=\u0027504\u0027/\u003e\u003cChannel\u003e\u003c/Channel\u003e\u003cComputer\u003eEC2AMAZ-AESC6KN\u003c/Computer\u003e\u003cSecurity/\u003e\u003c/System\u003e\u003cEventData\u003e\u003cData Name=\u0027IPTransportProtocol\u0027\u003e6\u003c/Data\u003e\u003cData Name=\u0027AddressFamily\u0027\u003e23\u003c/Data\u003e\u003cData Name=\u0027Source IPv4 Address\u0027\u003e0\u003c/Data\u003e\u003cData Name=\u0027Dest IPv4 Address\u0027\u003e0\u003c/Data\u003e\u003cData Name=\u0027IPv6SourceIpAddrLength\u0027\u003e16\u003c/Data\u003e\u003cData Name=\u0027IPv6 Source Address\u0027\u003e00000000000000000000000000000001\u003c/Data\u003e\u003cData Name=\u0027IPv6DestIpAddrLength\u0027\u003e16\u003c/Data\u003e\u003cData Name=\u0027IPv6 Dest Address\u0027\u003e00000000000000000000000000000001\u003c/Data\u003e\u003cData Name=\u0027Reason\u0027\u003e256\u003c/Data\u003e\u003cData Name=\u0027PacketCount\u0027\u003e1\u003c/Data\u003e\u003cData Name=\u0027IPProtocol\u0027\u003e6\u003c/Data\u003e\u003cData Name=\u0027SourceAddressLength\u0027\u003e28\u003c/Data\u003e\u003cData Name=\u0027SourceAddress\u0027\u003e17000000000000000000000000000000000000000000000100000000\u003c/Data\u003e\u003cData Name=\u0027DestAddressLength\u0027\u003e28\u003c/Data\u003e\u003cData Name=\u0027DestAddress\u0027\u003e17000000000000000000000000000000000000000000000100000000\u003c/Data\u003e\u003cData Name=\u0027IfIndex\u0027\u003e1\u003c/Data\u003e\u003cData Name=\u0027PathDirection\u0027\u003e1\u003c/Data\u003e\u003c/EventData\u003e\u003c/Event\u003e","id":1215}
{"time":"2026-09-08T22:26:33.1594958Z","xml":"\u003cEvent xmlns=\u0027http://schemas.microsoft.com/win/2004/08/events/event\u0027\u003e\u003cSystem\u003e\u003cProvider Name=\u0027Microsoft-Windows-TCPIP\u0027 Guid=\u0027{2f07e2ee-15db-40f1-90ef-9d7ba282188a}\u0027/\u003e\u003cEventID\u003e1215\u003c/EventID\u003e\u003cVersion\u003e1\u003c/Version\u003e\u003cLevel\u003e4\u003c/Level\u003e\u003cTask\u003e1215\u003c/Task\u003e\u003cOpcode\u003e0\u003c/Opcode\u003e\u003cKeywords\u003e0x8000018300000080\u003c/Keywords\u003e\u003cTimeCreated SystemTime=\u00272026-09-08T22:26:33.1594958Z\u0027/\u003e\u003cEventRecordID\u003e32342\u003c/EventRecordID\u003e\u003cCorrelation ActivityID=\u0027{2f07e2ee-15db-40f1-90ef-9d7ba282188a}\u0027/\u003e\u003cExecution ProcessID=\u00274460\u0027 ThreadID=\u00276960\u0027/\u003e\u003cChannel\u003e\u003c/Channel\u003e\u003cComputer\u003eEC2AMAZ-AESC6KN\u003c/Computer\u003e\u003cSecurity/\u003e\u003c/System\u003e\u003cEventData\u003e\u003cData Name=\u0027IPTransportProtocol\u0027\u003e6\u003c/Data\u003e\u003cData Name=\u0027AddressFamily\u0027\u003e23\u003c/Data\u003e\u003cData Name=\u0027Source IPv4 Address\u0027\u003e0\u003c/Data\u003e\u003cData Name=\u0027Dest IPv4 Address\u0027\u003e0\u003c/Data\u003e\u003cData Name=\u0027IPv6SourceIpAddrLength\u0027\u003e16\u003c/Data\u003e\u003cData Name=\u0027IPv6 Source Address\u0027\u003e00000000000000000000000000000001\u003c/Data\u003e\u003cData Name=\u0027IPv6DestIpAddrLength\u0027\u003e16\u003c/Data\u003e\u003cData Name=\u0027IPv6 Dest Address\u0027\u003e00000000000000000000000000000001\u003c/Data\u003e\u003cData Name=\u0027Reason\u0027\u003e256\u003c/Data\u003e\u003cData Name=\u0027PacketCount\u0027\u003e1\u003c/Data\u003e\u003cData Name=\u0027IPProtocol\u0027\u003e6\u003c/Data\u003e\u003cData Name=\u0027SourceAddressLength\u0027\u003e28\u003c/Data\u003e\u003cData Name=\u0027SourceAddress\u0027\u003e17000000000000000000000000000000000000000000000100000000\u003c/Data\u003e\u003cData Name=\u0027DestAddressLength\u0027\u003e28\u003c/Data\u003e\u003cData Name=\u0027DestAddress\u0027\u003e17000000000000000000000000000000000000000000000100000000\u003c/Data\u003e\u003cData Name=\u0027IfIndex\u0027\u003e1\u003c/Data\u003e\u003cData Name=\u0027PathDirection\u0027\u003e1\u003c/Data\u003e\u003c/EventData\u003e\u003c/Event\u003e","id":1215}
{"time":"2026-09-08T22:26:41.7438166Z","xml":"\u003cEvent xmlns=\u0027http://schemas.microsoft.com/win/2004/08/events/event\u0027\u003e\u003cSystem\u003e\u003cProvider Name=\u0027Microsoft-Windows-TCPIP\u0027 Guid=\u0027{2f07e2ee-15db-40f1-90ef-9d7ba282188a}\u0027/\u003e\u003cEventID\u003e1215\u003c/EventID\u003e\u003cVersion\u003e1\u003c/Version\u003e\u003cLevel\u003e4\u003c/Level\u003e\u003cTask\u003e1215\u003c/Task\u003e\u003cOpcode\u003e0\u003c/Opcode\u003e\u003cKeywords\u003e0x8000018300000080\u003c/Keywords\u003e\u003cTimeCreated SystemTime=\u00272026-09-08T22:26:41.7438166Z\u0027/\u003e\u003cEventRecordID\u003e39420\u003c/EventRecordID\u003e\u003cCorrelation ActivityID=\u0027{2f07e2ee-15db-40f1-90ef-9d7ba282188a}\u0027/\u003e\u003cExecution ProcessID=\u00276896\u0027 ThreadID=\u00271096\u0027/\u003e\u003cChannel\u003e\u003c/Channel\u003e\u003cComputer\u003eEC2AMAZ-AESC6KN\u003c/Computer\u003e\u003cSecurity/\u003e\u003c/System\u003e\u003cEventData\u003e\u003cData Name=\u0027IPTransportProtocol\u0027\u003e6\u003c/Data\u003e\u003cData Name=\u0027AddressFamily\u0027\u003e23\u003c/Data\u003e\u003cData Name=\u0027Source IPv4 Address\u0027\u003e0\u003c/Data\u003e\u003cData Name=\u0027Dest IPv4 Address\u0027\u003e0\u003c/Data\u003e\u003cData Name=\u0027IPv6SourceIpAddrLength\u0027\u003e16\u003c/Data\u003e\u003cData Name=\u0027IPv6 Source Address\u0027\u003e00000000000000000000000000000001\u003c/Data\u003e\u003cData Name=\u0027IPv6DestIpAddrLength\u0027\u003e16\u003c/Data\u003e\u003cData Name=\u0027IPv6 Dest Address\u0027\u003e00000000000000000000000000000001\u003c/Data\u003e\u003cData Name=\u0027Reason\u0027\u003e256\u003c/Data\u003e\u003cData Name=\u0027PacketCount\u0027\u003e1\u003c/Data\u003e\u003cData Name=\u0027IPProtocol\u0027\u003e6\u003c/Data\u003e\u003cData Name=\u0027SourceAddressLength\u0027\u003e28\u003c/Data\u003e\u003cData Name=\u0027SourceAddress\u0027\u003e17000000000000000000000000000000000000000000000100000000\u003c/Data\u003e\u003cData Name=\u0027DestAddressLength\u0027\u003e28\u003c/Data\u003e\u003cData Name=\u0027DestAddress\u0027\u003e17000000000000000000000000000000000000000000000100000000\u003c/Data\u003e\u003cData Name=\u0027IfIndex\u0027\u003e1\u003c/Data\u003e\u003cData Name=\u0027PathDirection\u0027\u003e1\u003c/Data\u003e\u003c/EventData\u003e\u003c/Event\u003e","id":1215}
{"time":"2026-09-08T22:26:43.2143350Z","xml":"\u003cEvent xmlns=\u0027http://schemas.microsoft.com/win/2004/08/events/event\u0027\u003e\u003cSystem\u003e\u003cProvider Name=\u0027Microsoft-Windows-TCPIP\u0027 Guid=\u0027{2f07e2ee-15db-40f1-90ef-9d7ba282188a}\u0027/\u003e\u003cEventID\u003e1215\u003c/EventID\u003e\u003cVersion\u003e1\u003c/Version\u003e\u003cLevel\u003e4\u003c/Level\u003e\u003cTask\u003e1215\u003c/Task\u003e\u003cOpcode\u003e0\u003c/Opcode\u003e\u003cKeywords\u003e0x8000018300000080\u003c/Keywords\u003e\u003cTimeCreated SystemTime=\u00272026-09-08T22:26:43.2143350Z\u0027/\u003e\u003cEventRecordID\u003e40810\u003c/EventRecordID\u003e\u003cCorrelation ActivityID=\u0027{2f07e2ee-15db-40f1-90ef-9d7ba282188a}\u0027/\u003e\u003cExecution ProcessID=\u00276252\u0027 ThreadID=\u00271608\u0027/\u003e\u003cChannel\u003e\u003c/Channel\u003e\u003cComputer\u003eEC2AMAZ-AESC6KN\u003c/Computer\u003e\u003cSecurity/\u003e\u003c/System\u003e\u003cEventData\u003e\u003cData Name=\u0027IPTransportProtocol\u0027\u003e6\u003c/Data\u003e\u003cData Name=\u0027AddressFamily\u0027\u003e23\u003c/Data\u003e\u003cData Name=\u0027Source IPv4 Address\u0027\u003e0\u003c/Data\u003e\u003cData Name=\u0027Dest IPv4 Address\u0027\u003e0\u003c/Data\u003e\u003cData Name=\u0027IPv6SourceIpAddrLength\u0027\u003e16\u003c/Data\u003e\u003cData Name=\u0027IPv6 Source Address\u0027\u003e00000000000000000000000000000001\u003c/Data\u003e\u003cData Name=\u0027IPv6DestIpAddrLength\u0027\u003e16\u003c/Data\u003e\u003cData Name=\u0027IPv6 Dest Address\u0027\u003e00000000000000000000000000000001\u003c/Data\u003e\u003cData Name=\u0027Reason\u0027\u003e256\u003c/Data\u003e\u003cData Name=\u0027PacketCount\u0027\u003e1\u003c/Data\u003e\u003cData Name=\u0027IPProtocol\u0027\u003e6\u003c/Data\u003e\u003cData Name=\u0027SourceAddressLength\u0027\u003e28\u003c/Data\u003e\u003cData Name=\u0027SourceAddress\u0027\u003e17000000000000000000000000000000000000000000000100000000\u003c/Data\u003e\u003cData Name=\u0027DestAddressLength\u0027\u003e28\u003c/Data\u003e\u003cData Name=\u0027DestAddress\u0027\u003e17000000000000000000000000000000000000000000000100000000\u003c/Data\u003e\u003cData Name=\u0027IfIndex\u0027\u003e1\u003c/Data\u003e\u003cData Name=\u0027PathDirection\u0027\u003e1\u003c/Data\u003e\u003c/EventData\u003e\u003c/Event\u003e","id":1215}
{"time":"2026-09-08T22:26:47.7630985Z","xml":"\u003cEvent xmlns=\u0027http://schemas.microsoft.com/win/2004/08/events/event\u0027\u003e\u003cSystem\u003e\u003cProvider Name=\u0027Microsoft-Windows-TCPIP\u0027 Guid=\u0027{2f07e2ee-15db-40f1-90ef-9d7ba282188a}\u0027/\u003e\u003cEventID\u003e1215\u003c/EventID\u003e\u003cVersion\u003e1\u003c/Version\u003e\u003cLevel\u003e4\u003c/Level\u003e\u003cTask\u003e1215\u003c/Task\u003e\u003cOpcode\u003e0\u003c/Opcode\u003e\u003cKeywords\u003e0x8000018300000080\u003c/Keywords\u003e\u003cTimeCreated SystemTime=\u00272026-09-08T22:26:47.7630985Z\u0027/\u003e\u003cEventRecordID\u003e44801\u003c/EventRecordID\u003e\u003cCorrelation ActivityID=\u0027{2f07e2ee-15db-40f1-90ef-9d7ba282188a}\u0027/\u003e\u003cExecution ProcessID=\u00275472\u0027 ThreadID=\u00276668\u0027/\u003e\u003cChannel\u003e\u003c/Channel\u003e\u003cComputer\u003eEC2AMAZ-AESC6KN\u003c/Computer\u003e\u003cSecurity/\u003e\u003c/System\u003e\u003cEventData\u003e\u003cData Name=\u0027IPTransportProtocol\u0027\u003e0\u003c/Data\u003e\u003cData Name=\u0027AddressFamily\u0027\u003e2\u003c/Data\u003e\u003cData Name=\u0027Source IPv4 Address\u0027\u003e1140858284\u003c/Data\u003e\u003cData Name=\u0027Dest IPv4 Address\u0027\u003e402660780\u003c/Data\u003e\u003cData Name=\u0027IPv6SourceIpAddrLength\u0027\u003e0\u003c/Data\u003e\u003cData Name=\u0027IPv6 Source Address\u0027\u003e\u003c/Data\u003e\u003cData Name=\u0027IPv6DestIpAddrLength\u0027\u003e0\u003c/Data\u003e\u003cData Name=\u0027IPv6 Dest Address\u0027\u003e\u003c/Data\u003e\u003cData Name=\u0027Reason\u0027\u003e2\u003c/Data\u003e\u003cData Name=\u0027PacketCount\u0027\u003e1\u003c/Data\u003e\u003cData Name=\u0027IPProtocol\u0027\u003e4\u003c/Data\u003e\u003cData Name=\u0027SourceAddressLength\u0027\u003e16\u003c/Data\u003e\u003cData Name=\u0027SourceAddress\u0027\u003e02000000AC1D00440000000000000000\u003c/Data\u003e\u003cData Name=\u0027DestAddressLength\u0027\u003e16\u003c/Data\u003e\u003cData Name=\u0027DestAddress\u0027\u003e02000000AC1D00180000000000000000\u003c/Data\u003e\u003cData Name=\u0027IfIndex\u0027\u003e18\u003c/Data\u003e\u003cData Name=\u0027PathDirection\u0027\u003e1\u003c/Data\u003e\u003c/EventData\u003e\u003c/Event\u003e","id":1215}
{"time":"2026-09-08T22:26:47.7631708Z","xml":"\u003cEvent xmlns=\u0027http://schemas.microsoft.com/win/2004/08/events/event\u0027\u003e\u003cSystem\u003e\u003cProvider Name=\u0027Microsoft-Windows-TCPIP\u0027 Guid=\u0027{2f07e2ee-15db-40f1-90ef-9d7ba282188a}\u0027/\u003e\u003cEventID\u003e1215\u003c/EventID\u003e\u003cVersion\u003e1\u003c/Version\u003e\u003cLevel\u003e4\u003c/Level\u003e\u003cTask\u003e1215\u003c/Task\u003e\u003cOpcode\u003e0\u003c/Opcode\u003e\u003cKeywords\u003e0x8000018300000080\u003c/Keywords\u003e\u003cTimeCreated SystemTime=\u00272026-09-08T22:26:47.7631708Z\u0027/\u003e\u003cEventRecordID\u003e44805\u003c/EventRecordID\u003e\u003cCorrelation ActivityID=\u0027{2f07e2ee-15db-40f1-90ef-9d7ba282188a}\u0027/\u003e\u003cExecution ProcessID=\u00275472\u0027 ThreadID=\u00276668\u0027/\u003e\u003cChannel\u003e\u003c/Channel\u003e\u003cComputer\u003eEC2AMAZ-AESC6KN\u003c/Computer\u003e\u003cSecurity/\u003e\u003c/System\u003e\u003cEventData\u003e\u003cData Name=\u0027IPTransportProtocol\u0027\u003e0\u003c/Data\u003e\u003cData Name=\u0027AddressFamily\u0027\u003e2\u003c/Data\u003e\u003cData Name=\u0027Source IPv4 Address\u0027\u003e1140858284\u003c/Data\u003e\u003cData Name=\u0027Dest IPv4 Address\u0027\u003e402660780\u003c/Data\u003e\u003cData Name=\u0027IPv6SourceIpAddrLength\u0027\u003e0\u003c/Data\u003e\u003cData Name=\u0027IPv6 Source Address\u0027\u003e\u003c/Data\u003e\u003cData Name=\u0027IPv6DestIpAddrLength\u0027\u003e0\u003c/Data\u003e\u003cData Name=\u0027IPv6 Dest Address\u0027\u003e\u003c/Data\u003e\u003cData Name=\u0027Reason\u0027\u003e2\u003c/Data\u003e\u003cData Name=\u0027PacketCount\u0027\u003e1\u003c/Data\u003e\u003cData Name=\u0027IPProtocol\u0027\u003e4\u003c/Data\u003e\u003cData Name=\u0027SourceAddressLength\u0027\u003e16\u003c/Data\u003e\u003cData Name=\u0027SourceAddress\u0027\u003e02000000AC1D00440000000000000000\u003c/Data\u003e\u003cData Name=\u0027DestAddressLength\u0027\u003e16\u003c/Data\u003e\u003cData Name=\u0027DestAddress\u0027\u003e02000000AC1D00180000000000000000\u003c/Data\u003e\u003cData Name=\u0027IfIndex\u0027\u003e18\u003c/Data\u003e\u003cData Name=\u0027PathDirection\u0027\u003e1\u003c/Data\u003e\u003c/EventData\u003e\u003c/Event\u003e","id":1215}
{"time":"2026-09-08T22:26:51.7649291Z","xml":"\u003cEvent xmlns=\u0027http://schemas.microsoft.com/win/2004/08/events/event\u0027\u003e\u003cSystem\u003e\u003cProvider Name=\u0027Microsoft-Windows-TCPIP\u0027 Guid=\u0027{2f07e2ee-15db-40f1-90ef-9d7ba282188a}\u0027/\u003e\u003cEventID\u003e1215\u003c/EventID\u003e\u003cVersion\u003e1\u003c/Version\u003e\u003cLevel\u003e4\u003c/Level\u003e\u003cTask\u003e1215\u003c/Task\u003e\u003cOpcode\u003e0\u003c/Opcode\u003e\u003cKeywords\u003e0x8000018300000080\u003c/Keywords\u003e\u003cTimeCreated SystemTime=\u00272026-09-08T22:26:51.7649291Z\u0027/\u003e\u003cEventRecordID\u003e45835\u003c/EventRecordID\u003e\u003cCorrelation ActivityID=\u0027{2f07e2ee-15db-40f1-90ef-9d7ba282188a}\u0027/\u003e\u003cExecution ProcessID=\u00272624\u0027 ThreadID=\u00275180\u0027/\u003e\u003cChannel\u003e\u003c/Channel\u003e\u003cComputer\u003eEC2AMAZ-AESC6KN\u003c/Computer\u003e\u003cSecurity/\u003e\u003c/System\u003e\u003cEventData\u003e\u003cData Name=\u0027IPTransportProtocol\u0027\u003e6\u003c/Data\u003e\u003cData Name=\u0027AddressFamily\u0027\u003e23\u003c/Data\u003e\u003cData Name=\u0027Source IPv4 Address\u0027\u003e0\u003c/Data\u003e\u003cData Name=\u0027Dest IPv4 Address\u0027\u003e0\u003c/Data\u003e\u003cData Name=\u0027IPv6SourceIpAddrLength\u0027\u003e16\u003c/Data\u003e\u003cData Name=\u0027IPv6 Source Address\u0027\u003e00000000000000000000000000000001\u003c/Data\u003e\u003cData Name=\u0027IPv6DestIpAddrLength\u0027\u003e16\u003c/Data\u003e\u003cData Name=\u0027IPv6 Dest Address\u0027\u003e00000000000000000000000000000001\u003c/Data\u003e\u003cData Name=\u0027Reason\u0027\u003e256\u003c/Data\u003e\u003cData Name=\u0027PacketCount\u0027\u003e1\u003c/Data\u003e\u003cData Name=\u0027IPProtocol\u0027\u003e6\u003c/Data\u003e\u003cData Name=\u0027SourceAddressLength\u0027\u003e28\u003c/Data\u003e\u003cData Name=\u0027SourceAddress\u0027\u003e17000000000000000000000000000000000000000000000100000000\u003c/Data\u003e\u003cData Name=\u0027DestAddressLength\u0027\u003e28\u003c/Data\u003e\u003cData Name=\u0027DestAddress\u0027\u003e17000000000000000000000000000000000000000000000100000000\u003c/Data\u003e\u003cData Name=\u0027IfIndex\u0027\u003e1\u003c/Data\u003e\u003cData Name=\u0027PathDirection\u0027\u003e1\u003c/Data\u003e\u003c/EventData\u003e\u003c/Event\u003e","id":1215}
{"time":"2026-09-08T22:26:53.1498272Z","xml":"\u003cEvent xmlns=\u0027http://schemas.microsoft.com/win/2004/08/events/event\u0027\u003e\u003cSystem\u003e\u003cProvider Name=\u0027Microsoft-Windows-TCPIP\u0027 Guid=\u0027{2f07e2ee-15db-40f1-90ef-9d7ba282188a}\u0027/\u003e\u003cEventID\u003e1215\u003c/EventID\u003e\u003cVersion\u003e1\u003c/Version\u003e\u003cLevel\u003e4\u003c/Level\u003e\u003cTask\u003e1215\u003c/Task\u003e\u003cOpcode\u003e0\u003c/Opcode\u003e\u003cKeywords\u003e0x8000018300000080\u003c/Keywords\u003e\u003cTimeCreated SystemTime=\u00272026-09-08T22:26:53.1498272Z\u0027/\u003e\u003cEventRecordID\u003e46330\u003c/EventRecordID\u003e\u003cCorrelation ActivityID=\u0027{2f07e2ee-15db-40f1-90ef-9d7ba282188a}\u0027/\u003e\u003cExecution ProcessID=\u00275872\u0027 ThreadID=\u00276752\u0027/\u003e\u003cChannel\u003e\u003c/Channel\u003e\u003cComputer\u003eEC2AMAZ-AESC6KN\u003c/Computer\u003e\u003cSecurity/\u003e\u003c/System\u003e\u003cEventData\u003e\u003cData Name=\u0027IPTransportProtocol\u0027\u003e6\u003c/Data\u003e\u003cData Name=\u0027AddressFamily\u0027\u003e23\u003c/Data\u003e\u003cData Name=\u0027Source IPv4 Address\u0027\u003e0\u003c/Data\u003e\u003cData Name=\u0027Dest IPv4 Address\u0027\u003e0\u003c/Data\u003e\u003cData Name=\u0027IPv6SourceIpAddrLength\u0027\u003e16\u003c/Data\u003e\u003cData Name=\u0027IPv6 Source Address\u0027\u003e00000000000000000000000000000001\u003c/Data\u003e\u003cData Name=\u0027IPv6DestIpAddrLength\u0027\u003e16\u003c/Data\u003e\u003cData Name=\u0027IPv6 Dest Address\u0027\u003e00000000000000000000000000000001\u003c/Data\u003e\u003cData Name=\u0027Reason\u0027\u003e256\u003c/Data\u003e\u003cData Name=\u0027PacketCount\u0027\u003e1\u003c/Data\u003e\u003cData Name=\u0027IPProtocol\u0027\u003e6\u003c/Data\u003e\u003cData Name=\u0027SourceAddressLength\u0027\u003e28\u003c/Data\u003e\u003cData Name=\u0027SourceAddress\u0027\u003e17000000000000000000000000000000000000000000000100000000\u003c/Data\u003e\u003cData Name=\u0027DestAddressLength\u0027\u003e28\u003c/Data\u003e\u003cData Name=\u0027DestAddress\u0027\u003e17000000000000000000000000000000000000000000000100000000\u003c/Data\u003e\u003cData Name=\u0027IfIndex\u0027\u003e1\u003c/Data\u003e\u003cData Name=\u0027PathDirection\u0027\u003e1\u003c/Data\u003e\u003c/EventData\u003e\u003c/Event\u003e","id":1215}
{"time":"2026-09-08T22:27:01.7835047Z","xml":"\u003cEvent xmlns=\u0027http://schemas.microsoft.com/win/2004/08/events/event\u0027\u003e\u003cSystem\u003e\u003cProvider Name=\u0027Microsoft-Windows-TCPIP\u0027 Guid=\u0027{2f07e2ee-15db-40f1-90ef-9d7ba282188a}\u0027/\u003e\u003cEventID\u003e1215\u003c/EventID\u003e\u003cVersion\u003e1\u003c/Version\u003e\u003cLevel\u003e4\u003c/Level\u003e\u003cTask\u003e1215\u003c/Task\u003e\u003cOpcode\u003e0\u003c/Opcode\u003e\u003cKeywords\u003e0x8000018300000080\u003c/Keywords\u003e\u003cTimeCreated SystemTime=\u00272026-09-08T22:27:01.7835047Z\u0027/\u003e\u003cEventRecordID\u003e51395\u003c/EventRecordID\u003e\u003cCorrelation ActivityID=\u0027{2f07e2ee-15db-40f1-90ef-9d7ba282188a}\u0027/\u003e\u003cExecution ProcessID=\u00274116\u0027 ThreadID=\u00273336\u0027/\u003e\u003cChannel\u003e\u003c/Channel\u003e\u003cComputer\u003eEC2AMAZ-AESC6KN\u003c/Computer\u003e\u003cSecurity/\u003e\u003c/System\u003e\u003cEventData\u003e\u003cData Name=\u0027IPTransportProtocol\u0027\u003e6\u003c/Data\u003e\u003cData Name=\u0027AddressFamily\u0027\u003e23\u003c/Data\u003e\u003cData Name=\u0027Source IPv4 Address\u0027\u003e0\u003c/Data\u003e\u003cData Name=\u0027Dest IPv4 Address\u0027\u003e0\u003c/Data\u003e\u003cData Name=\u0027IPv6SourceIpAddrLength\u0027\u003e16\u003c/Data\u003e\u003cData Name=\u0027IPv6 Source Address\u0027\u003e00000000000000000000000000000001\u003c/Data\u003e\u003cData Name=\u0027IPv6DestIpAddrLength\u0027\u003e16\u003c/Data\u003e\u003cData Name=\u0027IPv6 Dest Address\u0027\u003e00000000000000000000000000000001\u003c/Data\u003e\u003cData Name=\u0027Reason\u0027\u003e256\u003c/Data\u003e\u003cData Name=\u0027PacketCount\u0027\u003e1\u003c/Data\u003e\u003cData Name=\u0027IPProtocol\u0027\u003e6\u003c/Data\u003e\u003cData Name=\u0027SourceAddressLength\u0027\u003e28\u003c/Data\u003e\u003cData Name=\u0027SourceAddress\u0027\u003e17000000000000000000000000000000000000000000000100000000\u003c/Data\u003e\u003cData Name=\u0027DestAddressLength\u0027\u003e28\u003c/Data\u003e\u003cData Name=\u0027DestAddress\u0027\u003e17000000000000000000000000000000000000000000000100000000\u003c/Data\u003e\u003cData Name=\u0027IfIndex\u0027\u003e1\u003c/Data\u003e\u003cData Name=\u0027PathDirection\u0027\u003e1\u003c/Data\u003e\u003c/EventData\u003e\u003c/Event\u003e","id":1215}
{"time":"2026-09-08T22:27:03.1099567Z","xml":"\u003cEvent xmlns=\u0027http://schemas.microsoft.com/win/2004/08/events/event\u0027\u003e\u003cSystem\u003e\u003cProvider Name=\u0027Microsoft-Windows-TCPIP\u0027 Guid=\u0027{2f07e2ee-15db-40f1-90ef-9d7ba282188a}\u0027/\u003e\u003cEventID\u003e1215\u003c/EventID\u003e\u003cVersion\u003e1\u003c/Version\u003e\u003cLevel\u003e4\u003c/Level\u003e\u003cTask\u003e1215\u003c/Task\u003e\u003cOpcode\u003e0\u003c/Opcode\u003e\u003cKeywords\u003e0x8000018300000080\u003c/Keywords\u003e\u003cTimeCreated SystemTime=\u00272026-09-08T22:27:03.1099567Z\u0027/\u003e\u003cEventRecordID\u003e51851\u003c/EventRecordID\u003e\u003cCorrelation ActivityID=\u0027{2f07e2ee-15db-40f1-90ef-9d7ba282188a}\u0027/\u003e\u003cExecution ProcessID=\u00274420\u0027 ThreadID=\u00272164\u0027/\u003e\u003cChannel\u003e\u003c/Channel\u003e\u003cComputer\u003eEC2AMAZ-AESC6KN\u003c/Computer\u003e\u003cSecurity/\u003e\u003c/System\u003e\u003cEventData\u003e\u003cData Name=\u0027IPTransportProtocol\u0027\u003e6\u003c/Data\u003e\u003cData Name=\u0027AddressFamily\u0027\u003e23\u003c/Data\u003e\u003cData Name=\u0027Source IPv4 Address\u0027\u003e0\u003c/Data\u003e\u003cData Name=\u0027Dest IPv4 Address\u0027\u003e0\u003c/Data\u003e\u003cData Name=\u0027IPv6SourceIpAddrLength\u0027\u003e16\u003c/Data\u003e\u003cData Name=\u0027IPv6 Source Address\u0027\u003e00000000000000000000000000000001\u003c/Data\u003e\u003cData Name=\u0027IPv6DestIpAddrLength\u0027\u003e16\u003c/Data\u003e\u003cData Name=\u0027IPv6 Dest Address\u0027\u003e00000000000000000000000000000001\u003c/Data\u003e\u003cData Name=\u0027Reason\u0027\u003e256\u003c/Data\u003e\u003cData Name=\u0027PacketCount\u0027\u003e1\u003c/Data\u003e\u003cData Name=\u0027IPProtocol\u0027\u003e6\u003c/Data\u003e\u003cData Name=\u0027SourceAddressLength\u0027\u003e28\u003c/Data\u003e\u003cData Name=\u0027SourceAddress\u0027\u003e17000000000000000000000000000000000000000000000100000000\u003c/Data\u003e\u003cData Name=\u0027DestAddressLength\u0027\u003e28\u003c/Data\u003e\u003cData Name=\u0027DestAddress\u0027\u003e17000000000000000000000000000000000000000000000100000000\u003c/Data\u003e\u003cData Name=\u0027IfIndex\u0027\u003e1\u003c/Data\u003e\u003cData Name=\u0027PathDirection\u0027\u003e1\u003c/Data\u003e\u003c/EventData\u003e\u003c/Event\u003e","id":1215}
{"time":"2026-09-08T22:27:11.7618597Z","xml":"\u003cEvent xmlns=\u0027http://schemas.microsoft.com/win/2004/08/events/event\u0027\u003e\u003cSystem\u003e\u003cProvider Name=\u0027Microsoft-Windows-TCPIP\u0027 Guid=\u0027{2f07e2ee-15db-40f1-90ef-9d7ba282188a}\u0027/\u003e\u003cEventID\u003e1215\u003c/EventID\u003e\u003cVersion\u003e1\u003c/Version\u003e\u003cLevel\u003e4\u003c/Level\u003e\u003cTask\u003e1215\u003c/Task\u003e\u003cOpcode\u003e0\u003c/Opcode\u003e\u003cKeywords\u003e0x8000018300000080\u003c/Keywords\u003e\u003cTimeCreated SystemTime=\u00272026-09-08T22:27:11.7618597Z\u0027/\u003e\u003cEventRecordID\u003e53714\u003c/EventRecordID\u003e\u003cCorrelation ActivityID=\u0027{2f07e2ee-15db-40f1-90ef-9d7ba282188a}\u0027/\u003e\u003cExecution ProcessID=\u00275832\u0027 ThreadID=\u00271888\u0027/\u003e\u003cChannel\u003e\u003c/Channel\u003e\u003cComputer\u003eEC2AMAZ-AESC6KN\u003c/Computer\u003e\u003cSecurity/\u003e\u003c/System\u003e\u003cEventData\u003e\u003cData Name=\u0027IPTransportProtocol\u0027\u003e6\u003c/Data\u003e\u003cData Name=\u0027AddressFamily\u0027\u003e23\u003c/Data\u003e\u003cData Name=\u0027Source IPv4 Address\u0027\u003e0\u003c/Data\u003e\u003cData Name=\u0027Dest IPv4 Address\u0027\u003e0\u003c/Data\u003e\u003cData Name=\u0027IPv6SourceIpAddrLength\u0027\u003e16\u003c/Data\u003e\u003cData Name=\u0027IPv6 Source Address\u0027\u003e00000000000000000000000000000001\u003c/Data\u003e\u003cData Name=\u0027IPv6DestIpAddrLength\u0027\u003e16\u003c/Data\u003e\u003cData Name=\u0027IPv6 Dest Address\u0027\u003e00000000000000000000000000000001\u003c/Data\u003e\u003cData Name=\u0027Reason\u0027\u003e256\u003c/Data\u003e\u003cData Name=\u0027PacketCount\u0027\u003e1\u003c/Data\u003e\u003cData Name=\u0027IPProtocol\u0027\u003e6\u003c/Data\u003e\u003cData Name=\u0027SourceAddressLength\u0027\u003e28\u003c/Data\u003e\u003cData Name=\u0027SourceAddress\u0027\u003e17000000000000000000000000000000000000000000000100000000\u003c/Data\u003e\u003cData Name=\u0027DestAddressLength\u0027\u003e28\u003c/Data\u003e\u003cData Name=\u0027DestAddress\u0027\u003e17000000000000000000000000000000000000000000000100000000\u003c/Data\u003e\u003cData Name=\u0027IfIndex\u0027\u003e1\u003c/Data\u003e\u003cData Name=\u0027PathDirection\u0027\u003e1\u003c/Data\u003e\u003c/EventData\u003e\u003c/Event\u003e","id":1215}
{"time":"2026-09-08T22:27:13.0691479Z","xml":"\u003cEvent xmlns=\u0027http://schemas.microsoft.com/win/2004/08/events/event\u0027\u003e\u003cSystem\u003e\u003cProvider Name=\u0027Microsoft-Windows-TCPIP\u0027 Guid=\u0027{2f07e2ee-15db-40f1-90ef-9d7ba282188a}\u0027/\u003e\u003cEventID\u003e1215\u003c/EventID\u003e\u003cVersion\u003e1\u003c/Version\u003e\u003cLevel\u003e4\u003c/Level\u003e\u003cTask\u003e1215\u003c/Task\u003e\u003cOpcode\u003e0\u003c/Opcode\u003e\u003cKeywords\u003e0x8000018300000080\u003c/Keywords\u003e\u003cTimeCreated SystemTime=\u00272026-09-08T22:27:13.0691479Z\u0027/\u003e\u003cEventRecordID\u003e54838\u003c/EventRecordID\u003e\u003cCorrelation ActivityID=\u0027{2f07e2ee-15db-40f1-90ef-9d7ba282188a}\u0027/\u003e\u003cExecution ProcessID=\u0027736\u0027 ThreadID=\u00276768\u0027/\u003e\u003cChannel\u003e\u003c/Channel\u003e\u003cComputer\u003eEC2AMAZ-AESC6KN\u003c/Computer\u003e\u003cSecurity/\u003e\u003c/System\u003e\u003cEventData\u003e\u003cData Name=\u0027IPTransportProtocol\u0027\u003e6\u003c/Data\u003e\u003cData Name=\u0027AddressFamily\u0027\u003e23\u003c/Data\u003e\u003cData Name=\u0027Source IPv4 Address\u0027\u003e0\u003c/Data\u003e\u003cData Name=\u0027Dest IPv4 Address\u0027\u003e0\u003c/Data\u003e\u003cData Name=\u0027IPv6SourceIpAddrLength\u0027\u003e16\u003c/Data\u003e\u003cData Name=\u0027IPv6 Source Address\u0027\u003e00000000000000000000000000000001\u003c/Data\u003e\u003cData Name=\u0027IPv6DestIpAddrLength\u0027\u003e16\u003c/Data\u003e\u003cData Name=\u0027IPv6 Dest Address\u0027\u003e00000000000000000000000000000001\u003c/Data\u003e\u003cData Name=\u0027Reason\u0027\u003e256\u003c/Data\u003e\u003cData Name=\u0027PacketCount\u0027\u003e1\u003c/Data\u003e\u003cData Name=\u0027IPProtocol\u0027\u003e6\u003c/Data\u003e\u003cData Name=\u0027SourceAddressLength\u0027\u003e28\u003c/Data\u003e\u003cData Name=\u0027SourceAddress\u0027\u003e17000000000000000000000000000000000000000000000100000000\u003c/Data\u003e\u003cData Name=\u0027DestAddressLength\u0027\u003e28\u003c/Data\u003e\u003cData Name=\u0027DestAddress\u0027\u003e17000000000000000000000000000000000000000000000100000000\u003c/Data\u003e\u003cData Name=\u0027IfIndex\u0027\u003e1\u003c/Data\u003e\u003cData Name=\u0027PathDirection\u0027\u003e1\u003c/Data\u003e\u003c/EventData\u003e\u003c/Event\u003e","id":1215}
{"time":"2026-09-08T22:27:21.7464349Z","xml":"\u003cEvent xmlns=\u0027http://schemas.microsoft.com/win/2004/08/events/event\u0027\u003e\u003cSystem\u003e\u003cProvider Name=\u0027Microsoft-Windows-TCPIP\u0027 Guid=\u0027{2f07e2ee-15db-40f1-90ef-9d7ba282188a}\u0027/\u003e\u003cEventID\u003e1215\u003c/EventID\u003e\u003cVersion\u003e1\u003c/Version\u003e\u003cLevel\u003e4\u003c/Level\u003e\u003cTask\u003e1215\u003c/Task\u003e\u003cOpcode\u003e0\u003c/Opcode\u003e\u003cKeywords\u003e0x8000018300000080\u003c/Keywords\u003e\u003cTimeCreated SystemTime=\u00272026-09-08T22:27:21.7464349Z\u0027/\u003e\u003cEventRecordID\u003e56957\u003c/EventRecordID\u003e\u003cCorrelation ActivityID=\u0027{2f07e2ee-15db-40f1-90ef-9d7ba282188a}\u0027/\u003e\u003cExecution ProcessID=\u00276320\u0027 ThreadID=\u00274000\u0027/\u003e\u003cChannel\u003e\u003c/Channel\u003e\u003cComputer\u003eEC2AMAZ-AESC6KN\u003c/Computer\u003e\u003cSecurity/\u003e\u003c/System\u003e\u003cEventData\u003e\u003cData Name=\u0027IPTransportProtocol\u0027\u003e6\u003c/Data\u003e\u003cData Name=\u0027AddressFamily\u0027\u003e23\u003c/Data\u003e\u003cData Name=\u0027Source IPv4 Address\u0027\u003e0\u003c/Data\u003e\u003cData Name=\u0027Dest IPv4 Address\u0027\u003e0\u003c/Data\u003e\u003cData Name=\u0027IPv6SourceIpAddrLength\u0027\u003e16\u003c/Data\u003e\u003cData Name=\u0027IPv6 Source Address\u0027\u003e00000000000000000000000000000001\u003c/Data\u003e\u003cData Name=\u0027IPv6DestIpAddrLength\u0027\u003e16\u003c/Data\u003e\u003cData Name=\u0027IPv6 Dest Address\u0027\u003e00000000000000000000000000000001\u003c/Data\u003e\u003cData Name=\u0027Reason\u0027\u003e256\u003c/Data\u003e\u003cData Name=\u0027PacketCount\u0027\u003e1\u003c/Data\u003e\u003cData Name=\u0027IPProtocol\u0027\u003e6\u003c/Data\u003e\u003cData Name=\u0027SourceAddressLength\u0027\u003e28\u003c/Data\u003e\u003cData Name=\u0027SourceAddress\u0027\u003e17000000000000000000000000000000000000000000000100000000\u003c/Data\u003e\u003cData Name=\u0027DestAddressLength\u0027\u003e28\u003c/Data\u003e\u003cData Name=\u0027DestAddress\u0027\u003e17000000000000000000000000000000000000000000000100000000\u003c/Data\u003e\u003cData Name=\u0027IfIndex\u0027\u003e1\u003c/Data\u003e\u003cData Name=\u0027PathDirection\u0027\u003e1\u003c/Data\u003e\u003c/EventData\u003e\u003c/Event\u003e","id":1215}
