{"time":"2026-09-08T22:27:23.0753119Z","xml":"\u003cEvent xmlns=\u0027http://schemas.microsoft.com/win/2004/08/events/event\u0027\u003e\u003cSystem\u003e\u003cProvider Name=\u0027Microsoft-Windows-TCPIP\u0027 Guid=\u0027{2f07e2ee-15db-40f1-90ef-9d7ba282188a}\u0027/\u003e\u003cEventID\u003e1215\u003c/EventID\u003e\u003cVersion\u003e1\u003c/Version\u003e\u003cLevel\u003e4\u003c/Level\u003e\u003cTask\u003e1215\u003c/Task\u003e\u003cOpcode\u003e0\u003c/Opcode\u003e\u003cKeywords\u003e0x8000018300000080\u003c/Keywords\u003e\u003cTimeCreated SystemTime=\u00272026-09-08T22:27:23.0753119Z\u0027/\u003e\u003cEventRecordID\u003e56994\u003c/EventRecordID\u003e\u003cCorrelation ActivityID=\u0027{2f07e2ee-15db-40f1-90ef-9d7ba282188a}\u0027/\u003e\u003cExecution ProcessID=\u00271320\u0027 ThreadID=\u00276036\u0027/\u003e\u003cChannel\u003e\u003c/Channel\u003e\u003cComputer\u003eEC2AMAZ-AESC6KN\u003c/Computer\u003e\u003cSecurity/\u003e\u003c/System\u003e\u003cEventData\u003e\u003cData Name=\u0027IPTransportProtocol\u0027\u003e6\u003c/Data\u003e\u003cData Name=\u0027AddressFamily\u0027\u003e23\u003c/Data\u003e\u003cData Name=\u0027Source IPv4 Address\u0027\u003e0\u003c/Data\u003e\u003cData Name=\u0027Dest IPv4 Address\u0027\u003e0\u003c/Data\u003e\u003cData Name=\u0027IPv6SourceIpAddrLength\u0027\u003e16\u003c/Data\u003e\u003cData Name=\u0027IPv6 Source Address\u0027\u003e00000000000000000000000000000001\u003c/Data\u003e\u003cData Name=\u0027IPv6DestIpAddrLength\u0027\u003e16\u003c/Data\u003e\u003cData Name=\u0027IPv6 Dest Address\u0027\u003e00000000000000000000000000000001\u003c/Data\u003e\u003cData Name=\u0027Reason\u0027\u003e256\u003c/Data\u003e\u003cData Name=\u0027PacketCount\u0027\u003e1\u003c/Data\u003e\u003cData Name=\u0027IPProtocol\u0027\u003e6\u003c/Data\u003e\u003cData Name=\u0027SourceAddressLength\u0027\u003e28\u003c/Data\u003e\u003cData Name=\u0027SourceAddress\u0027\u003e17000000000000000000000000000000000000000000000100000000\u003c/Data\u003e\u003cData Name=\u0027DestAddressLength\u0027\u003e28\u003c/Data\u003e\u003cData Name=\u0027DestAddress\u0027\u003e17000000000000000000000000000000000000000000000100000000\u003c/Data\u003e\u003cData Name=\u0027IfIndex\u0027\u003e1\u003c/Data\u003e\u003cData Name=\u0027PathDirection\u0027\u003e1\u003c/Data\u003e\u003c/EventData\u003e\u003c/Event\u003e","id":1215}
{"time":"2026-09-08T22:27:24.5560089Z","xml":"\u003cEvent xmlns=\u0027http://schemas.microsoft.com/win/2004/08/events/event\u0027\u003e\u003cSystem\u003e\u003cProvider Name=\u0027Microsoft-Windows-TCPIP\u0027 Guid=\u0027{2f07e2ee-15db-40f1-90ef-9d7ba282188a}\u0027/\u003e\u003cEventID\u003e1215\u003c/EventID\u003e\u003cVersion\u003e1\u003c/Version\u003e\u003cLevel\u003e4\u003c/Level\u003e\u003cTask\u003e1215\u003c/Task\u003e\u003cOpcode\u003e0\u003c/Opcode\u003e\u003cKeywords\u003e0x8000018300000080\u003c/Keywords\u003e\u003cTimeCreated SystemTime=\u00272026-09-08T22:27:24.5560089Z\u0027/\u003e\u003cEventRecordID\u003e57058\u003c/EventRecordID\u003e\u003cCorrelation ActivityID=\u0027{2f07e2ee-15db-40f1-90ef-9d7ba282188a}\u0027/\u003e\u003cExecution ProcessID=\u00270\u0027 ThreadID=\u00270\u0027/\u003e\u003cChannel\u003e\u003c/Channel\u003e\u003cComputer\u003eEC2AMAZ-AESC6KN\u003c/Computer\u003e\u003cSecurity/\u003e\u003c/System\u003e\u003cEventData\u003e\u003cData Name=\u0027IPTransportProtocol\u0027\u003e6\u003c/Data\u003e\u003cData Name=\u0027AddressFamily\u0027\u003e2\u003c/Data\u003e\u003cData Name=\u0027Source IPv4 Address\u0027\u003e218106378\u003c/Data\u003e\u003cData Name=\u0027Dest IPv4 Address\u0027\u003e402660780\u003c/Data\u003e\u003cData Name=\u0027IPv6SourceIpAddrLength\u0027\u003e0\u003c/Data\u003e\u003cData Name=\u0027IPv6 Source Address\u0027\u003e\u003c/Data\u003e\u003cData Name=\u0027IPv6DestIpAddrLength\u0027\u003e0\u003c/Data\u003e\u003cData Name=\u0027IPv6 Dest Address\u0027\u003e\u003c/Data\u003e\u003cData Name=\u0027Reason\u0027\u003e256\u003c/Data\u003e\u003cData Name=\u0027PacketCount\u0027\u003e1\u003c/Data\u003e\u003cData Name=\u0027IPProtocol\u0027\u003e4\u003c/Data\u003e\u003cData Name=\u0027SourceAddressLength\u0027\u003e16\u003c/Data\u003e\u003cData Name=\u0027SourceAddress\u0027\u003e020000000A0A000D0000000000000000\u003c/Data\u003e\u003cData Name=\u0027DestAddressLength\u0027\u003e16\u003c/Data\u003e\u003cData Name=\u0027DestAddress\u0027\u003e02000000AC1D00180000000000000000\u003c/Data\u003e\u003cData Name=\u0027IfIndex\u0027\u003e9\u003c/Data\u003e\u003cData Name=\u0027PathDirection\u0027\u003e1\u003c/Data\u003e\u003c/EventData\u003e\u003c/Event\u003e","id":1215}
{"time":"2026-09-08T22:27:31.7869842Z","xml":"\u003cEvent xmlns=\u0027http://schemas.microsoft.com/win/2004/08/events/event\u0027\u003e\u003cSystem\u003e\u003cProvider Name=\u0027Microsoft-Windows-TCPIP\u0027 Guid=\u0027{2f07e2ee-15db-40f1-90ef-9d7ba282188a}\u0027/\u003e\u003cEventID\u003e1215\u003c/EventID\u003e\u003cVersion\u003e1\u003c/Version\u003e\u003cLevel\u003e4\u003c/Level\u003e\u003cTask\u003e1215\u003c/Task\u003e\u003cOpcode\u003e0\u003c/Opcode\u003e\u003cKeywords\u003e0x8000018300000080\u003c/Keywords\u003e\u003cTimeCreated SystemTime=\u00272026-09-08T22:27:31.7869842Z\u0027/\u003e\u003cEventRecordID\u003e57339\u003c/EventRecordID\u003e\u003cCorrelation ActivityID=\u0027{2f07e2ee-15db-40f1-90ef-9d7ba282188a}\u0027/\u003e\u003cExecution ProcessID=\u00275948\u0027 ThreadID=\u00275780\u0027/\u003e\u003cChannel\u003e\u003c/Channel\u003e\u003cComputer\u003eEC2AMAZ-AESC6KN\u003c/Computer\u003e\u003cSecurity/\u003e\u003c/System\u003e\u003cEventData\u003e\u003cData Name=\u0027IPTransportProtocol\u0027\u003e6\u003c/Data\u003e\u003cData Name=\u0027AddressFamily\u0027\u003e23\u003c/Data\u003e\u003cData Name=\u0027Source IPv4 Address\u0027\u003e0\u003c/Data\u003e\u003cData Name=\u0027Dest IPv4 Address\u0027\u003e0\u003c/Data\u003e\u003cData Name=\u0027IPv6SourceIpAddrLength\u0027\u003e16\u003c/Data\u003e\u003cData Name=\u0027IPv6 Source Address\u0027\u003e00000000000000000000000000000001\u003c/Data\u003e\u003cData Name=\u0027IPv6DestIpAddrLength\u0027\u003e16\u003c/Data\u003e\u003cData Name=\u0027IPv6 Dest Address\u0027\u003e00000000000000000000000000000001\u003c/Data\u003e\u003cData Name=\u0027Reason\u0027\u003e256\u003c/Data\u003e\u003cData Name=\u0027PacketCount\u0027\u003e1\u003c/Data\u003e\u003cData Name=\u0027IPProtocol\u0027\u003e6\u003c/Data\u003e\u003cData Name=\u0027SourceAddressLength\u0027\u003e28\u003c/Data\u003e\u003cData Name=\u0027SourceAddress\u0027\u003e17000000000000000000000000000000000000000000000100000000\u003c/Data\u003e\u003cData Name=\u0027DestAddressLength\u0027\u003e28\u003c/Data\u003e\u003cData Name=\u0027DestAddress\u0027\u003e17000000000000000000000000000000000000000000000100000000\u003c/Data\u003e\u003cData Name=\u0027IfIndex\u0027\u003e1\u003c/Data\u003e\u003cData Name=\u0027PathDirection\u0027\u003e1\u003c/Data\u003e\u003c/EventData\u003e\u003c/Event\u003e","id":1215}
{"time":"2026-09-08T22:27:33.1448175Z","xml":"\u003cEvent xmlns=\u0027http://schemas.microsoft.com/win/2004/08/events/event\u0027\u003e\u003cSystem\u003e\u003cProvider Name=\u0027Microsoft-Windows-TCPIP\u0027 Guid=\u0027{2f07e2ee-15db-40f1-90ef-9d7ba282188a}\u0027/\u003e\u003cEventID\u003e1215\u003c/EventID\u003e\u003cVersion\u003e1\u003c/Version\u003e\u003cLevel\u003e4\u003c/Level\u003e\u003cTask\u003e1215\u003c/Task\u003e\u003cOpcode\u003e0\u003c/Opcode\u003e\u003cKeywords\u003e0x8000018300000080\u003c/Keywords\u003e\u003cTimeCreated SystemTime=\u00272026-09-08T22:27:33.1448175Z\u0027/\u003e\u003cEventRecordID\u003e57391\u003c/EventRecordID\u003e\u003cCorrelation ActivityID=\u0027{2f07e2ee-15db-40f1-90ef-9d7ba282188a}\u0027/\u003e\u003cExecution ProcessID=\u00274952\u0027 ThreadID=\u00276608\u0027/\u003e\u003cChannel\u003e\u003c/Channel\u003e\u003cComputer\u003eEC2AMAZ-AESC6KN\u003c/Computer\u003e\u003cSecurity/\u003e\u003c/System\u003e\u003cEventData\u003e\u003cData Name=\u0027IPTransportProtocol\u0027\u003e6\u003c/Data\u003e\u003cData Name=\u0027AddressFamily\u0027\u003e23\u003c/Data\u003e\u003cData Name=\u0027Source IPv4 Address\u0027\u003e0\u003c/Data\u003e\u003cData Name=\u0027Dest IPv4 Address\u0027\u003e0\u003c/Data\u003e\u003cData Name=\u0027IPv6SourceIpAddrLength\u0027\u003e16\u003c/Data\u003e\u003cData Name=\u0027IPv6 Source Address\u0027\u003e00000000000000000000000000000001\u003c/Data\u003e\u003cData Name=\u0027IPv6DestIpAddrLength\u0027\u003e16\u003c/Data\u003e\u003cData Name=\u0027IPv6 Dest Address\u0027\u003e00000000000000000000000000000001\u003c/Data\u003e\u003cData Name=\u0027Reason\u0027\u003e256\u003c/Data\u003e\u003cData Name=\u0027PacketCount\u0027\u003e1\u003c/Data\u003e\u003cData Name=\u0027IPProtocol\u0027\u003e6\u003c/Data\u003e\u003cData Name=\u0027SourceAddressLength\u0027\u003e28\u003c/Data\u003e\u003cData Name=\u0027SourceAddress\u0027\u003e17000000000000000000000000000000000000000000000100000000\u003c/Data\u003e\u003cData Name=\u0027DestAddressLength\u0027\u003e28\u003c/Data\u003e\u003cData Name=\u0027DestAddress\u0027\u003e17000000000000000000000000000000000000000000000100000000\u003c/Data\u003e\u003cData Name=\u0027IfIndex\u0027\u003e1\u003c/Data\u003e\u003cData Name=\u0027PathDirection\u0027\u003e1\u003c/Data\u003e\u003c/EventData\u003e\u003c/Event\u003e","id":1215}
