{"time":"2026-09-08T22:25:51.3895071Z","xml":"\u003cEvent xmlns=\u0027http://schemas.microsoft.com/win/2004/08/events/event\u0027\u003e\u003cSystem\u003e\u003cProvider Name=\u0027Microsoft-Windows-TCPIP\u0027 Guid=\u0027{2f07e2ee-15db-40f1-90ef-9d7ba282188a}\u0027/\u003e\u003cEventID\u003e1215\u003c/EventID\u003e\u003cVersion\u003e2\u003c/Version\u003e\u003cLevel\u003e4\u003c/Level\u003e\u003cTask\u003e1215\u003c/Task\u003e\u003cOpcode\u003e0\u003c/Opcode\u003e\u003cKeywords\u003e0x8000018300000080\u003c/Keywords\u003e\u003cTimeCreated SystemTime=\u00272026-09-08T22:25:51.3895071Z\u0027/\u003e\u003cEventRecordID\u003e337\u003c/EventRecordID\u003e\u003cCorrelation ActivityID=\u0027{2f07e2ee-15db-40f1-90ef-9d7ba282188a}\u0027/\u003e\u003cExecution ProcessID=\u00277508\u0027 ThreadID=\u00276572\u0027/\u003e\u003cChannel\u003e\u003c/Channel\u003e\u003cComputer\u003eEC2AMAZ-83E5T32\u003c/Computer\u003e\u003cSecurity/\u003e\u003c/System\u003e\u003cEventData\u003e\u003cData Name=\u0027IPTransportProtocol\u0027\u003e6\u003c/Data\u003e\u003cData Name=\u0027AddressFamily\u0027\u003e23\u003c/Data\u003e\u003cData Name=\u0027Source IPv4 Address\u0027\u003e0\u003c/Data\u003e\u003cData Name=\u0027Dest IPv4 Address\u0027\u003e0\u003c/Data\u003e\u003cData Name=\u0027IPv6SourceIpAddrLength\u0027\u003e16\u003c/Data\u003e\u003cData Name=\u0027IPv6 Source Address\u0027\u003e00000000000000000000000000000001\u003c/Data\u003e\u003cData Name=\u0027IPv6DestIpAddrLength\u0027\u003e16\u003c/Data\u003e\u003cData Name=\u0027IPv6 Dest Address\u0027\u003e00000000000000000000000000000001\u003c/Data\u003e\u003cData Name=\u0027Reason\u0027\u003e256\u003c/Data\u003e\u003cData Name=\u0027PacketCount\u0027\u003e1\u003c/Data\u003e\u003cData Name=\u0027IPProtocol\u0027\u003e6\u003c/Data\u003e\u003cData Name=\u0027SourceAddressLength\u0027\u003e28\u003c/Data\u003e\u003cData Name=\u0027SourceAddress\u0027\u003e17000000000000000000000000000000000000000000000100000000\u003c/Data\u003e\u003cData Name=\u0027DestAddressLength\u0027\u003e28\u003c/Data\u003e\u003cData Name=\u0027DestAddress\u0027\u003e17000000000000000000000000000000000000000000000100000000\u003c/Data\u003e\u003cData Name=\u0027IfIndex\u0027\u003e1\u003c/Data\u003e\u003cData Name=\u0027PathDirection\u0027\u003e1\u003c/Data\u003e\u003cData Name=\u0027Nbl\u0027\u003e0xffffbc8299596680\u003c/Data\u003e\u003c/EventData\u003e\u003c/Event\u003e","id":1215}
{"time":"2026-09-08T22:25:56.8161541Z","xml":"\u003cEvent xmlns=\u0027http://schemas.microsoft.com/win/2004/08/events/event\u0027\u003e\u003cSystem\u003e\u003cProvider Name=\u0027Microsoft-Windows-TCPIP\u0027 Guid=\u0027{2f07e2ee-15db-40f1-90ef-9d7ba282188a}\u0027/\u003e\u003cEventID\u003e1215\u003c/EventID\u003e\u003cVersion\u003e2\u003c/Version\u003e\u003cLevel\u003e4\u003c/Level\u003e\u003cTask\u003e1215\u003c/Task\u003e\u003cOpcode\u003e0\u003c/Opcode\u003e\u003cKeywords\u003e0x8000018300000080\u003c/Keywords\u003e\u003cTimeCreated SystemTime=\u00272026-09-08T22:25:56.8161541Z\u0027/\u003e\u003cEventRecordID\u003e14537\u003c/EventRecordID\u003e\u003cCorrelation ActivityID=\u0027{2f07e2ee-15db-40f1-90ef-9d7ba282188a}\u0027/\u003e\u003cExecution ProcessID=\u00275612\u0027 ThreadID=\u00274128\u0027/\u003e\u003cChannel\u003e\u003c/Channel\u003e\u003cComputer\u003eEC2AMAZ-83E5T32\u003c/Computer\u003e\u003cSecurity/\u003e\u003c/System\u003e\u003cEventData\u003e\u003cData Name=\u0027IPTransportProtocol\u0027\u003e6\u003c/Data\u003e\u003cData Name=\u0027AddressFamily\u0027\u003e23\u003c/Data\u003e\u003cData Name=\u0027Source IPv4 Address\u0027\u003e0\u003c/Data\u003e\u003cData Name=\u0027Dest IPv4 Address\u0027\u003e0\u003c/Data\u003e\u003cData Name=\u0027IPv6SourceIpAddrLength\u0027\u003e16\u003c/Data\u003e\u003cData Name=\u0027IPv6 Source Address\u0027\u003e00000000000000000000000000000001\u003c/Data\u003e\u003cData Name=\u0027IPv6DestIpAddrLength\u0027\u003e16\u003c/Data\u003e\u003cData Name=\u0027IPv6 Dest Address\u0027\u003e00000000000000000000000000000001\u003c/Data\u003e\u003cData Name=\u0027Reason\u0027\u003e256\u003c/Data\u003e\u003cData Name=\u0027PacketCount\u0027\u003e1\u003c/Data\u003e\u003cData Name=\u0027IPProtocol\u0027\u003e6\u003c/Data\u003e\u003cData Name=\u0027SourceAddressLength\u0027\u003e28\u003c/Data\u003e\u003cData Name=\u0027SourceAddress\u0027\u003e17000000000000000000000000000000000000000000000100000000\u003c/Data\u003e\u003cData Name=\u0027DestAddressLength\u0027\u003e28\u003c/Data\u003e\u003cData Name=\u0027DestAddress\u0027\u003e17000000000000000000000000000000000000000000000100000000\u003c/Data\u003e\u003cData Name=\u0027IfIndex\u0027\u003e1\u003c/Data\u003e\u003cData Name=\u0027PathDirection\u0027\u003e1\u003c/Data\u003e\u003cData Name=\u0027Nbl\u0027\u003e0xffffbc829a86a340\u003c/Data\u003e\u003c/EventData\u003e\u003c/Event\u003e","id":1215}
{"time":"2026-09-08T22:26:01.3899395Z","xml":"\u003cEvent xmlns=\u0027http://schemas.microsoft.com/win/2004/08/events/event\u0027\u003e\u003cSystem\u003e\u003cProvider Name=\u0027Microsoft-Windows-TCPIP\u0027 Guid=\u0027{2f07e2ee-15db-40f1-90ef-9d7ba282188a}\u0027/\u003e\u003cEventID\u003e1215\u003c/EventID\u003e\u003cVersion\u003e2\u003c/Version\u003e\u003cLevel\u003e4\u003c/Level\u003e\u003cTask\u003e1215\u003c/Task\u003e\u003cOpcode\u003e0\u003c/Opcode\u003e\u003cKeywords\u003e0x8000018300000080\u003c/Keywords\u003e\u003cTimeCreated SystemTime=\u00272026-09-08T22:26:01.3899395Z\u0027/\u003e\u003cEventRecordID\u003e16298\u003c/EventRecordID\u003e\u003cCorrelation ActivityID=\u0027{2f07e2ee-15db-40f1-90ef-9d7ba282188a}\u0027/\u003e\u003cExecution ProcessID=\u00272024\u0027 ThreadID=\u0027680\u0027/\u003e\u003cChannel\u003e\u003c/Channel\u003e\u003cComputer\u003eEC2AMAZ-83E5T32\u003c/Computer\u003e\u003cSecurity/\u003e\u003c/System\u003e\u003cEventData\u003e\u003cData Name=\u0027IPTransportProtocol\u0027\u003e6\u003c/Data\u003e\u003cData Name=\u0027AddressFamily\u0027\u003e23\u003c/Data\u003e\u003cData Name=\u0027Source IPv4 Address\u0027\u003e0\u003c/Data\u003e\u003cData Name=\u0027Dest IPv4 Address\u0027\u003e0\u003c/Data\u003e\u003cData Name=\u0027IPv6SourceIpAddrLength\u0027\u003e16\u003c/Data\u003e\u003cData Name=\u0027IPv6 Source Address\u0027\u003e00000000000000000000000000000001\u003c/Data\u003e\u003cData Name=\u0027IPv6DestIpAddrLength\u0027\u003e16\u003c/Data\u003e\u003cData Name=\u0027IPv6 Dest Address\u0027\u003e00000000000000000000000000000001\u003c/Data\u003e\u003cData Name=\u0027Reason\u0027\u003e256\u003c/Data\u003e\u003cData Name=\u0027PacketCount\u0027\u003e1\u003c/Data\u003e\u003cData Name=\u0027IPProtocol\u0027\u003e6\u003c/Data\u003e\u003cData Name=\u0027SourceAddressLength\u0027\u003e28\u003c/Data\u003e\u003cData Name=\u0027SourceAddress\u0027\u003e17000000000000000000000000000000000000000000000100000000\u003c/Data\u003e\u003cData Name=\u0027DestAddressLength\u0027\u003e28\u003c/Data\u003e\u003cData Name=\u0027DestAddress\u0027\u003e17000000000000000000000000000000000000000000000100000000\u003c/Data\u003e\u003cData Name=\u0027IfIndex\u0027\u003e1\u003c/Data\u003e\u003cData Name=\u0027PathDirection\u0027\u003e1\u003c/Data\u003e\u003cData Name=\u0027Nbl\u0027\u003e0xffffbc829a86a340\u003c/Data\u003e\u003c/EventData\u003e\u003c/Event\u003e","id":1215}
{"time":"2026-09-08T22:26:06.6748553Z","xml":"\u003cEvent xmlns=\u0027http://schemas.microsoft.com/win/2004/08/events/event\u0027\u003e\u003cSystem\u003e\u003cProvider Name=\u0027Microsoft-Windows-TCPIP\u0027 Guid=\u0027{2f07e2ee-15db-40f1-90ef-9d7ba282188a}\u0027/\u003e\u003cEventID\u003e1215\u003c/EventID\u003e\u003cVersion\u003e2\u003c/Version\u003e\u003cLevel\u003e4\u003c/Level\u003e\u003cTask\u003e1215\u003c/Task\u003e\u003cOpcode\u003e0\u003c/Opcode\u003e\u003cKeywords\u003e0x8000018300000080\u003c/Keywords\u003e\u003cTimeCreated SystemTime=\u00272026-09-08T22:26:06.6748553Z\u0027/\u003e\u003cEventRecordID\u003e19007\u003c/EventRecordID\u003e\u003cCorrelation ActivityID=\u0027{2f07e2ee-15db-40f1-90ef-9d7ba282188a}\u0027/\u003e\u003cExecution ProcessID=\u00272204\u0027 ThreadID=\u00276600\u0027/\u003e\u003cChannel\u003e\u003c/Channel\u003e\u003cComputer\u003eEC2AMAZ-83E5T32\u003c/Computer\u003e\u003cSecurity/\u003e\u003c/System\u003e\u003cEventData\u003e\u003cData Name=\u0027IPTransportProtocol\u0027\u003e6\u003c/Data\u003e\u003cData Name=\u0027AddressFamily\u0027\u003e23\u003c/Data\u003e\u003cData Name=\u0027Source IPv4 Address\u0027\u003e0\u003c/Data\u003e\u003cData Name=\u0027Dest IPv4 Address\u0027\u003e0\u003c/Data\u003e\u003cData Name=\u0027IPv6SourceIpAddrLength\u0027\u003e16\u003c/Data\u003e\u003cData Name=\u0027IPv6 Source Address\u0027\u003e00000000000000000000000000000001\u003c/Data\u003e\u003cData Name=\u0027IPv6DestIpAddrLength\u0027\u003e16\u003c/Data\u003e\u003cData Name=\u0027IPv6 Dest Address\u0027\u003e00000000000000000000000000000001\u003c/Data\u003e\u003cData Name=\u0027Reason\u0027\u003e256\u003c/Data\u003e\u003cData Name=\u0027PacketCount\u0027\u003e1\u003c/Data\u003e\u003cData Name=\u0027IPProtocol\u0027\u003e6\u003c/Data\u003e\u003cData Name=\u0027SourceAddressLength\u0027\u003e28\u003c/Data\u003e\u003cData Name=\u0027SourceAddress\u0027\u003e17000000000000000000000000000000000000000000000100000000\u003c/Data\u003e\u003cData Name=\u0027DestAddressLength\u0027\u003e28\u003c/Data\u003e\u003cData Name=\u0027DestAddress\u0027\u003e17000000000000000000000000000000000000000000000100000000\u003c/Data\u003e\u003cData Name=\u0027IfIndex\u0027\u003e1\u003c/Data\u003e\u003cData Name=\u0027PathDirection\u0027\u003e1\u003c/Data\u003e\u003cData Name=\u0027Nbl\u0027\u003e0xffffbc829a86a340\u003c/Data\u003e\u003c/EventData\u003e\u003c/Event\u003e","id":1215}
{"time":"2026-09-08T22:26:11.4049093Z","xml":"\u003cEvent xmlns=\u0027http://schemas.microsoft.com/win/2004/08/events/event\u0027\u003e\u003cSystem\u003e\u003cProvider Name=\u0027Microsoft-Windows-TCPIP\u0027 Guid=\u0027{2f07e2ee-15db-40f1-90ef-9d7ba282188a}\u0027/\u003e\u003cEventID\u003e1215\u003c/EventID\u003e\u003cVersion\u003e2\u003c/Version\u003e\u003cLevel\u003e4\u003c/Level\u003e\u003cTask\u003e1215\u003c/Task\u003e\u003cOpcode\u003e0\u003c/Opcode\u003e\u003cKeywords\u003e0x8000018300000080\u003c/Keywords\u003e\u003cTimeCreated SystemTime=\u00272026-09-08T22:26:11.4049093Z\u0027/\u003e\u003cEventRecordID\u003e23875\u003c/EventRecordID\u003e\u003cCorrelation ActivityID=\u0027{2f07e2ee-15db-40f1-90ef-9d7ba282188a}\u0027/\u003e\u003cExecution ProcessID=\u00277356\u0027 ThreadID=\u00276928\u0027/\u003e\u003cChannel\u003e\u003c/Channel\u003e\u003cComputer\u003eEC2AMAZ-83E5T32\u003c/Computer\u003e\u003cSecurity/\u003e\u003c/System\u003e\u003cEventData\u003e\u003cData Name=\u0027IPTransportProtocol\u0027\u003e6\u003c/Data\u003e\u003cData Name=\u0027AddressFamily\u0027\u003e23\u003c/Data\u003e\u003cData Name=\u0027Source IPv4 Address\u0027\u003e0\u003c/Data\u003e\u003cData Name=\u0027Dest IPv4 Address\u0027\u003e0\u003c/Data\u003e\u003cData Name=\u0027IPv6SourceIpAddrLength\u0027\u003e16\u003c/Data\u003e\u003cData Name=\u0027IPv6 Source Address\u0027\u003e00000000000000000000000000000001\u003c/Data\u003e\u003cData Name=\u0027IPv6DestIpAddrLength\u0027\u003e16\u003c/Data\u003e\u003cData Name=\u0027IPv6 Dest Address\u0027\u003e00000000000000000000000000000001\u003c/Data\u003e\u003cData Name=\u0027Reason\u0027\u003e256\u003c/Data\u003e\u003cData Name=\u0027PacketCount\u0027\u003e1\u003c/Data\u003e\u003cData Name=\u0027IPProtocol\u0027\u003e6\u003c/Data\u003e\u003cData Name=\u0027SourceAddressLength\u0027\u003e28\u003c/Data\u003e\u003cData Name=\u0027SourceAddress\u0027\u003e17000000000000000000000000000000000000000000000100000000\u003c/Data\u003e\u003cData Name=\u0027DestAddressLength\u0027\u003e28\u003c/Data\u003e\u003cData Name=\u0027DestAddress\u0027\u003e17000000000000000000000000000000000000000000000100000000\u003c/Data\u003e\u003cData Name=\u0027IfIndex\u0027\u003e1\u003c/Data\u003e\u003cData Name=\u0027PathDirection\u0027\u003e1\u003c/Data\u003e\u003cData Name=\u0027Nbl\u0027\u003e0xffffbc829a86a720\u003c/Data\u003e\u003c/EventData\u003e\u003c/Event\u003e","id":1215}
{"time":"2026-09-08T22:26:16.5903399Z","xml":"\u003cEvent xmlns=\u0027http://schemas.microsoft.com/win/2004/08/events/event\u0027\u003e\u003cSystem\u003e\u003cProvider Name=\u0027Microsoft-Windows-TCPIP\u0027 Guid=\u0027{2f07e2ee-15db-40f1-90ef-9d7ba282188a}\u0027/\u003e\u003cEventID\u003e1215\u003c/EventID\u003e\u003cVersion\u003e2\u003c/Version\u003e\u003cLevel\u003e4\u003c/Level\u003e\u003cTask\u003e1215\u003c/Task\u003e\u003cOpcode\u003e0\u003c/Opcode\u003e\u003cKeywords\u003e0x8000018300000080\u003c/Keywords\u003e\u003cTimeCreated SystemTime=\u00272026-09-08T22:26:16.5903399Z\u0027/\u003e\u003cEventRecordID\u003e29778\u003c/EventRecordID\u003e\u003cCorrelation ActivityID=\u0027{2f07e2ee-15db-40f1-90ef-9d7ba282188a}\u0027/\u003e\u003cExecution ProcessID=\u00275364\u0027 ThreadID=\u00272800\u0027/\u003e\u003cChannel\u003e\u003c/Channel\u003e\u003cComputer\u003eEC2AMAZ-83E5T32\u003c/Computer\u003e\u003cSecurity/\u003e\u003c/System\u003e\u003cEventData\u003e\u003cData Name=\u0027IPTransportProtocol\u0027\u003e6\u003c/Data\u003e\u003cData Name=\u0027AddressFamily\u0027\u003e23\u003c/Data\u003e\u003cData Name=\u0027Source IPv4 Address\u0027\u003e0\u003c/Data\u003e\u003cData Name=\u0027Dest IPv4 Address\u0027\u003e0\u003c/Data\u003e\u003cData Name=\u0027IPv6SourceIpAddrLength\u0027\u003e16\u003c/Data\u003e\u003cData Name=\u0027IPv6 Source Address\u0027\u003e00000000000000000000000000000001\u003c/Data\u003e\u003cData Name=\u0027IPv6DestIpAddrLength\u0027\u003e16\u003c/Data\u003e\u003cData Name=\u0027IPv6 Dest Address\u0027\u003e00000000000000000000000000000001\u003c/Data\u003e\u003cData Name=\u0027Reason\u0027\u003e256\u003c/Data\u003e\u003cData Name=\u0027PacketCount\u0027\u003e1\u003c/Data\u003e\u003cData Name=\u0027IPProtocol\u0027\u003e6\u003c/Data\u003e\u003cData Name=\u0027SourceAddressLength\u0027\u003e28\u003c/Data\u003e\u003cData Name=\u0027SourceAddress\u0027\u003e17000000000000000000000000000000000000000000000100000000\u003c/Data\u003e\u003cData Name=\u0027DestAddressLength\u0027\u003e28\u003c/Data\u003e\u003cData Name=\u0027DestAddress\u0027\u003e17000000000000000000000000000000000000000000000100000000\u003c/Data\u003e\u003cData Name=\u0027IfIndex\u0027\u003e1\u003c/Data\u003e\u003cData Name=\u0027PathDirection\u0027\u003e1\u003c/Data\u003e\u003cData Name=\u0027Nbl\u0027\u003e0xffffbc82a70df320\u003c/Data\u003e\u003c/EventData\u003e\u003c/Event\u003e","id":1215}
{"time":"2026-09-08T22:26:21.4076363Z","xml":"\u003cEvent xmlns=\u0027http://schemas.microsoft.com/win/2004/08/events/event\u0027\u003e\u003cSystem\u003e\u003cProvider Name=\u0027Microsoft-Windows-TCPIP\u0027 Guid=\u0027{2f07e2ee-15db-40f1-90ef-9d7ba282188a}\u0027/\u003e\u003cEventID\u003e1215\u003c/EventID\u003e\u003cVersion\u003e2\u003c/Version\u003e\u003cLevel\u003e4\u003c/Level\u003e\u003cTask\u003e1215\u003c/Task\u003e\u003cOpcode\u003e0\u003c/Opcode\u003e\u003cKeywords\u003e0x8000018300000080\u003c/Keywords\u003e\u003cTimeCreated SystemTime=\u00272026-09-08T22:26:21.4076363Z\u0027/\u003e\u003cEventRecordID\u003e35603\u003c/EventRecordID\u003e\u003cCorrelation ActivityID=\u0027{2f07e2ee-15db-40f1-90ef-9d7ba282188a}\u0027/\u003e\u003cExecution ProcessID=\u00275272\u0027 ThreadID=\u00275444\u0027/\u003e\u003cChannel\u003e\u003c/Channel\u003e\u003cComputer\u003eEC2AMAZ-83E5T32\u003c/Computer\u003e\u003cSecurity/\u003e\u003c/System\u003e\u003cEventData\u003e\u003cData Name=\u0027IPTransportProtocol\u0027\u003e6\u003c/Data\u003e\u003cData Name=\u0027AddressFamily\u0027\u003e23\u003c/Data\u003e\u003cData Name=\u0027Source IPv4 Address\u0027\u003e0\u003c/Data\u003e\u003cData Name=\u0027Dest IPv4 Address\u0027\u003e0\u003c/Data\u003e\u003cData Name=\u0027IPv6SourceIpAddrLength\u0027\u003e16\u003c/Data\u003e\u003cData Name=\u0027IPv6 Source Address\u0027\u003e00000000000000000000000000000001\u003c/Data\u003e\u003cData Name=\u0027IPv6DestIpAddrLength\u0027\u003e16\u003c/Data\u003e\u003cData Name=\u0027IPv6 Dest Address\u0027\u003e00000000000000000000000000000001\u003c/Data\u003e\u003cData Name=\u0027Reason\u0027\u003e256\u003c/Data\u003e\u003cData Name=\u0027PacketCount\u0027\u003e1\u003c/Data\u003e\u003cData Name=\u0027IPProtocol\u0027\u003e6\u003c/Data\u003e\u003cData Name=\u0027SourceAddressLength\u0027\u003e28\u003c/Data\u003e\u003cData Name=\u0027SourceAddress\u0027\u003e17000000000000000000000000000000000000000000000100000000\u003c/Data\u003e\u003cData Name=\u0027DestAddressLength\u0027\u003e28\u003c/Data\u003e\u003cData Name=\u0027DestAddress\u0027\u003e17000000000000000000000000000000000000000000000100000000\u003c/Data\u003e\u003cData Name=\u0027IfIndex\u0027\u003e1\u003c/Data\u003e\u003cData Name=\u0027PathDirection\u0027\u003e1\u003c/Data\u003e\u003cData Name=\u0027Nbl\u0027\u003e0xffffbc82a66025d0\u003c/Data\u003e\u003c/EventData\u003e\u003c/Event\u003e","id":1215}
{"time":"2026-09-08T22:26:22.8570854Z","xml":"\u003cEvent xmlns=\u0027http://schemas.microsoft.com/win/2004/08/events/event\u0027\u003e\u003cSystem\u003e\u003cProvider Name=\u0027Microsoft-Windows-TCPIP\u0027 Guid=\u0027{2f07e2ee-15db-40f1-90ef-9d7ba282188a}\u0027/\u003e\u003cEventID\u003e1215\u003c/EventID\u003e\u003cVersion\u003e2\u003c/Version\u003e\u003cLevel\u003e4\u003c/Level\u003e\u003cTask\u003e1215\u003c/Task\u003e\u003cOpcode\u003e0\u003c/Opcode\u003e\u003cKeywords\u003e0x8000018300000080\u003c/Keywords\u003e\u003cTimeCreated SystemTime=\u00272026-09-08T22:26:22.8570854Z\u0027/\u003e\u003cEventRecordID\u003e37386\u003c/EventRecordID\u003e\u003cCorrelation ActivityID=\u0027{2f07e2ee-15db-40f1-90ef-9d7ba282188a}\u0027/\u003e\u003cExecution ProcessID=\u00270\u0027 ThreadID=\u00270\u0027/\u003e\u003cChannel\u003e\u003c/Channel\u003e\u003cComputer\u003eEC2AMAZ-83E5T32\u003c/Computer\u003e\u003cSecurity/\u003e\u003c/System\u003e\u003cEventData\u003e\u003cData Name=\u0027IPTransportProtocol\u0027\u003e0\u003c/Data\u003e\u003cData Name=\u0027AddressFamily\u0027\u003e2\u003c/Data\u003e\u003cData Name=\u0027Source IPv4 Address\u0027\u003e402660780\u003c/Data\u003e\u003cData Name=\u0027Dest IPv4 Address\u0027\u003e1140858284\u003c/Data\u003e\u003cData Name=\u0027IPv6SourceIpAddrLength\u0027\u003e0\u003c/Data\u003e\u003cData Name=\u0027IPv6 Source Address\u0027\u003e\u003c/Data\u003e\u003cData Name=\u0027IPv6DestIpAddrLength\u0027\u003e0\u003c/Data\u003e\u003cData Name=\u0027IPv6 Dest Address\u0027\u003e\u003c/Data\u003e\u003cData Name=\u0027Reason\u0027\u003e2\u003c/Data\u003e\u003cData Name=\u0027PacketCount\u0027\u003e1\u003c/Data\u003e\u003cData Name=\u0027IPProtocol\u0027\u003e4\u003c/Data\u003e\u003cData Name=\u0027SourceAddressLength\u0027\u003e16\u003c/Data\u003e\u003cData Name=\u0027SourceAddress\u0027\u003e02000000AC1D00180000000000000000\u003c/Data\u003e\u003cData Name=\u0027DestAddressLength\u0027\u003e16\u003c/Data\u003e\u003cData Name=\u0027DestAddress\u0027\u003e02000000AC1D00440000000000000000\u003c/Data\u003e\u003cData Name=\u0027IfIndex\u0027\u003e17\u003c/Data\u003e\u003cData Name=\u0027PathDirection\u0027\u003e1\u003c/Data\u003e\u003cData Name=\u0027Nbl\u0027\u003e0xffffbc829b7ebda0\u003c/Data\u003e\u003c/EventData\u003e\u003c/Event\u003e","id":1215}
{"time":"2026-09-08T22:26:26.5860392Z","xml":"\u003cEvent xmlns=\u0027http://schemas.microsoft.com/win/2004/08/events/event\u0027\u003e\u003cSystem\u003e\u003cProvider Name=\u0027Microsoft-Windows-TCPIP\u0027 Guid=\u0027{2f07e2ee-15db-40f1-90ef-9d7ba282188a}\u0027/\u003e\u003cEventID\u003e1215\u003c/EventID\u003e\u003cVersion\u003e2\u003c/Version\u003e\u003cLevel\u003e4\u003c/Level\u003e\u003cTask\u003e1215\u003c/Task\u003e\u003cOpcode\u003e0\u003c/Opcode\u003e\u003cKeywords\u003e0x8000018300000080\u003c/Keywords\u003e\u003cTimeCreated SystemTime=\u00272026-09-08T22:26:26.5860392Z\u0027/\u003e\u003cEventRecordID\u003e40549\u003c/EventRecordID\u003e\u003cCorrelation ActivityID=\u0027{2f07e2ee-15db-40f1-90ef-9d7ba282188a}\u0027/\u003e\u003cExecution ProcessID=\u0027456\u0027 ThreadID=\u0027592\u0027/\u003e\u003cChannel\u003e\u003c/Channel\u003e\u003cComputer\u003eEC2AMAZ-83E5T32\u003c/Computer\u003e\u003cSecurity/\u003e\u003c/System\u003e\u003cEventData\u003e\u003cData Name=\u0027IPTransportProtocol\u0027\u003e6\u003c/Data\u003e\u003cData Name=\u0027AddressFamily\u0027\u003e23\u003c/Data\u003e\u003cData Name=\u0027Source IPv4 Address\u0027\u003e0\u003c/Data\u003e\u003cData Name=\u0027Dest IPv4 Address\u0027\u003e0\u003c/Data\u003e\u003cData Name=\u0027IPv6SourceIpAddrLength\u0027\u003e16\u003c/Data\u003e\u003cData Name=\u0027IPv6 Source Address\u0027\u003e00000000000000000000000000000001\u003c/Data\u003e\u003cData Name=\u0027IPv6DestIpAddrLength\u0027\u003e16\u003c/Data\u003e\u003cData Name=\u0027IPv6 Dest Address\u0027\u003e00000000000000000000000000000001\u003c/Data\u003e\u003cData Name=\u0027Reason\u0027\u003e256\u003c/Data\u003e\u003cData Name=\u0027PacketCount\u0027\u003e1\u003c/Data\u003e\u003cData Name=\u0027IPProtocol\u0027\u003e6\u003c/Data\u003e\u003cData Name=\u0027SourceAddressLength\u0027\u003e28\u003c/Data\u003e\u003cData Name=\u0027SourceAddress\u0027\u003e17000000000000000000000000000000000000000000000100000000\u003c/Data\u003e\u003cData Name=\u0027DestAddressLength\u0027\u003e28\u003c/Data\u003e\u003cData Name=\u0027DestAddress\u0027\u003e17000000000000000000000000000000000000000000000100000000\u003c/Data\u003e\u003cData Name=\u0027IfIndex\u0027\u003e1\u003c/Data\u003e\u003cData Name=\u0027PathDirection\u0027\u003e1\u003c/Data\u003e\u003cData Name=\u0027Nbl\u0027\u003e0xffffbc829a5a68c0\u003c/Data\u003e\u003c/EventData\u003e\u003c/Event\u003e","id":1215}
{"time":"2026-09-08T22:26:31.4116372Z","xml":"\u003cEvent xmlns=\u0027http://schemas.microsoft.com/win/2004/08/events/event\u0027\u003e\u003cSystem\u003e\u003cProvider Name=\u0027Microsoft-Windows-TCPIP\u0027 Guid=\u0027{2f07e2ee-15db-40f1-90ef-9d7ba282188a}\u0027/\u003e\u003cEventID\u003e1215\u003c/EventID\u003e\u003cVersion\u003e2\u003c/Version\u003e\u003cLevel\u003e4\u003c/Level\u003e\u003cTask\u003e1215\u003c/Task\u003e\u003cOpcode\u003e0\u003c/Opcode\u003e\u003cKeywords\u003e0x8000018300000080\u003c/Keywords\u003e\u003cTimeCreated SystemTime=\u00272026-09-08T22:26:31.4116372Z\u0027/\u003e\u003cEventRecordID\u003e45817\u003c/EventRecordID\u003e\u003cCorrelation ActivityID=\u0027{2f07e2ee-15db-40f1-90ef-9d7ba282188a}\u0027/\u003e\u003cExecution ProcessID=\u00276404\u0027 ThreadID=\u00276892\u0027/\u003e\u003cChannel\u003e\u003c/Channel\u003e\u003cComputer\u003eEC2AMAZ-83E5T32\u003c/Computer\u003e\u003cSecurity/\u003e\u003c/System\u003e\u003cEventData\u003e\u003cData Name=\u0027IPTransportProtocol\u0027\u003e6\u003c/Data\u003e\u003cData Name=\u0027AddressFamily\u0027\u003e23\u003c/Data\u003e\u003cData Name=\u0027Source IPv4 Address\u0027\u003e0\u003c/Data\u003e\u003cData Name=\u0027Dest IPv4 Address\u0027\u003e0\u003c/Data\u003e\u003cData Name=\u0027IPv6SourceIpAddrLength\u0027\u003e16\u003c/Data\u003e\u003cData Name=\u0027IPv6 Source Address\u0027\u003e00000000000000000000000000000001\u003c/Data\u003e\u003cData Name=\u0027IPv6DestIpAddrLength\u0027\u003e16\u003c/Data\u003e\u003cData Name=\u0027IPv6 Dest Address\u0027\u003e00000000000000000000000000000001\u003c/Data\u003e\u003cData Name=\u0027Reason\u0027\u003e256\u003c/Data\u003e\u003cData Name=\u0027PacketCount\u0027\u003e1\u003c/Data\u003e\u003cData Name=\u0027IPProtocol\u0027\u003e6\u003c/Data\u003e\u003cData Name=\u0027SourceAddressLength\u0027\u003e28\u003c/Data\u003e\u003cData Name=\u0027SourceAddress\u0027\u003e17000000000000000000000000000000000000000000000100000000\u003c/Data\u003e\u003cData Name=\u0027DestAddressLength\u0027\u003e28\u003c/Data\u003e\u003cData Name=\u0027DestAddress\u0027\u003e17000000000000000000000000000000000000000000000100000000\u003c/Data\u003e\u003cData Name=\u0027IfIndex\u0027\u003e1\u003c/Data\u003e\u003cData Name=\u0027PathDirection\u0027\u003e1\u003c/Data\u003e\u003cData Name=\u0027Nbl\u0027\u003e0xffffbc82afe4fc10\u003c/Data\u003e\u003c/EventData\u003e\u003c/Event\u003e","id":1215}
{"time":"2026-09-08T22:26:36.5942342Z","xml":"\u003cEvent xmlns=\u0027http://schemas.microsoft.com/win/2004/08/events/event\u0027\u003e\u003cSystem\u003e\u003cProvider Name=\u0027Microsoft-Windows-TCPIP\u0027 Guid=\u0027{2f07e2ee-15db-40f1-90ef-9d7ba282188a}\u0027/\u003e\u003cEventID\u003e1215\u003c/EventID\u003e\u003cVersion\u003e2\u003c/Version\u003e\u003cLevel\u003e4\u003c/Level\u003e\u003cTask\u003e1215\u003c/Task\u003e\u003cOpcode\u003e0\u003c/Opcode\u003e\u003cKeywords\u003e0x8000018300000080\u003c/Keywords\u003e\u003cTimeCreated SystemTime=\u00272026-09-08T22:26:36.5942342Z\u0027/\u003e\u003cEventRecordID\u003e51933\u003c/EventRecordID\u003e\u003cCorrelation ActivityID=\u0027{2f07e2ee-15db-40f1-90ef-9d7ba282188a}\u0027/\u003e\u003cExecution ProcessID=\u00271232\u0027 ThreadID=\u00273864\u0027/\u003e\u003cChannel\u003e\u003c/Channel\u003e\u003cComputer\u003eEC2AMAZ-83E5T32\u003c/Computer\u003e\u003cSecurity/\u003e\u003c/System\u003e\u003cEventData\u003e\u003cData Name=\u0027IPTransportProtocol\u0027\u003e6\u003c/Data\u003e\u003cData Name=\u0027AddressFamily\u0027\u003e23\u003c/Data\u003e\u003cData Name=\u0027Source IPv4 Address\u0027\u003e0\u003c/Data\u003e\u003cData Name=\u0027Dest IPv4 Address\u0027\u003e0\u003c/Data\u003e\u003cData Name=\u0027IPv6SourceIpAddrLength\u0027\u003e16\u003c/Data\u003e\u003cData Name=\u0027IPv6 Source Address\u0027\u003e00000000000000000000000000000001\u003c/Data\u003e\u003cData Name=\u0027IPv6DestIpAddrLength\u0027\u003e16\u003c/Data\u003e\u003cData Name=\u0027IPv6 Dest Address\u0027\u003e00000000000000000000000000000001\u003c/Data\u003e\u003cData Name=\u0027Reason\u0027\u003e256\u003c/Data\u003e\u003cData Name=\u0027PacketCount\u0027\u003e1\u003c/Data\u003e\u003cData Name=\u0027IPProtocol\u0027\u003e6\u003c/Data\u003e\u003cData Name=\u0027SourceAddressLength\u0027\u003e28\u003c/Data\u003e\u003cData Name=\u0027SourceAddress\u0027\u003e17000000000000000000000000000000000000000000000100000000\u003c/Data\u003e\u003cData Name=\u0027DestAddressLength\u0027\u003e28\u003c/Data\u003e\u003cData Name=\u0027DestAddress\u0027\u003e17000000000000000000000000000000000000000000000100000000\u003c/Data\u003e\u003cData Name=\u0027IfIndex\u0027\u003e1\u003c/Data\u003e\u003cData Name=\u0027PathDirection\u0027\u003e1\u003c/Data\u003e\u003cData Name=\u0027Nbl\u0027\u003e0xffffbc82a6b997c0\u003c/Data\u003e\u003c/EventData\u003e\u003c/Event\u003e","id":1215}
{"time":"2026-09-08T22:26:41.4158925Z","xml":"\u003cEvent xmlns=\u0027http://schemas.microsoft.com/win/2004/08/events/event\u0027\u003e\u003cSystem\u003e\u003cProvider Name=\u0027Microsoft-Windows-TCPIP\u0027 Guid=\u0027{2f07e2ee-15db-40f1-90ef-9d7ba282188a}\u0027/\u003e\u003cEventID\u003e1215\u003c/EventID\u003e\u003cVersion\u003e2\u003c/Version\u003e\u003cLevel\u003e4\u003c/Level\u003e\u003cTask\u003e1215\u003c/Task\u003e\u003cOpcode\u003e0\u003c/Opcode\u003e\u003cKeywords\u003e0x8000018300000080\u003c/Keywords\u003e\u003cTimeCreated SystemTime=\u00272026-09-08T22:26:41.4158925Z\u0027/\u003e\u003cEventRecordID\u003e58153\u003c/EventRecordID\u003e\u003cCorrelation ActivityID=\u0027{2f07e2ee-15db-40f1-90ef-9d7ba282188a}\u0027/\u003e\u003cExecution ProcessID=\u00271812\u0027 ThreadID=\u00274116\u0027/\u003e\u003cChannel\u003e\u003c/Channel\u003e\u003cComputer\u003eEC2AMAZ-83E5T32\u003c/Computer\u003e\u003cSecurity/\u003e\u003c/System\u003e\u003cEventData\u003e\u003cData Name=\u0027IPTransportProtocol\u0027\u003e6\u003c/Data\u003e\u003cData Name=\u0027AddressFamily\u0027\u003e23\u003c/Data\u003e\u003cData Name=\u0027Source IPv4 Address\u0027\u003e0\u003c/Data\u003e\u003cData Name=\u0027Dest IPv4 Address\u0027\u003e0\u003c/Data\u003e\u003cData Name=\u0027IPv6SourceIpAddrLength\u0027\u003e16\u003c/Data\u003e\u003cData Name=\u0027IPv6 Source Address\u0027\u003e00000000000000000000000000000001\u003c/Data\u003e\u003cData Name=\u0027IPv6DestIpAddrLength\u0027\u003e16\u003c/Data\u003e\u003cData Name=\u0027IPv6 Dest Address\u0027\u003e00000000000000000000000000000001\u003c/Data\u003e\u003cData Name=\u0027Reason\u0027\u003e256\u003c/Data\u003e\u003cData Name=\u0027PacketCount\u0027\u003e1\u003c/Data\u003e\u003cData Name=\u0027IPProtocol\u0027\u003e6\u003c/Data\u003e\u003cData Name=\u0027SourceAddressLength\u0027\u003e28\u003c/Data\u003e\u003cData Name=\u0027SourceAddress\u0027\u003e17000000000000000000000000000000000000000000000100000000\u003c/Data\u003e\u003cData Name=\u0027DestAddressLength\u0027\u003e28\u003c/Data\u003e\u003cData Name=\u0027DestAddress\u0027\u003e17000000000000000000000000000000000000000000000100000000\u003c/Data\u003e\u003cData Name=\u0027IfIndex\u0027\u003e1\u003c/Data\u003e\u003cData Name=\u0027PathDirection\u0027\u003e1\u003c/Data\u003e\u003cData Name=\u0027Nbl\u0027\u003e0xffffbc829a86a720\u003c/Data\u003e\u003c/EventData\u003e\u003c/Event\u003e","id":1215}
{"time":"2026-09-08T22:26:46.5880709Z","xml":"\u003cEvent xmlns=\u0027http://schemas.microsoft.com/win/2004/08/events/event\u0027\u003e\u003cSystem\u003e\u003cProvider Name=\u0027Microsoft-Windows-TCPIP\u0027 Guid=\u0027{2f07e2ee-15db-40f1-90ef-9d7ba282188a}\u0027/\u003e\u003cEventID\u003e1215\u003c/EventID\u003e\u003cVersion\u003e2\u003c/Version\u003e\u003cLevel\u003e4\u003c/Level\u003e\u003cTask\u003e1215\u003c/Task\u003e\u003cOpcode\u003e0\u003c/Opcode\u003e\u003cKeywords\u003e0x8000018300000080\u003c/Keywords\u003e\u003cTimeCreated SystemTime=\u00272026-09-08T22:26:46.5880709Z\u0027/\u003e\u003cEventRecordID\u003e63894\u003c/EventRecordID\u003e\u003cCorrelation ActivityID=\u0027{2f07e2ee-15db-40f1-90ef-9d7ba282188a}\u0027/\u003e\u003cExecution ProcessID=\u0027868\u0027 ThreadID=\u00275424\u0027/\u003e\u003cChannel\u003e\u003c/Channel\u003e\u003cComputer\u003eEC2AMAZ-83E5T32\u003c/Computer\u003e\u003cSecurity/\u003e\u003c/System\u003e\u003cEventData\u003e\u003cData Name=\u0027IPTransportProtocol\u0027\u003e6\u003c/Data\u003e\u003cData Name=\u0027AddressFamily\u0027\u003e23\u003c/Data\u003e\u003cData Name=\u0027Source IPv4 Address\u0027\u003e0\u003c/Data\u003e\u003cData Name=\u0027Dest IPv4 Address\u0027\u003e0\u003c/Data\u003e\u003cData Name=\u0027IPv6SourceIpAddrLength\u0027\u003e16\u003c/Data\u003e\u003cData Name=\u0027IPv6 Source Address\u0027\u003e00000000000000000000000000000001\u003c/Data\u003e\u003cData Name=\u0027IPv6DestIpAddrLength\u0027\u003e16\u003c/Data\u003e\u003cData Name=\u0027IPv6 Dest Address\u0027\u003e00000000000000000000000000000001\u003c/Data\u003e\u003cData Name=\u0027Reason\u0027\u003e256\u003c/Data\u003e\u003cData Name=\u0027PacketCount\u0027\u003e1\u003c/Data\u003e\u003cData Name=\u0027IPProtocol\u0027\u003e6\u003c/Data\u003e\u003cData Name=\u0027SourceAddressLength\u0027\u003e28\u003c/Data\u003e\u003cData Name=\u0027SourceAddress\u0027\u003e17000000000000000000000000000000000000000000000100000000\u003c/Data\u003e\u003cData Name=\u0027DestAddressLength\u0027\u003e28\u003c/Data\u003e\u003cData Name=\u0027DestAddress\u0027\u003e17000000000000000000000000000000000000000000000100000000\u003c/Data\u003e\u003cData Name=\u0027IfIndex\u0027\u003e1\u003c/Data\u003e\u003cData Name=\u0027PathDirection\u0027\u003e1\u003c/Data\u003e\u003cData Name=\u0027Nbl\u0027\u003e0xffffbc82a6e83860\u003c/Data\u003e\u003c/EventData\u003e\u003c/Event\u003e","id":1215}
{"time":"2026-09-08T22:26:51.3963714Z","xml":"\u003cEvent xmlns=\u0027http://schemas.microsoft.com/win/2004/08/events/event\u0027\u003e\u003cSystem\u003e\u003cProvider Name=\u0027Microsoft-Windows-TCPIP\u0027 Guid=\u0027{2f07e2ee-15db-40f1-90ef-9d7ba282188a}\u0027/\u003e\u003cEventID\u003e1215\u003c/EventID\u003e\u003cVersion\u003e2\u003c/Version\u003e\u003cLevel\u003e4\u003c/Level\u003e\u003cTask\u003e1215\u003c/Task\u003e\u003cOpcode\u003e0\u003c/Opcode\u003e\u003cKeywords\u003e0x8000018300000080\u003c/Keywords\u003e\u003cTimeCreated SystemTime=\u00272026-09-08T22:26:51.3963714Z\u0027/\u003e\u003cEventRecordID\u003e66990\u003c/EventRecordID\u003e\u003cCorrelation ActivityID=\u0027{2f07e2ee-15db-40f1-90ef-9d7ba282188a}\u0027/\u003e\u003cExecution ProcessID=\u00277096\u0027 ThreadID=\u00276744\u0027/\u003e\u003cChannel\u003e\u003c/Channel\u003e\u003cComputer\u003eEC2AMAZ-83E5T32\u003c/Computer\u003e\u003cSecurity/\u003e\u003c/System\u003e\u003cEventData\u003e\u003cData Name=\u0027IPTransportProtocol\u0027\u003e6\u003c/Data\u003e\u003cData Name=\u0027AddressFamily\u0027\u003e23\u003c/Data\u003e\u003cData Name=\u0027Source IPv4 Address\u0027\u003e0\u003c/Data\u003e\u003cData Name=\u0027Dest IPv4 Address\u0027\u003e0\u003c/Data\u003e\u003cData Name=\u0027IPv6SourceIpAddrLength\u0027\u003e16\u003c/Data\u003e\u003cData Name=\u0027IPv6 Source Address\u0027\u003e00000000000000000000000000000001\u003c/Data\u003e\u003cData Name=\u0027IPv6DestIpAddrLength\u0027\u003e16\u003c/Data\u003e\u003cData Name=\u0027IPv6 Dest Address\u0027\u003e00000000000000000000000000000001\u003c/Data\u003e\u003cData Name=\u0027Reason\u0027\u003e256\u003c/Data\u003e\u003cData Name=\u0027PacketCount\u0027\u003e1\u003c/Data\u003e\u003cData Name=\u0027IPProtocol\u0027\u003e6\u003c/Data\u003e\u003cData Name=\u0027SourceAddressLength\u0027\u003e28\u003c/Data\u003e\u003cData Name=\u0027SourceAddress\u0027\u003e17000000000000000000000000000000000000000000000100000000\u003c/Data\u003e\u003cData Name=\u0027DestAddressLength\u0027\u003e28\u003c/Data\u003e\u003cData Name=\u0027DestAddress\u0027\u003e17000000000000000000000000000000000000000000000100000000\u003c/Data\u003e\u003cData Name=\u0027IfIndex\u0027\u003e1\u003c/Data\u003e\u003cData Name=\u0027PathDirection\u0027\u003e1\u003c/Data\u003e\u003cData Name=\u0027Nbl\u0027\u003e0xffffbc829adcb2e0\u003c/Data\u003e\u003c/EventData\u003e\u003c/Event\u003e","id":1215}
{"time":"2026-09-08T22:26:56.6330682Z","xml":"\u003cEvent xmlns=\u0027http://schemas.microsoft.com/win/2004/08/events/event\u0027\u003e\u003cSystem\u003e\u003cProvider Name=\u0027Microsoft-Windows-TCPIP\u0027 Guid=\u0027{2f07e2ee-15db-40f1-90ef-9d7ba282188a}\u0027/\u003e\u003cEventID\u003e1215\u003c/EventID\u003e\u003cVersion\u003e2\u003c/Version\u003e\u003cLevel\u003e4\u003c/Level\u003e\u003cTask\u003e1215\u003c/Task\u003e\u003cOpcode\u003e0\u003c/Opcode\u003e\u003cKeywords\u003e0x8000018300000080\u003c/Keywords\u003e\u003cTimeCreated SystemTime=\u00272026-09-08T22:26:56.6330682Z\u0027/\u003e\u003cEventRecordID\u003e71839\u003c/EventRecordID\u003e\u003cCorrelation ActivityID=\u0027{2f07e2ee-15db-40f1-90ef-9d7ba282188a}\u0027/\u003e\u003cExecution ProcessID=\u00274872\u0027 ThreadID=\u00273300\u0027/\u003e\u003cChannel\u003e\u003c/Channel\u003e\u003cComputer\u003eEC2AMAZ-83E5T32\u003c/Computer\u003e\u003cSecurity/\u003e\u003c/System\u003e\u003cEventData\u003e\u003cData Name=\u0027IPTransportProtocol\u0027\u003e6\u003c/Data\u003e\u003cData Name=\u0027AddressFamily\u0027\u003e23\u003c/Data\u003e\u003cData Name=\u0027Source IPv4 Address\u0027\u003e0\u003c/Data\u003e\u003cData Name=\u0027Dest IPv4 Address\u0027\u003e0\u003c/Data\u003e\u003cData Name=\u0027IPv6SourceIpAddrLength\u0027\u003e16\u003c/Data\u003e\u003cData Name=\u0027IPv6 Source Address\u0027\u003e00000000000000000000000000000001\u003c/Data\u003e\u003cData Name=\u0027IPv6DestIpAddrLength\u0027\u003e16\u003c/Data\u003e\u003cData Name=\u0027IPv6 Dest Address\u0027\u003e00000000000000000000000000000001\u003c/Data\u003e\u003cData Name=\u0027Reason\u0027\u003e256\u003c/Data\u003e\u003cData Name=\u0027PacketCount\u0027\u003e1\u003c/Data\u003e\u003cData Name=\u0027IPProtocol\u0027\u003e6\u003c/Data\u003e\u003cData Name=\u0027SourceAddressLength\u0027\u003e28\u003c/Data\u003e\u003cData Name=\u0027SourceAddress\u0027\u003e17000000000000000000000000000000000000000000000100000000\u003c/Data\u003e\u003cData Name=\u0027DestAddressLength\u0027\u003e28\u003c/Data\u003e\u003cData Name=\u0027DestAddress\u0027\u003e17000000000000000000000000000000000000000000000100000000\u003c/Data\u003e\u003cData Name=\u0027IfIndex\u0027\u003e1\u003c/Data\u003e\u003cData Name=\u0027PathDirection\u0027\u003e1\u003c/Data\u003e\u003cData Name=\u0027Nbl\u0027\u003e0xffffbc829d5ee030\u003c/Data\u003e\u003c/EventData\u003e\u003c/Event\u003e","id":1215}
{"time":"2026-09-08T22:26:58.5057235Z","xml":"\u003cEvent xmlns=\u0027http://schemas.microsoft.com/win/2004/08/events/event\u0027\u003e\u003cSystem\u003e\u003cProvider Name=\u0027Microsoft-Windows-TCPIP\u0027 Guid=\u0027{2f07e2ee-15db-40f1-90ef-9d7ba282188a}\u0027/\u003e\u003cEventID\u003e1215\u003c/EventID\u003e\u003cVersion\u003e2\u003c/Version\u003e\u003cLevel\u003e4\u003c/Level\u003e\u003cTask\u003e1215\u003c/Task\u003e\u003cOpcode\u003e0\u003c/Opcode\u003e\u003cKeywords\u003e0x8000018300000080\u003c/Keywords\u003e\u003cTimeCreated SystemTime=\u00272026-09-08T22:26:58.5057235Z\u0027/\u003e\u003cEventRecordID\u003e73186\u003c/EventRecordID\u003e\u003cCorrelation ActivityID=\u0027{2f07e2ee-15db-40f1-90ef-9d7ba282188a}\u0027/\u003e\u003cExecution ProcessID=\u00272480\u0027 ThreadID=\u00278140\u0027/\u003e\u003cChannel\u003e\u003c/Channel\u003e\u003cComputer\u003eEC2AMAZ-83E5T32\u003c/Computer\u003e\u003cSecurity/\u003e\u003c/System\u003e\u003cEventData\u003e\u003cData Name=\u0027IPTransportProtocol\u0027\u003e0\u003c/Data\u003e\u003cData Name=\u0027AddressFamily\u0027\u003e2\u003c/Data\u003e\u003cData Name=\u0027Source IPv4 Address\u0027\u003e402660780\u003c/Data\u003e\u003cData Name=\u0027Dest IPv4 Address\u0027\u003e1140858284\u003c/Data\u003e\u003cData Name=\u0027IPv6SourceIpAddrLength\u0027\u003e0\u003c/Data\u003e\u003cData Name=\u0027IPv6 Source Address\u0027\u003e\u003c/Data\u003e\u003cData Name=\u0027IPv6DestIpAddrLength\u0027\u003e0\u003c/Data\u003e\u003cData Name=\u0027IPv6 Dest Address\u0027\u003e\u003c/Data\u003e\u003cData Name=\u0027Reason\u0027\u003e2\u003c/Data\u003e\u003cData Name=\u0027PacketCount\u0027\u003e1\u003c/Data\u003e\u003cData Name=\u0027IPProtocol\u0027\u003e4\u003c/Data\u003e\u003cData Name=\u0027SourceAddressLength\u0027\u003e16\u003c/Data\u003e\u003cData Name=\u0027SourceAddress\u0027\u003e02000000AC1D00180000000000000000\u003c/Data\u003e\u003cData Name=\u0027DestAddressLength\u0027\u003e16\u003c/Data\u003e\u003cData Name=\u0027DestAddress\u0027\u003e02000000AC1D00440000000000000000\u003c/Data\u003e\u003cData Name=\u0027IfIndex\u0027\u003e17\u003c/Data\u003e\u003cData Name=\u0027PathDirection\u0027\u003e1\u003c/Data\u003e\u003cData Name=\u0027Nbl\u0027\u003e0xffffbc829afa1610\u003c/Data\u003e\u003c/EventData\u003e\u003c/Event\u003e","id":1215}
{"time":"2026-09-08T22:27:01.3921310Z","xml":"\u003cEvent xmlns=\u0027http://schemas.microsoft.com/win/2004/08/events/event\u0027\u003e\u003cSystem\u003e\u003cProvider Name=\u0027Microsoft-Windows-TCPIP\u0027 Guid=\u0027{2f07e2ee-15db-40f1-90ef-9d7ba282188a}\u0027/\u003e\u003cEventID\u003e1215\u003c/EventID\u003e\u003cVersion\u003e2\u003c/Version\u003e\u003cLevel\u003e4\u003c/Level\u003e\u003cTask\u003e1215\u003c/Task\u003e\u003cOpcode\u003e0\u003c/Opcode\u003e\u003cKeywords\u003e0x8000018300000080\u003c/Keywords\u003e\u003cTimeCreated SystemTime=\u00272026-09-08T22:27:01.3921310Z\u0027/\u003e\u003cEventRecordID\u003e74811\u003c/EventRecordID\u003e\u003cCorrelation ActivityID=\u0027{2f07e2ee-15db-40f1-90ef-9d7ba282188a}\u0027/\u003e\u003cExecution ProcessID=\u00274092\u0027 ThreadID=\u00277060\u0027/\u003e\u003cChannel\u003e\u003c/Channel\u003e\u003cComputer\u003eEC2AMAZ-83E5T32\u003c/Computer\u003e\u003cSecurity/\u003e\u003c/System\u003e\u003cEventData\u003e\u003cData Name=\u0027IPTransportProtocol\u0027\u003e6\u003c/Data\u003e\u003cData Name=\u0027AddressFamily\u0027\u003e23\u003c/Data\u003e\u003cData Name=\u0027Source IPv4 Address\u0027\u003e0\u003c/Data\u003e\u003cData Name=\u0027Dest IPv4 Address\u0027\u003e0\u003c/Data\u003e\u003cData Name=\u0027IPv6SourceIpAddrLength\u0027\u003e16\u003c/Data\u003e\u003cData Name=\u0027IPv6 Source Address\u0027\u003e00000000000000000000000000000001\u003c/Data\u003e\u003cData Name=\u0027IPv6DestIpAddrLength\u0027\u003e16\u003c/Data\u003e\u003cData Name=\u0027IPv6 Dest Address\u0027\u003e00000000000000000000000000000001\u003c/Data\u003e\u003cData Name=\u0027Reason\u0027\u003e256\u003c/Data\u003e\u003cData Name=\u0027PacketCount\u0027\u003e1\u003c/Data\u003e\u003cData Name=\u0027IPProtocol\u0027\u003e6\u003c/Data\u003e\u003cData Name=\u0027SourceAddressLength\u0027\u003e28\u003c/Data\u003e\u003cData Name=\u0027SourceAddress\u0027\u003e17000000000000000000000000000000000000000000000100000000\u003c/Data\u003e\u003cData Name=\u0027DestAddressLength\u0027\u003e28\u003c/Data\u003e\u003cData Name=\u0027DestAddress\u0027\u003e17000000000000000000000000000000000000000000000100000000\u003c/Data\u003e\u003cData Name=\u0027IfIndex\u0027\u003e1\u003c/Data\u003e\u003cData Name=\u0027PathDirection\u0027\u003e1\u003c/Data\u003e\u003cData Name=\u0027Nbl\u0027\u003e0xffffbc82afa87070\u003c/Data\u003e\u003c/EventData\u003e\u003c/Event\u003e","id":1215}
{"time":"2026-09-08T22:27:06.5867160Z","xml":"\u003cEvent xmlns=\u0027http://schemas.microsoft.com/win/2004/08/events/event\u0027\u003e\u003cSystem\u003e\u003cProvider Name=\u0027Microsoft-Windows-TCPIP\u0027 Guid=\u0027{2f07e2ee-15db-40f1-90ef-9d7ba282188a}\u0027/\u003e\u003cEventID\u003e1215\u003c/EventID\u003e\u003cVersion\u003e2\u003c/Version\u003e\u003cLevel\u003e4\u003c/Level\u003e\u003cTask\u003e1215\u003c/Task\u003e\u003cOpcode\u003e0\u003c/Opcode\u003e\u003cKeywords\u003e0x8000018300000080\u003c/Keywords\u003e\u003cTimeCreated SystemTime=\u00272026-09-08T22:27:06.5867160Z\u0027/\u003e\u003cEventRecordID\u003e78278\u003c/EventRecordID\u003e\u003cCorrelation ActivityID=\u0027{2f07e2ee-15db-40f1-90ef-9d7ba282188a}\u0027/\u003e\u003cExecution ProcessID=\u00273452\u0027 ThreadID=\u00273896\u0027/\u003e\u003cChannel\u003e\u003c/Channel\u003e\u003cComputer\u003eEC2AMAZ-83E5T32\u003c/Computer\u003e\u003cSecurity/\u003e\u003c/System\u003e\u003cEventData\u003e\u003cData Name=\u0027IPTransportProtocol\u0027\u003e6\u003c/Data\u003e\u003cData Name=\u0027AddressFamily\u0027\u003e23\u003c/Data\u003e\u003cData Name=\u0027Source IPv4 Address\u0027\u003e0\u003c/Data\u003e\u003cData Name=\u0027Dest IPv4 Address\u0027\u003e0\u003c/Data\u003e\u003cData Name=\u0027IPv6SourceIpAddrLength\u0027\u003e16\u003c/Data\u003e\u003cData Name=\u0027IPv6 Source Address\u0027\u003e00000000000000000000000000000001\u003c/Data\u003e\u003cData Name=\u0027IPv6DestIpAddrLength\u0027\u003e16\u003c/Data\u003e\u003cData Name=\u0027IPv6 Dest Address\u0027\u003e00000000000000000000000000000001\u003c/Data\u003e\u003cData Name=\u0027Reason\u0027\u003e256\u003c/Data\u003e\u003cData Name=\u0027PacketCount\u0027\u003e1\u003c/Data\u003e\u003cData Name=\u0027IPProtocol\u0027\u003e6\u003c/Data\u003e\u003cData Name=\u0027SourceAddressLength\u0027\u003e28\u003c/Data\u003e\u003cData Name=\u0027SourceAddress\u0027\u003e17000000000000000000000000000000000000000000000100000000\u003c/Data\u003e\u003cData Name=\u0027DestAddressLength\u0027\u003e28\u003c/Data\u003e\u003cData Name=\u0027DestAddress\u0027\u003e17000000000000000000000000000000000000000000000100000000\u003c/Data\u003e\u003cData Name=\u0027IfIndex\u0027\u003e1\u003c/Data\u003e\u003cData Name=\u0027PathDirection\u0027\u003e1\u003c/Data\u003e\u003cData Name=\u0027Nbl\u0027\u003e0xffffbc82ab576570\u003c/Data\u003e\u003c/EventData\u003e\u003c/Event\u003e","id":1215}
{"time":"2026-09-08T22:27:11.3893410Z","xml":"\u003cEvent xmlns=\u0027http://schemas.microsoft.com/win/2004/08/events/event\u0027\u003e\u003cSystem\u003e\u003cProvider Name=\u0027Microsoft-Windows-TCPIP\u0027 Guid=\u0027{2f07e2ee-15db-40f1-90ef-9d7ba282188a}\u0027/\u003e\u003cEventID\u003e1215\u003c/EventID\u003e\u003cVersion\u003e2\u003c/Version\u003e\u003cLevel\u003e4\u003c/Level\u003e\u003cTask\u003e1215\u003c/Task\u003e\u003cOpcode\u003e0\u003c/Opcode\u003e\u003cKeywords\u003e0x8000018300000080\u003c/Keywords\u003e\u003cTimeCreated SystemTime=\u00272026-09-08T22:27:11.3893410Z\u0027/\u003e\u003cEventRecordID\u003e79721\u003c/EventRecordID\u003e\u003cCorrelation ActivityID=\u0027{2f07e2ee-15db-40f1-90ef-9d7ba282188a}\u0027/\u003e\u003cExecution ProcessID=\u00277660\u0027 ThreadID=\u00275480\u0027/\u003e\u003cChannel\u003e\u003c/Channel\u003e\u003cComputer\u003eEC2AMAZ-83E5T32\u003c/Computer\u003e\u003cSecurity/\u003e\u003c/System\u003e\u003cEventData\u003e\u003cData Name=\u0027IPTransportProtocol\u0027\u003e6\u003c/Data\u003e\u003cData Name=\u0027AddressFamily\u0027\u003e23\u003c/Data\u003e\u003cData Name=\u0027Source IPv4 Address\u0027\u003e0\u003c/Data\u003e\u003cData Name=\u0027Dest IPv4 Address\u0027\u003e0\u003c/Data\u003e\u003cData Name=\u0027IPv6SourceIpAddrLength\u0027\u003e16\u003c/Data\u003e\u003cData Name=\u0027IPv6 Source Address\u0027\u003e00000000000000000000000000000001\u003c/Data\u003e\u003cData Name=\u0027IPv6DestIpAddrLength\u0027\u003e16\u003c/Data\u003e\u003cData Name=\u0027IPv6 Dest Address\u0027\u003e00000000000000000000000000000001\u003c/Data\u003e\u003cData Name=\u0027Reason\u0027\u003e256\u003c/Data\u003e\u003cData Name=\u0027PacketCount\u0027\u003e1\u003c/Data\u003e\u003cData Name=\u0027IPProtocol\u0027\u003e6\u003c/Data\u003e\u003cData Name=\u0027SourceAddressLength\u0027\u003e28\u003c/Data\u003e\u003cData Name=\u0027SourceAddress\u0027\u003e17000000000000000000000000000000000000000000000100000000\u003c/Data\u003e\u003cData Name=\u0027DestAddressLength\u0027\u003e28\u003c/Data\u003e\u003cData Name=\u0027DestAddress\u0027\u003e17000000000000000000000000000000000000000000000100000000\u003c/Data\u003e\u003cData Name=\u0027IfIndex\u0027\u003e1\u003c/Data\u003e\u003cData Name=\u0027PathDirection\u0027\u003e1\u003c/Data\u003e\u003cData Name=\u0027Nbl\u0027\u003e0xffffbc82a6954ba0\u003c/Data\u003e\u003c/EventData\u003e\u003c/Event\u003e","id":1215}
{"time":"2026-09-08T22:27:16.5786014Z","xml":"\u003cEvent xmlns=\u0027http://schemas.microsoft.com/win/2004/08/events/event\u0027\u003e\u003cSystem\u003e\u003cProvider Name=\u0027Microsoft-Windows-TCPIP\u0027 Guid=\u0027{2f07e2ee-15db-40f1-90ef-9d7ba282188a}\u0027/\u003e\u003cEventID\u003e1215\u003c/EventID\u003e\u003cVersion\u003e2\u003c/Version\u003e\u003cLevel\u003e4\u003c/Level\u003e\u003cTask\u003e1215\u003c/Task\u003e\u003cOpcode\u003e0\u003c/Opcode\u003e\u003cKeywords\u003e0x8000018300000080\u003c/Keywords\u003e\u003cTimeCreated SystemTime=\u00272026-09-08T22:27:16.5786014Z\u0027/\u003e\u003cEventRecordID\u003e79950\u003c/EventRecordID\u003e\u003cCorrelation ActivityID=\u0027{2f07e2ee-15db-40f1-90ef-9d7ba282188a}\u0027/\u003e\u003cExecution ProcessID=\u00275404\u0027 ThreadID=\u00276380\u0027/\u003e\u003cChannel\u003e\u003c/Channel\u003e\u003cComputer\u003eEC2AMAZ-83E5T32\u003c/Computer\u003e\u003cSecurity/\u003e\u003c/System\u003e\u003cEventData\u003e\u003cData Name=\u0027IPTransportProtocol\u0027\u003e6\u003c/Data\u003e\u003cData Name=\u0027AddressFamily\u0027\u003e23\u003c/Data\u003e\u003cData Name=\u0027Source IPv4 Address\u0027\u003e0\u003c/Data\u003e\u003cData Name=\u0027Dest IPv4 Address\u0027\u003e0\u003c/Data\u003e\u003cData Name=\u0027IPv6SourceIpAddrLength\u0027\u003e16\u003c/Data\u003e\u003cData Name=\u0027IPv6 Source Address\u0027\u003e00000000000000000000000000000001\u003c/Data\u003e\u003cData Name=\u0027IPv6DestIpAddrLength\u0027\u003e16\u003c/Data\u003e\u003cData Name=\u0027IPv6 Dest Address\u0027\u003e00000000000000000000000000000001\u003c/Data\u003e\u003cData Name=\u0027Reason\u0027\u003e256\u003c/Data\u003e\u003cData Name=\u0027PacketCount\u0027\u003e1\u003c/Data\u003e\u003cData Name=\u0027IPProtocol\u0027\u003e6\u003c/Data\u003e\u003cData Name=\u0027SourceAddressLength\u0027\u003e28\u003c/Data\u003e\u003cData Name=\u0027SourceAddress\u0027\u003e17000000000000000000000000000000000000000000000100000000\u003c/Data\u003e\u003cData Name=\u0027DestAddressLength\u0027\u003e28\u003c/Data\u003e\u003cData Name=\u0027DestAddress\u0027\u003e17000000000000000000000000000000000000000000000100000000\u003c/Data\u003e\u003cData Name=\u0027IfIndex\u0027\u003e1\u003c/Data\u003e\u003cData Name=\u0027PathDirection\u0027\u003e1\u003c/Data\u003e\u003cData Name=\u0027Nbl\u0027\u003e0xffffbc82a7ac7c20\u003c/Data\u003e\u003c/EventData\u003e\u003c/Event\u003e","id":1215}
